{"D:\\Github\\Flat.Simplex\\SimplexApp\\simplex\\lexer\\Key.js": {"path":"D:\\Github\\Flat.Simplex\\SimplexApp\\simplex\\lexer\\Key.js","statementMap":{"0":{"start":{"line":3,"column":8},"end":{"line":3,"column":25}},"1":{"start":{"line":4,"column":8},"end":{"line":4,"column":50}},"2":{"start":{"line":8,"column":8},"end":{"line":8,"column":30}},"3":{"start":{"line":8,"column":20},"end":{"line":8,"column":30}},"4":{"start":{"line":9,"column":8},"end":{"line":9,"column":35}},"5":{"start":{"line":9,"column":18},"end":{"line":9,"column":35}},"6":{"start":{"line":11,"column":19},"end":{"line":11,"column":20}},"7":{"start":{"line":12,"column":8},"end":{"line":12,"column":42}},"8":{"start":{"line":12,"column":30},"end":{"line":12,"column":42}},"9":{"start":{"line":13,"column":8},"end":{"line":16,"column":9}},"10":{"start":{"line":13,"column":21},"end":{"line":13,"column":26}},"11":{"start":{"line":14,"column":12},"end":{"line":14,"column":60}},"12":{"start":{"line":15,"column":12},"end":{"line":15,"column":31}},"13":{"start":{"line":17,"column":8},"end":{"line":17,"column":20}},"14":{"start":{"line":21,"column":8},"end":{"line":28,"column":9}},"15":{"start":{"line":22,"column":12},"end":{"line":22,"column":33}},"16":{"start":{"line":23,"column":12},"end":{"line":27,"column":13}},"17":{"start":{"line":24,"column":16},"end":{"line":26,"column":17}},"18":{"start":{"line":25,"column":20},"end":{"line":25,"column":63}},"19":{"start":{"line":29,"column":18},"end":{"line":29,"column":60}},"20":{"start":{"line":30,"column":8},"end":{"line":30,"column":32}},"21":{"start":{"line":34,"column":0},"end":{"line":34,"column":26}},"22":{"start":{"line":35,"column":0},"end":{"line":35,"column":23}},"23":{"start":{"line":36,"column":0},"end":{"line":36,"column":25}},"24":{"start":{"line":37,"column":0},"end":{"line":37,"column":25}},"25":{"start":{"line":38,"column":0},"end":{"line":38,"column":23}},"26":{"start":{"line":39,"column":0},"end":{"line":39,"column":27}},"27":{"start":{"line":40,"column":0},"end":{"line":40,"column":31}},"28":{"start":{"line":41,"column":0},"end":{"line":41,"column":27}},"29":{"start":{"line":42,"column":0},"end":{"line":42,"column":33}},"30":{"start":{"line":43,"column":0},"end":{"line":43,"column":29}},"31":{"start":{"line":44,"column":0},"end":{"line":44,"column":25}},"32":{"start":{"line":45,"column":0},"end":{"line":45,"column":23}},"33":{"start":{"line":46,"column":0},"end":{"line":46,"column":29}},"34":{"start":{"line":47,"column":0},"end":{"line":47,"column":35}},"35":{"start":{"line":48,"column":0},"end":{"line":48,"column":31}},"36":{"start":{"line":49,"column":0},"end":{"line":49,"column":27}},"37":{"start":{"line":50,"column":0},"end":{"line":50,"column":25}},"38":{"start":{"line":51,"column":0},"end":{"line":51,"column":35}},"39":{"start":{"line":52,"column":0},"end":{"line":52,"column":37}},"40":{"start":{"line":53,"column":0},"end":{"line":53,"column":27}},"41":{"start":{"line":54,"column":0},"end":{"line":54,"column":29}},"42":{"start":{"line":55,"column":0},"end":{"line":55,"column":31}},"43":{"start":{"line":56,"column":0},"end":{"line":56,"column":27}},"44":{"start":{"line":57,"column":0},"end":{"line":57,"column":25}},"45":{"start":{"line":58,"column":0},"end":{"line":58,"column":26}},"46":{"start":{"line":59,"column":0},"end":{"line":59,"column":25}},"47":{"start":{"line":60,"column":0},"end":{"line":60,"column":26}},"48":{"start":{"line":61,"column":0},"end":{"line":61,"column":25}},"49":{"start":{"line":62,"column":0},"end":{"line":62,"column":26}},"50":{"start":{"line":63,"column":0},"end":{"line":63,"column":23}},"51":{"start":{"line":64,"column":0},"end":{"line":64,"column":25}},"52":{"start":{"line":65,"column":0},"end":{"line":65,"column":29}},"53":{"start":{"line":66,"column":0},"end":{"line":66,"column":29}},"54":{"start":{"line":67,"column":0},"end":{"line":67,"column":29}},"55":{"start":{"line":68,"column":0},"end":{"line":68,"column":26}},"56":{"start":{"line":69,"column":0},"end":{"line":69,"column":26}},"57":{"start":{"line":70,"column":0},"end":{"line":70,"column":26}},"58":{"start":{"line":71,"column":0},"end":{"line":71,"column":26}},"59":{"start":{"line":72,"column":0},"end":{"line":72,"column":26}},"60":{"start":{"line":73,"column":0},"end":{"line":73,"column":27}},"61":{"start":{"line":74,"column":0},"end":{"line":74,"column":27}},"62":{"start":{"line":75,"column":0},"end":{"line":75,"column":27}},"63":{"start":{"line":76,"column":0},"end":{"line":76,"column":27}},"64":{"start":{"line":77,"column":0},"end":{"line":77,"column":26}},"65":{"start":{"line":78,"column":0},"end":{"line":78,"column":27}},"66":{"start":{"line":79,"column":0},"end":{"line":79,"column":27}},"67":{"start":{"line":80,"column":0},"end":{"line":80,"column":31}},"68":{"start":{"line":81,"column":0},"end":{"line":81,"column":31}},"69":{"start":{"line":82,"column":0},"end":{"line":82,"column":31}},"70":{"start":{"line":83,"column":0},"end":{"line":83,"column":31}},"71":{"start":{"line":84,"column":0},"end":{"line":84,"column":31}},"72":{"start":{"line":85,"column":0},"end":{"line":85,"column":32}},"73":{"start":{"line":86,"column":0},"end":{"line":86,"column":32}},"74":{"start":{"line":87,"column":0},"end":{"line":87,"column":26}},"75":{"start":{"line":88,"column":0},"end":{"line":88,"column":27}},"76":{"start":{"line":89,"column":0},"end":{"line":89,"column":25}},"77":{"start":{"line":90,"column":0},"end":{"line":90,"column":27}},"78":{"start":{"line":91,"column":0},"end":{"line":91,"column":25}},"79":{"start":{"line":92,"column":0},"end":{"line":92,"column":27}},"80":{"start":{"line":93,"column":0},"end":{"line":93,"column":27}},"81":{"start":{"line":94,"column":0},"end":{"line":94,"column":27}},"82":{"start":{"line":95,"column":0},"end":{"line":95,"column":26}},"83":{"start":{"line":96,"column":0},"end":{"line":96,"column":28}},"84":{"start":{"line":97,"column":0},"end":{"line":97,"column":27}},"85":{"start":{"line":98,"column":0},"end":{"line":98,"column":23}},"86":{"start":{"line":99,"column":0},"end":{"line":99,"column":16}},"87":{"start":{"line":101,"column":0},"end":{"line":101,"column":21}}},"fnMap":{"0":{"name":"(anonymous_0)","decl":{"start":{"line":2,"column":4},"end":{"line":2,"column":5}},"loc":{"start":{"line":2,"column":37},"end":{"line":5,"column":5}},"line":2},"1":{"name":"(anonymous_1)","decl":{"start":{"line":7,"column":4},"end":{"line":7,"column":5}},"loc":{"start":{"line":7,"column":37},"end":{"line":18,"column":5}},"line":7},"2":{"name":"(anonymous_2)","decl":{"start":{"line":20,"column":4},"end":{"line":20,"column":5}},"loc":{"start":{"line":20,"column":39},"end":{"line":31,"column":5}},"line":20}},"branchMap":{"0":{"loc":{"start":{"line":4,"column":18},"end":{"line":4,"column":49}},"type":"cond-expr","locations":[{"start":{"line":4,"column":33},"end":{"line":4,"column":45}},{"start":{"line":4,"column":48},"end":{"line":4,"column":49}}],"line":4},"1":{"loc":{"start":{"line":8,"column":8},"end":{"line":8,"column":30}},"type":"if","locations":[{"start":{"line":8,"column":8},"end":{"line":8,"column":30}},{"start":{},"end":{}}],"line":8},"2":{"loc":{"start":{"line":9,"column":8},"end":{"line":9,"column":35}},"type":"if","locations":[{"start":{"line":9,"column":8},"end":{"line":9,"column":35}},{"start":{},"end":{}}],"line":9},"3":{"loc":{"start":{"line":12,"column":8},"end":{"line":12,"column":42}},"type":"if","locations":[{"start":{"line":12,"column":8},"end":{"line":12,"column":42}},{"start":{},"end":{}}],"line":12},"4":{"loc":{"start":{"line":21,"column":8},"end":{"line":28,"column":9}},"type":"if","locations":[{"start":{"line":21,"column":8},"end":{"line":28,"column":9}},{"start":{},"end":{}}],"line":21},"5":{"loc":{"start":{"line":24,"column":16},"end":{"line":26,"column":17}},"type":"if","locations":[{"start":{"line":24,"column":16},"end":{"line":26,"column":17}},{"start":{},"end":{}}],"line":24},"6":{"loc":{"start":{"line":24,"column":20},"end":{"line":24,"column":59}},"type":"binary-expr","locations":[{"start":{"line":24,"column":20},"end":{"line":24,"column":40}},{"start":{"line":24,"column":44},"end":{"line":24,"column":59}}],"line":24},"7":{"loc":{"start":{"line":30,"column":15},"end":{"line":30,"column":31}},"type":"cond-expr","locations":[{"start":{"line":30,"column":21},"end":{"line":30,"column":24}},{"start":{"line":30,"column":27},"end":{"line":30,"column":31}}],"line":30}},"s":{"0":1950,"1":1950,"2":4490,"3":2414,"4":4490,"5":1885,"6":4490,"7":4490,"8":116,"9":4374,"10":4374,"11":9721,"12":9721,"13":4374,"14":2605,"15":29,"16":29,"17":1914,"18":1885,"19":2605,"20":2605,"21":30,"22":30,"23":30,"24":30,"25":30,"26":30,"27":30,"28":30,"29":30,"30":30,"31":30,"32":30,"33":30,"34":30,"35":30,"36":30,"37":30,"38":30,"39":30,"40":30,"41":30,"42":30,"43":30,"44":30,"45":30,"46":30,"47":30,"48":30,"49":30,"50":30,"51":30,"52":30,"53":30,"54":30,"55":30,"56":30,"57":30,"58":30,"59":30,"60":30,"61":30,"62":30,"63":30,"64":30,"65":30,"66":30,"67":30,"68":30,"69":30,"70":30,"71":30,"72":30,"73":30,"74":30,"75":30,"76":30,"77":30,"78":30,"79":30,"80":30,"81":30,"82":30,"83":30,"84":30,"85":30,"86":30,"87":30},"f":{"0":1950,"1":4490,"2":2605},"b":{"0":[960,990],"1":[2414,2076],"2":[1885,2605],"3":[116,4374],"4":[29,2576],"5":[1885,29],"6":[1914,1885],"7":[2026,579]},"_coverageSchema":"1a1c01bbd47fc00a2c39e90264f33305004495a9","hash":"259d390f55c3702a8bd7d8009263b9235cca8c38"}
,"D:\\Github\\Flat.Simplex\\SimplexApp\\simplex\\lexer\\Lexer.js": {"path":"D:\\Github\\Flat.Simplex\\SimplexApp\\simplex\\lexer\\Lexer.js","statementMap":{"0":{"start":{"line":5,"column":8},"end":{"line":5,"column":21}},"1":{"start":{"line":6,"column":8},"end":{"line":6,"column":22}},"2":{"start":{"line":7,"column":8},"end":{"line":7,"column":23}},"3":{"start":{"line":8,"column":8},"end":{"line":8,"column":27}},"4":{"start":{"line":9,"column":8},"end":{"line":9,"column":29}},"5":{"start":{"line":10,"column":8},"end":{"line":10,"column":28}},"6":{"start":{"line":14,"column":20},"end":{"line":14,"column":35}},"7":{"start":{"line":15,"column":20},"end":{"line":15,"column":25}},"8":{"start":{"line":16,"column":8},"end":{"line":19,"column":9}},"9":{"start":{"line":17,"column":12},"end":{"line":17,"column":43}},"10":{"start":{"line":18,"column":12},"end":{"line":18,"column":36}},"11":{"start":{"line":20,"column":8},"end":{"line":20,"column":21}},"12":{"start":{"line":24,"column":8},"end":{"line":24,"column":48}},"13":{"start":{"line":28,"column":8},"end":{"line":67,"column":9}},"14":{"start":{"line":29,"column":12},"end":{"line":41,"column":13}},"15":{"start":{"line":30,"column":16},"end":{"line":30,"column":37}},"16":{"start":{"line":31,"column":16},"end":{"line":31,"column":25}},"17":{"start":{"line":33,"column":19},"end":{"line":41,"column":13}},"18":{"start":{"line":34,"column":16},"end":{"line":34,"column":46}},"19":{"start":{"line":35,"column":16},"end":{"line":35,"column":25}},"20":{"start":{"line":37,"column":19},"end":{"line":41,"column":13}},"21":{"start":{"line":38,"column":16},"end":{"line":38,"column":47}},"22":{"start":{"line":39,"column":16},"end":{"line":39,"column":25}},"23":{"start":{"line":43,"column":12},"end":{"line":66,"column":13}},"24":{"start":{"line":44,"column":16},"end":{"line":44,"column":44}},"25":{"start":{"line":46,"column":19},"end":{"line":66,"column":13}},"26":{"start":{"line":47,"column":16},"end":{"line":47,"column":45}},"27":{"start":{"line":49,"column":19},"end":{"line":66,"column":13}},"28":{"start":{"line":50,"column":16},"end":{"line":50,"column":43}},"29":{"start":{"line":52,"column":19},"end":{"line":66,"column":13}},"30":{"start":{"line":53,"column":16},"end":{"line":53,"column":45}},"31":{"start":{"line":55,"column":19},"end":{"line":66,"column":13}},"32":{"start":{"line":56,"column":16},"end":{"line":56,"column":45}},"33":{"start":{"line":58,"column":19},"end":{"line":66,"column":13}},"34":{"start":{"line":59,"column":16},"end":{"line":59,"column":47}},"35":{"start":{"line":61,"column":19},"end":{"line":66,"column":13}},"36":{"start":{"line":62,"column":16},"end":{"line":62,"column":47}},"37":{"start":{"line":65,"column":16},"end":{"line":65,"column":47}},"38":{"start":{"line":68,"column":8},"end":{"line":68,"column":20}},"39":{"start":{"line":72,"column":8},"end":{"line":72,"column":36}},"40":{"start":{"line":73,"column":8},"end":{"line":80,"column":9}},"41":{"start":{"line":74,"column":12},"end":{"line":74,"column":25}},"42":{"start":{"line":75,"column":12},"end":{"line":75,"column":26}},"43":{"start":{"line":77,"column":12},"end":{"line":77,"column":59}},"44":{"start":{"line":78,"column":12},"end":{"line":78,"column":72}},"45":{"start":{"line":79,"column":12},"end":{"line":79,"column":106}},"46":{"start":{"line":84,"column":8},"end":{"line":86,"column":9}},"47":{"start":{"line":85,"column":12},"end":{"line":85,"column":32}},"48":{"start":{"line":90,"column":8},"end":{"line":90,"column":28}},"49":{"start":{"line":91,"column":8},"end":{"line":91,"column":28}},"50":{"start":{"line":92,"column":8},"end":{"line":98,"column":9}},"51":{"start":{"line":93,"column":12},"end":{"line":96,"column":13}},"52":{"start":{"line":94,"column":16},"end":{"line":94,"column":36}},"53":{"start":{"line":95,"column":16},"end":{"line":95,"column":23}},"54":{"start":{"line":97,"column":12},"end":{"line":97,"column":32}},"55":{"start":{"line":102,"column":8},"end":{"line":102,"column":28}},"56":{"start":{"line":103,"column":8},"end":{"line":103,"column":28}},"57":{"start":{"line":104,"column":8},"end":{"line":111,"column":9}},"58":{"start":{"line":105,"column":12},"end":{"line":109,"column":13}},"59":{"start":{"line":106,"column":16},"end":{"line":106,"column":36}},"60":{"start":{"line":107,"column":16},"end":{"line":107,"column":36}},"61":{"start":{"line":108,"column":16},"end":{"line":108,"column":23}},"62":{"start":{"line":110,"column":12},"end":{"line":110,"column":32}},"63":{"start":{"line":115,"column":8},"end":{"line":117,"column":9}},"64":{"start":{"line":116,"column":12},"end":{"line":116,"column":36}},"65":{"start":{"line":118,"column":8},"end":{"line":120,"column":9}},"66":{"start":{"line":119,"column":12},"end":{"line":119,"column":36}},"67":{"start":{"line":121,"column":8},"end":{"line":123,"column":9}},"68":{"start":{"line":122,"column":12},"end":{"line":122,"column":36}},"69":{"start":{"line":124,"column":8},"end":{"line":124,"column":21}},"70":{"start":{"line":128,"column":16},"end":{"line":128,"column":26}},"71":{"start":{"line":129,"column":8},"end":{"line":129,"column":28}},"72":{"start":{"line":130,"column":18},"end":{"line":130,"column":57}},"73":{"start":{"line":131,"column":20},"end":{"line":131,"column":91}},"74":{"start":{"line":132,"column":19},"end":{"line":132,"column":34}},"75":{"start":{"line":133,"column":20},"end":{"line":133,"column":24}},"76":{"start":{"line":134,"column":20},"end":{"line":134,"column":24}},"77":{"start":{"line":135,"column":8},"end":{"line":147,"column":9}},"78":{"start":{"line":136,"column":12},"end":{"line":140,"column":13}},"79":{"start":{"line":137,"column":16},"end":{"line":137,"column":29}},"80":{"start":{"line":139,"column":16},"end":{"line":139,"column":36}},"81":{"start":{"line":141,"column":12},"end":{"line":141,"column":25}},"82":{"start":{"line":142,"column":12},"end":{"line":145,"column":13}},"83":{"start":{"line":143,"column":16},"end":{"line":143,"column":42}},"84":{"start":{"line":144,"column":16},"end":{"line":144,"column":22}},"85":{"start":{"line":146,"column":12},"end":{"line":146,"column":35}},"86":{"start":{"line":148,"column":8},"end":{"line":148,"column":30}},"87":{"start":{"line":149,"column":8},"end":{"line":149,"column":21}},"88":{"start":{"line":153,"column":20},"end":{"line":153,"column":30}},"89":{"start":{"line":154,"column":8},"end":{"line":154,"column":28}},"90":{"start":{"line":155,"column":18},"end":{"line":155,"column":61}},"91":{"start":{"line":156,"column":8},"end":{"line":156,"column":91}},"92":{"start":{"line":160,"column":20},"end":{"line":160,"column":30}},"93":{"start":{"line":161,"column":8},"end":{"line":163,"column":9}},"94":{"start":{"line":162,"column":12},"end":{"line":162,"column":32}},"95":{"start":{"line":164,"column":18},"end":{"line":164,"column":61}},"96":{"start":{"line":165,"column":8},"end":{"line":165,"column":88}},"97":{"start":{"line":169,"column":20},"end":{"line":169,"column":30}},"98":{"start":{"line":170,"column":8},"end":{"line":181,"column":9}},"99":{"start":{"line":171,"column":12},"end":{"line":180,"column":13}},"100":{"start":{"line":172,"column":16},"end":{"line":172,"column":36}},"101":{"start":{"line":173,"column":16},"end":{"line":173,"column":36}},"102":{"start":{"line":175,"column":16},"end":{"line":179,"column":17}},"103":{"start":{"line":176,"column":20},"end":{"line":176,"column":40}},"104":{"start":{"line":178,"column":20},"end":{"line":178,"column":26}},"105":{"start":{"line":182,"column":8},"end":{"line":182,"column":69}},"106":{"start":{"line":186,"column":20},"end":{"line":186,"column":28}},"107":{"start":{"line":187,"column":20},"end":{"line":187,"column":30}},"108":{"start":{"line":188,"column":21},"end":{"line":188,"column":26}},"109":{"start":{"line":189,"column":8},"end":{"line":189,"column":28}},"110":{"start":{"line":190,"column":8},"end":{"line":200,"column":9}},"111":{"start":{"line":191,"column":12},"end":{"line":198,"column":13}},"112":{"start":{"line":192,"column":16},"end":{"line":192,"column":33}},"113":{"start":{"line":194,"column":16},"end":{"line":197,"column":17}},"114":{"start":{"line":195,"column":20},"end":{"line":195,"column":40}},"115":{"start":{"line":196,"column":20},"end":{"line":196,"column":26}},"116":{"start":{"line":199,"column":12},"end":{"line":199,"column":32}},"117":{"start":{"line":201,"column":8},"end":{"line":201,"column":69}},"118":{"start":{"line":205,"column":20},"end":{"line":205,"column":30}},"119":{"start":{"line":206,"column":8},"end":{"line":206,"column":28}},"120":{"start":{"line":207,"column":18},"end":{"line":207,"column":61}},"121":{"start":{"line":208,"column":8},"end":{"line":208,"column":91}},"122":{"start":{"line":212,"column":20},"end":{"line":212,"column":30}},"123":{"start":{"line":213,"column":8},"end":{"line":215,"column":9}},"124":{"start":{"line":214,"column":12},"end":{"line":214,"column":32}},"125":{"start":{"line":216,"column":18},"end":{"line":216,"column":61}},"126":{"start":{"line":217,"column":8},"end":{"line":217,"column":91}},"127":{"start":{"line":221,"column":20},"end":{"line":221,"column":30}},"128":{"start":{"line":222,"column":8},"end":{"line":224,"column":9}},"129":{"start":{"line":223,"column":12},"end":{"line":223,"column":32}},"130":{"start":{"line":225,"column":8},"end":{"line":225,"column":70}},"131":{"start":{"line":229,"column":8},"end":{"line":229,"column":60}},"132":{"start":{"line":234,"column":8},"end":{"line":234,"column":40}},"133":{"start":{"line":239,"column":8},"end":{"line":239,"column":83}},"134":{"start":{"line":244,"column":8},"end":{"line":244,"column":55}},"135":{"start":{"line":249,"column":8},"end":{"line":249,"column":55}},"136":{"start":{"line":256,"column":8},"end":{"line":258,"column":55}},"137":{"start":{"line":263,"column":8},"end":{"line":263,"column":54}},"138":{"start":{"line":268,"column":8},"end":{"line":268,"column":40}},"139":{"start":{"line":272,"column":8},"end":{"line":274,"column":55}},"140":{"start":{"line":278,"column":8},"end":{"line":278,"column":58}},"141":{"start":{"line":285,"column":8},"end":{"line":287,"column":66}},"142":{"start":{"line":291,"column":0},"end":{"line":291,"column":23}},"143":{"start":{"line":292,"column":0},"end":{"line":292,"column":38}},"144":{"start":{"line":293,"column":0},"end":{"line":293,"column":42}}},"fnMap":{"0":{"name":"(anonymous_0)","decl":{"start":{"line":4,"column":4},"end":{"line":4,"column":5}},"loc":{"start":{"line":4,"column":24},"end":{"line":11,"column":5}},"line":4},"1":{"name":"(anonymous_1)","decl":{"start":{"line":13,"column":4},"end":{"line":13,"column":5}},"loc":{"start":{"line":13,"column":11},"end":{"line":21,"column":5}},"line":13},"2":{"name":"(anonymous_2)","decl":{"start":{"line":23,"column":4},"end":{"line":23,"column":5}},"loc":{"start":{"line":23,"column":10},"end":{"line":25,"column":5}},"line":23},"3":{"name":"(anonymous_3)","decl":{"start":{"line":27,"column":4},"end":{"line":27,"column":5}},"loc":{"start":{"line":27,"column":15},"end":{"line":69,"column":5}},"line":27},"4":{"name":"(anonymous_4)","decl":{"start":{"line":71,"column":4},"end":{"line":71,"column":5}},"loc":{"start":{"line":71,"column":19},"end":{"line":81,"column":5}},"line":71},"5":{"name":"(anonymous_5)","decl":{"start":{"line":83,"column":4},"end":{"line":83,"column":5}},"loc":{"start":{"line":83,"column":20},"end":{"line":87,"column":5}},"line":83},"6":{"name":"(anonymous_6)","decl":{"start":{"line":89,"column":4},"end":{"line":89,"column":5}},"loc":{"start":{"line":89,"column":29},"end":{"line":99,"column":5}},"line":89},"7":{"name":"(anonymous_7)","decl":{"start":{"line":101,"column":4},"end":{"line":101,"column":5}},"loc":{"start":{"line":101,"column":30},"end":{"line":112,"column":5}},"line":101},"8":{"name":"(anonymous_8)","decl":{"start":{"line":114,"column":4},"end":{"line":114,"column":5}},"loc":{"start":{"line":114,"column":22},"end":{"line":125,"column":5}},"line":114},"9":{"name":"(anonymous_9)","decl":{"start":{"line":127,"column":4},"end":{"line":127,"column":5}},"loc":{"start":{"line":127,"column":20},"end":{"line":150,"column":5}},"line":127},"10":{"name":"(anonymous_10)","decl":{"start":{"line":152,"column":4},"end":{"line":152,"column":5}},"loc":{"start":{"line":152,"column":21},"end":{"line":157,"column":5}},"line":152},"11":{"name":"(anonymous_11)","decl":{"start":{"line":159,"column":4},"end":{"line":159,"column":5}},"loc":{"start":{"line":159,"column":19},"end":{"line":166,"column":5}},"line":159},"12":{"name":"(anonymous_12)","decl":{"start":{"line":168,"column":4},"end":{"line":168,"column":5}},"loc":{"start":{"line":168,"column":21},"end":{"line":183,"column":5}},"line":168},"13":{"name":"(anonymous_13)","decl":{"start":{"line":185,"column":4},"end":{"line":185,"column":5}},"loc":{"start":{"line":185,"column":21},"end":{"line":202,"column":5}},"line":185},"14":{"name":"(anonymous_14)","decl":{"start":{"line":204,"column":4},"end":{"line":204,"column":5}},"loc":{"start":{"line":204,"column":23},"end":{"line":209,"column":5}},"line":204},"15":{"name":"(anonymous_15)","decl":{"start":{"line":211,"column":4},"end":{"line":211,"column":5}},"loc":{"start":{"line":211,"column":23},"end":{"line":218,"column":5}},"line":211},"16":{"name":"(anonymous_16)","decl":{"start":{"line":220,"column":4},"end":{"line":220,"column":5}},"loc":{"start":{"line":220,"column":23},"end":{"line":226,"column":5}},"line":220},"17":{"name":"(anonymous_17)","decl":{"start":{"line":228,"column":4},"end":{"line":228,"column":5}},"loc":{"start":{"line":228,"column":24},"end":{"line":230,"column":5}},"line":228},"18":{"name":"(anonymous_18)","decl":{"start":{"line":232,"column":4},"end":{"line":232,"column":5}},"loc":{"start":{"line":232,"column":25},"end":{"line":235,"column":5}},"line":232},"19":{"name":"(anonymous_19)","decl":{"start":{"line":237,"column":4},"end":{"line":237,"column":5}},"loc":{"start":{"line":237,"column":25},"end":{"line":240,"column":5}},"line":237},"20":{"name":"(anonymous_20)","decl":{"start":{"line":242,"column":4},"end":{"line":242,"column":5}},"loc":{"start":{"line":242,"column":25},"end":{"line":245,"column":5}},"line":242},"21":{"name":"(anonymous_21)","decl":{"start":{"line":247,"column":4},"end":{"line":247,"column":5}},"loc":{"start":{"line":247,"column":26},"end":{"line":250,"column":5}},"line":247},"22":{"name":"(anonymous_22)","decl":{"start":{"line":252,"column":4},"end":{"line":252,"column":5}},"loc":{"start":{"line":252,"column":27},"end":{"line":259,"column":5}},"line":252},"23":{"name":"(anonymous_23)","decl":{"start":{"line":261,"column":4},"end":{"line":261,"column":5}},"loc":{"start":{"line":261,"column":27},"end":{"line":264,"column":5}},"line":261},"24":{"name":"(anonymous_24)","decl":{"start":{"line":266,"column":4},"end":{"line":266,"column":5}},"loc":{"start":{"line":266,"column":23},"end":{"line":269,"column":5}},"line":266},"25":{"name":"(anonymous_25)","decl":{"start":{"line":271,"column":4},"end":{"line":271,"column":5}},"loc":{"start":{"line":271,"column":28},"end":{"line":275,"column":5}},"line":271},"26":{"name":"(anonymous_26)","decl":{"start":{"line":277,"column":4},"end":{"line":277,"column":5}},"loc":{"start":{"line":277,"column":23},"end":{"line":279,"column":5}},"line":277},"27":{"name":"(anonymous_27)","decl":{"start":{"line":281,"column":4},"end":{"line":281,"column":5}},"loc":{"start":{"line":281,"column":26},"end":{"line":288,"column":5}},"line":281}},"branchMap":{"0":{"loc":{"start":{"line":29,"column":12},"end":{"line":41,"column":13}},"type":"if","locations":[{"start":{"line":29,"column":12},"end":{"line":41,"column":13}},{"start":{"line":33,"column":19},"end":{"line":41,"column":13}}],"line":29},"1":{"loc":{"start":{"line":33,"column":19},"end":{"line":41,"column":13}},"type":"if","locations":[{"start":{"line":33,"column":19},"end":{"line":41,"column":13}},{"start":{"line":37,"column":19},"end":{"line":41,"column":13}}],"line":33},"2":{"loc":{"start":{"line":33,"column":23},"end":{"line":33,"column":58}},"type":"binary-expr","locations":[{"start":{"line":33,"column":23},"end":{"line":33,"column":38}},{"start":{"line":33,"column":42},"end":{"line":33,"column":58}}],"line":33},"3":{"loc":{"start":{"line":37,"column":19},"end":{"line":41,"column":13}},"type":"if","locations":[{"start":{"line":37,"column":19},"end":{"line":41,"column":13}},{"start":{},"end":{}}],"line":37},"4":{"loc":{"start":{"line":37,"column":23},"end":{"line":37,"column":58}},"type":"binary-expr","locations":[{"start":{"line":37,"column":23},"end":{"line":37,"column":38}},{"start":{"line":37,"column":42},"end":{"line":37,"column":58}}],"line":37},"5":{"loc":{"start":{"line":43,"column":12},"end":{"line":66,"column":13}},"type":"if","locations":[{"start":{"line":43,"column":12},"end":{"line":66,"column":13}},{"start":{"line":46,"column":19},"end":{"line":66,"column":13}}],"line":43},"6":{"loc":{"start":{"line":46,"column":19},"end":{"line":66,"column":13}},"type":"if","locations":[{"start":{"line":46,"column":19},"end":{"line":66,"column":13}},{"start":{"line":49,"column":19},"end":{"line":66,"column":13}}],"line":46},"7":{"loc":{"start":{"line":49,"column":19},"end":{"line":66,"column":13}},"type":"if","locations":[{"start":{"line":49,"column":19},"end":{"line":66,"column":13}},{"start":{"line":52,"column":19},"end":{"line":66,"column":13}}],"line":49},"8":{"loc":{"start":{"line":52,"column":19},"end":{"line":66,"column":13}},"type":"if","locations":[{"start":{"line":52,"column":19},"end":{"line":66,"column":13}},{"start":{"line":55,"column":19},"end":{"line":66,"column":13}}],"line":52},"9":{"loc":{"start":{"line":52,"column":23},"end":{"line":52,"column":66}},"type":"binary-expr","locations":[{"start":{"line":52,"column":23},"end":{"line":52,"column":47}},{"start":{"line":52,"column":51},"end":{"line":52,"column":66}}],"line":52},"10":{"loc":{"start":{"line":55,"column":19},"end":{"line":66,"column":13}},"type":"if","locations":[{"start":{"line":55,"column":19},"end":{"line":66,"column":13}},{"start":{"line":58,"column":19},"end":{"line":66,"column":13}}],"line":55},"11":{"loc":{"start":{"line":58,"column":19},"end":{"line":66,"column":13}},"type":"if","locations":[{"start":{"line":58,"column":19},"end":{"line":66,"column":13}},{"start":{"line":61,"column":19},"end":{"line":66,"column":13}}],"line":58},"12":{"loc":{"start":{"line":61,"column":19},"end":{"line":66,"column":13}},"type":"if","locations":[{"start":{"line":61,"column":19},"end":{"line":66,"column":13}},{"start":{"line":64,"column":19},"end":{"line":66,"column":13}}],"line":61},"13":{"loc":{"start":{"line":73,"column":8},"end":{"line":80,"column":9}},"type":"if","locations":[{"start":{"line":73,"column":8},"end":{"line":80,"column":9}},{"start":{"line":76,"column":15},"end":{"line":80,"column":9}}],"line":73},"14":{"loc":{"start":{"line":78,"column":43},"end":{"line":78,"column":70}},"type":"cond-expr","locations":[{"start":{"line":78,"column":65},"end":{"line":78,"column":66}},{"start":{"line":78,"column":69},"end":{"line":78,"column":70}}],"line":78},"15":{"loc":{"start":{"line":79,"column":24},"end":{"line":79,"column":105}},"type":"cond-expr","locations":[{"start":{"line":79,"column":62},"end":{"line":79,"column":101}},{"start":{"line":79,"column":104},"end":{"line":79,"column":105}}],"line":79},"16":{"loc":{"start":{"line":84,"column":15},"end":{"line":84,"column":53}},"type":"binary-expr","locations":[{"start":{"line":84,"column":15},"end":{"line":84,"column":26}},{"start":{"line":84,"column":30},"end":{"line":84,"column":53}}],"line":84},"17":{"loc":{"start":{"line":93,"column":12},"end":{"line":96,"column":13}},"type":"if","locations":[{"start":{"line":93,"column":12},"end":{"line":96,"column":13}},{"start":{},"end":{}}],"line":93},"18":{"loc":{"start":{"line":105,"column":12},"end":{"line":109,"column":13}},"type":"if","locations":[{"start":{"line":105,"column":12},"end":{"line":109,"column":13}},{"start":{},"end":{}}],"line":105},"19":{"loc":{"start":{"line":105,"column":16},"end":{"line":105,"column":51}},"type":"binary-expr","locations":[{"start":{"line":105,"column":16},"end":{"line":105,"column":31}},{"start":{"line":105,"column":35},"end":{"line":105,"column":51}}],"line":105},"20":{"loc":{"start":{"line":115,"column":8},"end":{"line":117,"column":9}},"type":"if","locations":[{"start":{"line":115,"column":8},"end":{"line":117,"column":9}},{"start":{},"end":{}}],"line":115},"21":{"loc":{"start":{"line":118,"column":8},"end":{"line":120,"column":9}},"type":"if","locations":[{"start":{"line":118,"column":8},"end":{"line":120,"column":9}},{"start":{},"end":{}}],"line":118},"22":{"loc":{"start":{"line":121,"column":8},"end":{"line":123,"column":9}},"type":"if","locations":[{"start":{"line":121,"column":8},"end":{"line":123,"column":9}},{"start":{},"end":{}}],"line":121},"23":{"loc":{"start":{"line":131,"column":58},"end":{"line":131,"column":90}},"type":"cond-expr","locations":[{"start":{"line":131,"column":73},"end":{"line":131,"column":84}},{"start":{"line":131,"column":87},"end":{"line":131,"column":90}}],"line":131},"24":{"loc":{"start":{"line":136,"column":12},"end":{"line":140,"column":13}},"type":"if","locations":[{"start":{"line":136,"column":12},"end":{"line":140,"column":13}},{"start":{"line":138,"column":19},"end":{"line":140,"column":13}}],"line":136},"25":{"loc":{"start":{"line":142,"column":12},"end":{"line":145,"column":13}},"type":"if","locations":[{"start":{"line":142,"column":12},"end":{"line":145,"column":13}},{"start":{},"end":{}}],"line":142},"26":{"loc":{"start":{"line":156,"column":57},"end":{"line":156,"column":89}},"type":"cond-expr","locations":[{"start":{"line":156,"column":72},"end":{"line":156,"column":83}},{"start":{"line":156,"column":86},"end":{"line":156,"column":89}}],"line":156},"27":{"loc":{"start":{"line":161,"column":15},"end":{"line":161,"column":52}},"type":"binary-expr","locations":[{"start":{"line":161,"column":15},"end":{"line":161,"column":26}},{"start":{"line":161,"column":30},"end":{"line":161,"column":52}}],"line":161},"28":{"loc":{"start":{"line":165,"column":57},"end":{"line":165,"column":86}},"type":"cond-expr","locations":[{"start":{"line":165,"column":72},"end":{"line":165,"column":80}},{"start":{"line":165,"column":83},"end":{"line":165,"column":86}}],"line":165},"29":{"loc":{"start":{"line":171,"column":12},"end":{"line":180,"column":13}},"type":"if","locations":[{"start":{"line":171,"column":12},"end":{"line":180,"column":13}},{"start":{"line":174,"column":19},"end":{"line":180,"column":13}}],"line":171},"30":{"loc":{"start":{"line":171,"column":16},"end":{"line":171,"column":74}},"type":"binary-expr","locations":[{"start":{"line":171,"column":16},"end":{"line":171,"column":32}},{"start":{"line":171,"column":37},"end":{"line":171,"column":53}},{"start":{"line":171,"column":57},"end":{"line":171,"column":73}}],"line":171},"31":{"loc":{"start":{"line":175,"column":16},"end":{"line":179,"column":17}},"type":"if","locations":[{"start":{"line":175,"column":16},"end":{"line":179,"column":17}},{"start":{"line":177,"column":23},"end":{"line":179,"column":17}}],"line":175},"32":{"loc":{"start":{"line":191,"column":12},"end":{"line":198,"column":13}},"type":"if","locations":[{"start":{"line":191,"column":12},"end":{"line":198,"column":13}},{"start":{"line":193,"column":19},"end":{"line":198,"column":13}}],"line":191},"33":{"loc":{"start":{"line":194,"column":16},"end":{"line":197,"column":17}},"type":"if","locations":[{"start":{"line":194,"column":16},"end":{"line":197,"column":17}},{"start":{},"end":{}}],"line":194},"34":{"loc":{"start":{"line":194,"column":20},"end":{"line":194,"column":70}},"type":"binary-expr","locations":[{"start":{"line":194,"column":21},"end":{"line":194,"column":39}},{"start":{"line":194,"column":43},"end":{"line":194,"column":50}},{"start":{"line":194,"column":55},"end":{"line":194,"column":70}}],"line":194},"35":{"loc":{"start":{"line":208,"column":57},"end":{"line":208,"column":89}},"type":"cond-expr","locations":[{"start":{"line":208,"column":72},"end":{"line":208,"column":83}},{"start":{"line":208,"column":86},"end":{"line":208,"column":89}}],"line":208},"36":{"loc":{"start":{"line":213,"column":15},"end":{"line":213,"column":56}},"type":"binary-expr","locations":[{"start":{"line":213,"column":15},"end":{"line":213,"column":26}},{"start":{"line":213,"column":30},"end":{"line":213,"column":56}}],"line":213},"37":{"loc":{"start":{"line":217,"column":57},"end":{"line":217,"column":89}},"type":"cond-expr","locations":[{"start":{"line":217,"column":72},"end":{"line":217,"column":83}},{"start":{"line":217,"column":86},"end":{"line":217,"column":89}}],"line":217},"38":{"loc":{"start":{"line":222,"column":15},"end":{"line":222,"column":58}},"type":"binary-expr","locations":[{"start":{"line":222,"column":15},"end":{"line":222,"column":26}},{"start":{"line":222,"column":30},"end":{"line":222,"column":58}}],"line":222},"39":{"loc":{"start":{"line":234,"column":16},"end":{"line":234,"column":38}},"type":"binary-expr","locations":[{"start":{"line":234,"column":16},"end":{"line":234,"column":25}},{"start":{"line":234,"column":29},"end":{"line":234,"column":38}}],"line":234},"40":{"loc":{"start":{"line":239,"column":15},"end":{"line":239,"column":82}},"type":"binary-expr","locations":[{"start":{"line":239,"column":16},"end":{"line":239,"column":25}},{"start":{"line":239,"column":29},"end":{"line":239,"column":38}},{"start":{"line":239,"column":44},"end":{"line":239,"column":53}},{"start":{"line":239,"column":57},"end":{"line":239,"column":67}},{"start":{"line":239,"column":72},"end":{"line":239,"column":82}}],"line":239},"41":{"loc":{"start":{"line":244,"column":15},"end":{"line":244,"column":54}},"type":"binary-expr","locations":[{"start":{"line":244,"column":15},"end":{"line":244,"column":26}},{"start":{"line":244,"column":30},"end":{"line":244,"column":40}},{"start":{"line":244,"column":44},"end":{"line":244,"column":54}}],"line":244},"42":{"loc":{"start":{"line":249,"column":15},"end":{"line":249,"column":54}},"type":"binary-expr","locations":[{"start":{"line":249,"column":15},"end":{"line":249,"column":26}},{"start":{"line":249,"column":30},"end":{"line":249,"column":40}},{"start":{"line":249,"column":44},"end":{"line":249,"column":54}}],"line":249},"43":{"loc":{"start":{"line":256,"column":15},"end":{"line":258,"column":54}},"type":"binary-expr","locations":[{"start":{"line":256,"column":15},"end":{"line":256,"column":25}},{"start":{"line":256,"column":29},"end":{"line":256,"column":39}},{"start":{"line":256,"column":43},"end":{"line":256,"column":53}},{"start":{"line":256,"column":57},"end":{"line":256,"column":67}},{"start":{"line":256,"column":71},"end":{"line":256,"column":81}},{"start":{"line":257,"column":15},"end":{"line":257,"column":25}},{"start":{"line":257,"column":29},"end":{"line":257,"column":39}},{"start":{"line":257,"column":43},"end":{"line":257,"column":54}},{"start":{"line":257,"column":58},"end":{"line":257,"column":68}},{"start":{"line":257,"column":72},"end":{"line":257,"column":82}},{"start":{"line":257,"column":86},"end":{"line":257,"column":96}},{"start":{"line":257,"column":100},"end":{"line":257,"column":110}},{"start":{"line":258,"column":15},"end":{"line":258,"column":26}},{"start":{"line":258,"column":30},"end":{"line":258,"column":40}},{"start":{"line":258,"column":44},"end":{"line":258,"column":54}}],"line":256},"44":{"loc":{"start":{"line":263,"column":15},"end":{"line":263,"column":53}},"type":"binary-expr","locations":[{"start":{"line":263,"column":15},"end":{"line":263,"column":25}},{"start":{"line":263,"column":29},"end":{"line":263,"column":39}},{"start":{"line":263,"column":43},"end":{"line":263,"column":53}}],"line":263},"45":{"loc":{"start":{"line":268,"column":15},"end":{"line":268,"column":39}},"type":"binary-expr","locations":[{"start":{"line":268,"column":15},"end":{"line":268,"column":25}},{"start":{"line":268,"column":29},"end":{"line":268,"column":39}}],"line":268},"46":{"loc":{"start":{"line":272,"column":15},"end":{"line":274,"column":54}},"type":"binary-expr","locations":[{"start":{"line":272,"column":15},"end":{"line":272,"column":33}},{"start":{"line":272,"column":37},"end":{"line":272,"column":56}},{"start":{"line":272,"column":60},"end":{"line":272,"column":79}},{"start":{"line":273,"column":12},"end":{"line":273,"column":33}},{"start":{"line":273,"column":37},"end":{"line":273,"column":54}},{"start":{"line":273,"column":58},"end":{"line":273,"column":79}},{"start":{"line":274,"column":12},"end":{"line":274,"column":31}},{"start":{"line":274,"column":35},"end":{"line":274,"column":54}}],"line":272},"47":{"loc":{"start":{"line":278,"column":15},"end":{"line":278,"column":57}},"type":"binary-expr","locations":[{"start":{"line":278,"column":15},"end":{"line":278,"column":34}},{"start":{"line":278,"column":38},"end":{"line":278,"column":57}}],"line":278},"48":{"loc":{"start":{"line":285,"column":15},"end":{"line":287,"column":65}},"type":"binary-expr","locations":[{"start":{"line":285,"column":16},"end":{"line":285,"column":25}},{"start":{"line":285,"column":29},"end":{"line":285,"column":38}},{"start":{"line":286,"column":13},"end":{"line":286,"column":22}},{"start":{"line":286,"column":26},"end":{"line":286,"column":35}},{"start":{"line":287,"column":13},"end":{"line":287,"column":22}},{"start":{"line":287,"column":26},"end":{"line":287,"column":36}},{"start":{"line":287,"column":41},"end":{"line":287,"column":51}},{"start":{"line":287,"column":55},"end":{"line":287,"column":65}}],"line":285}},"s":{"0":577,"1":577,"2":577,"3":577,"4":577,"5":577,"6":577,"7":577,"8":577,"9":1641,"10":1641,"11":577,"12":11661,"13":3354,"14":3594,"15":852,"16":852,"17":2742,"18":1,"19":1,"20":2741,"21":2,"22":2,"23":2739,"24":448,"25":2291,"26":415,"27":1876,"28":1067,"29":809,"30":121,"31":688,"32":9,"33":679,"34":376,"35":303,"36":299,"37":4,"38":615,"39":6939,"40":6939,"41":577,"42":577,"43":6362,"44":6362,"45":6362,"46":852,"47":853,"48":1,"49":1,"50":1,"51":9,"52":1,"53":1,"54":8,"55":2,"56":2,"57":2,"58":22,"59":1,"60":1,"61":1,"62":21,"63":1098,"64":533,"65":565,"66":342,"67":223,"68":223,"69":0,"70":448,"71":448,"72":448,"73":448,"74":448,"75":448,"76":448,"77":448,"78":1098,"79":429,"80":669,"81":1098,"82":1098,"83":410,"84":410,"85":688,"86":448,"87":448,"88":415,"89":415,"90":415,"91":415,"92":1067,"93":1067,"94":3650,"95":1067,"96":1067,"97":121,"98":121,"99":277,"100":2,"101":2,"102":275,"103":208,"104":67,"105":121,"106":9,"107":9,"108":9,"109":9,"110":9,"111":49,"112":2,"113":47,"114":6,"115":6,"116":43,"117":9,"118":376,"119":376,"120":376,"121":376,"122":299,"123":299,"124":308,"125":299,"126":299,"127":4,"128":4,"129":4,"130":4,"131":5304,"132":5441,"133":6506,"134":2743,"135":2295,"136":893,"137":683,"138":692,"139":5,"140":4628,"141":275,"142":29,"143":29,"144":29},"f":{"0":577,"1":577,"2":11661,"3":3354,"4":6939,"5":852,"6":1,"7":2,"8":1098,"9":448,"10":415,"11":1067,"12":121,"13":9,"14":376,"15":299,"16":4,"17":5304,"18":5441,"19":6506,"20":2743,"21":2295,"22":893,"23":683,"24":692,"25":5,"26":4628,"27":275},"b":{"0":[852,2742],"1":[1,2741],"2":[2742,3],"3":[2,2739],"4":[2741,2],"5":[448,2291],"6":[415,1876],"7":[1067,809],"8":[121,688],"9":[809,691],"10":[9,679],"11":[376,303],"12":[299,4],"13":[577,6362],"14":[0,6362],"15":[5787,575],"16":[1705,1705],"17":[1,8],"18":[1,21],"19":[22,1],"20":[533,565],"21":[342,223],"22":[223,0],"23":[0,448],"24":[429,669],"25":[410,688],"26":[0,415],"27":[4717,4628],"28":[579,488],"29":[2,275],"30":[277,4,3],"31":[208,67],"32":[2,47],"33":[6,41],"34":[47,9,41],"35":[0,376],"36":[607,586],"37":[0,299],"38":[8,5],"39":[5441,4491],"40":[6506,4768,6501,4730,1791],"41":[2743,2616,2368],"42":[2295,2190,1948],"43":[893,803,799,779,779,777,484,478,476,474,474,334,300,300,290],"44":[683,664,585],"45":[692,691],"46":[5,4,4,4,4,4,4,4],"47":[4628,4626],"48":[275,241,94,42,76,2,74,70]},"_coverageSchema":"1a1c01bbd47fc00a2c39e90264f33305004495a9","hash":"69590fa9f3cb01fa54f3772a15249516123c6744"}
,"D:\\Github\\Flat.Simplex\\SimplexApp\\simplex\\lexer\\Token.js": {"path":"D:\\Github\\Flat.Simplex\\SimplexApp\\simplex\\lexer\\Token.js","statementMap":{"0":{"start":{"line":5,"column":8},"end":{"line":5,"column":29}},"1":{"start":{"line":6,"column":8},"end":{"line":6,"column":27}},"2":{"start":{"line":7,"column":8},"end":{"line":7,"column":23}},"3":{"start":{"line":8,"column":8},"end":{"line":8,"column":34}},"4":{"start":{"line":9,"column":8},"end":{"line":9,"column":25}},"5":{"start":{"line":10,"column":8},"end":{"line":10,"column":26}},"6":{"start":{"line":11,"column":8},"end":{"line":11,"column":30}},"7":{"start":{"line":12,"column":8},"end":{"line":12,"column":27}},"8":{"start":{"line":13,"column":8},"end":{"line":13,"column":23}},"9":{"start":{"line":15,"column":8},"end":{"line":19,"column":9}},"10":{"start":{"line":16,"column":12},"end":{"line":16,"column":70}},"11":{"start":{"line":18,"column":12},"end":{"line":18,"column":40}},"12":{"start":{"line":23,"column":8},"end":{"line":23,"column":27}},"13":{"start":{"line":27,"column":8},"end":{"line":27,"column":26}},"14":{"start":{"line":31,"column":8},"end":{"line":31,"column":24}},"15":{"start":{"line":35,"column":8},"end":{"line":35,"column":27}},"16":{"start":{"line":39,"column":8},"end":{"line":39,"column":24}},"17":{"start":{"line":43,"column":8},"end":{"line":43,"column":27}},"18":{"start":{"line":47,"column":8},"end":{"line":47,"column":25}},"19":{"start":{"line":51,"column":8},"end":{"line":51,"column":25}},"20":{"start":{"line":55,"column":8},"end":{"line":55,"column":26}},"21":{"start":{"line":59,"column":8},"end":{"line":59,"column":27}},"22":{"start":{"line":63,"column":8},"end":{"line":63,"column":35}},"23":{"start":{"line":67,"column":8},"end":{"line":67,"column":30}},"24":{"start":{"line":71,"column":8},"end":{"line":71,"column":27}},"25":{"start":{"line":75,"column":8},"end":{"line":77,"column":9}},"26":{"start":{"line":76,"column":12},"end":{"line":76,"column":24}},"27":{"start":{"line":78,"column":8},"end":{"line":80,"column":9}},"28":{"start":{"line":79,"column":12},"end":{"line":79,"column":25}},"29":{"start":{"line":81,"column":8},"end":{"line":81,"column":70}},"30":{"start":{"line":85,"column":8},"end":{"line":90,"column":9}},"31":{"start":{"line":86,"column":12},"end":{"line":89,"column":13}},"32":{"start":{"line":86,"column":25},"end":{"line":86,"column":35}},"33":{"start":{"line":87,"column":16},"end":{"line":87,"column":102}},"34":{"start":{"line":88,"column":16},"end":{"line":88,"column":65}},"35":{"start":{"line":91,"column":8},"end":{"line":91,"column":30}},"36":{"start":{"line":95,"column":0},"end":{"line":95,"column":23}},"37":{"start":{"line":96,"column":0},"end":{"line":96,"column":38}}},"fnMap":{"0":{"name":"(anonymous_0)","decl":{"start":{"line":4,"column":4},"end":{"line":4,"column":5}},"loc":{"start":{"line":4,"column":41},"end":{"line":20,"column":5}},"line":4},"1":{"name":"(anonymous_1)","decl":{"start":{"line":22,"column":4},"end":{"line":22,"column":5}},"loc":{"start":{"line":22,"column":16},"end":{"line":24,"column":5}},"line":22},"2":{"name":"(anonymous_2)","decl":{"start":{"line":26,"column":4},"end":{"line":26,"column":5}},"loc":{"start":{"line":26,"column":15},"end":{"line":28,"column":5}},"line":26},"3":{"name":"(anonymous_3)","decl":{"start":{"line":30,"column":4},"end":{"line":30,"column":5}},"loc":{"start":{"line":30,"column":13},"end":{"line":32,"column":5}},"line":30},"4":{"name":"(anonymous_4)","decl":{"start":{"line":34,"column":4},"end":{"line":34,"column":5}},"loc":{"start":{"line":34,"column":16},"end":{"line":36,"column":5}},"line":34},"5":{"name":"(anonymous_5)","decl":{"start":{"line":38,"column":4},"end":{"line":38,"column":5}},"loc":{"start":{"line":38,"column":13},"end":{"line":40,"column":5}},"line":38},"6":{"name":"(anonymous_6)","decl":{"start":{"line":42,"column":4},"end":{"line":42,"column":5}},"loc":{"start":{"line":42,"column":16},"end":{"line":44,"column":5}},"line":42},"7":{"name":"(anonymous_7)","decl":{"start":{"line":46,"column":4},"end":{"line":46,"column":5}},"loc":{"start":{"line":46,"column":14},"end":{"line":48,"column":5}},"line":46},"8":{"name":"(anonymous_8)","decl":{"start":{"line":50,"column":4},"end":{"line":50,"column":5}},"loc":{"start":{"line":50,"column":18},"end":{"line":52,"column":5}},"line":50},"9":{"name":"(anonymous_9)","decl":{"start":{"line":54,"column":4},"end":{"line":54,"column":5}},"loc":{"start":{"line":54,"column":15},"end":{"line":56,"column":5}},"line":54},"10":{"name":"(anonymous_10)","decl":{"start":{"line":58,"column":4},"end":{"line":58,"column":5}},"loc":{"start":{"line":58,"column":20},"end":{"line":60,"column":5}},"line":58},"11":{"name":"(anonymous_11)","decl":{"start":{"line":62,"column":4},"end":{"line":62,"column":5}},"loc":{"start":{"line":62,"column":28},"end":{"line":64,"column":5}},"line":62},"12":{"name":"(anonymous_12)","decl":{"start":{"line":66,"column":4},"end":{"line":66,"column":5}},"loc":{"start":{"line":66,"column":19},"end":{"line":68,"column":5}},"line":66},"13":{"name":"(anonymous_13)","decl":{"start":{"line":70,"column":4},"end":{"line":70,"column":5}},"loc":{"start":{"line":70,"column":15},"end":{"line":72,"column":5}},"line":70},"14":{"name":"(anonymous_14)","decl":{"start":{"line":74,"column":4},"end":{"line":74,"column":5}},"loc":{"start":{"line":74,"column":18},"end":{"line":82,"column":5}},"line":74},"15":{"name":"(anonymous_15)","decl":{"start":{"line":84,"column":4},"end":{"line":84,"column":5}},"loc":{"start":{"line":84,"column":15},"end":{"line":92,"column":5}},"line":84}},"branchMap":{"0":{"loc":{"start":{"line":15,"column":8},"end":{"line":19,"column":9}},"type":"if","locations":[{"start":{"line":15,"column":8},"end":{"line":19,"column":9}},{"start":{"line":17,"column":15},"end":{"line":19,"column":9}}],"line":15},"1":{"loc":{"start":{"line":15,"column":12},"end":{"line":15,"column":115}},"type":"binary-expr","locations":[{"start":{"line":15,"column":12},"end":{"line":15,"column":36}},{"start":{"line":15,"column":40},"end":{"line":15,"column":61}},{"start":{"line":15,"column":65},"end":{"line":15,"column":88}},{"start":{"line":15,"column":92},"end":{"line":15,"column":115}}],"line":15},"2":{"loc":{"start":{"line":75,"column":8},"end":{"line":77,"column":9}},"type":"if","locations":[{"start":{"line":75,"column":8},"end":{"line":77,"column":9}},{"start":{},"end":{}}],"line":75},"3":{"loc":{"start":{"line":78,"column":8},"end":{"line":80,"column":9}},"type":"if","locations":[{"start":{"line":78,"column":8},"end":{"line":80,"column":9}},{"start":{},"end":{}}],"line":78},"4":{"loc":{"start":{"line":78,"column":12},"end":{"line":78,"column":55}},"type":"binary-expr","locations":[{"start":{"line":78,"column":12},"end":{"line":78,"column":26}},{"start":{"line":78,"column":30},"end":{"line":78,"column":55}}],"line":78},"5":{"loc":{"start":{"line":81,"column":15},"end":{"line":81,"column":69}},"type":"binary-expr","locations":[{"start":{"line":81,"column":15},"end":{"line":81,"column":37}},{"start":{"line":81,"column":41},"end":{"line":81,"column":69}}],"line":81},"6":{"loc":{"start":{"line":85,"column":8},"end":{"line":90,"column":9}},"type":"if","locations":[{"start":{"line":85,"column":8},"end":{"line":90,"column":9}},{"start":{},"end":{}}],"line":85},"7":{"loc":{"start":{"line":85,"column":12},"end":{"line":85,"column":51}},"type":"binary-expr","locations":[{"start":{"line":85,"column":12},"end":{"line":85,"column":32}},{"start":{"line":85,"column":36},"end":{"line":85,"column":51}}],"line":85}},"s":{"0":4821,"1":4821,"2":4821,"3":4821,"4":4821,"5":4821,"6":4821,"7":4821,"8":4821,"9":4821,"10":1182,"11":3639,"12":0,"13":0,"14":0,"15":1945,"16":9509,"17":2541,"18":12449,"19":4103,"20":5523,"21":677,"22":633,"23":484,"24":0,"25":850,"26":30,"27":820,"28":0,"29":820,"30":0,"31":0,"32":0,"33":0,"34":0,"35":0,"36":30,"37":30},"f":{"0":4821,"1":0,"2":0,"3":0,"4":1945,"5":9509,"6":2541,"7":12449,"8":4103,"9":5523,"10":677,"11":633,"12":484,"13":0,"14":850,"15":0},"b":{"0":[1182,3639],"1":[4821,4815,3780,3767],"2":[30,820],"3":[0,820],"4":[820,820],"5":[820,820],"6":[0,0],"7":[0,0]},"_coverageSchema":"1a1c01bbd47fc00a2c39e90264f33305004495a9","hash":"18b162512874a2a9b29dd9449eb4bcf56207f3fb"}
,"D:\\Github\\Flat.Simplex\\SimplexApp\\simplex\\lexer\\TokenGroup.js": {"path":"D:\\Github\\Flat.Simplex\\SimplexApp\\simplex\\lexer\\TokenGroup.js","statementMap":{"0":{"start":{"line":5,"column":8},"end":{"line":5,"column":27}},"1":{"start":{"line":6,"column":8},"end":{"line":6,"column":23}},"2":{"start":{"line":10,"column":8},"end":{"line":10,"column":26}},"3":{"start":{"line":14,"column":8},"end":{"line":14,"column":24}},"4":{"start":{"line":18,"column":0},"end":{"line":18,"column":28}},"5":{"start":{"line":19,"column":0},"end":{"line":19,"column":40}}},"fnMap":{"0":{"name":"(anonymous_0)","decl":{"start":{"line":4,"column":4},"end":{"line":4,"column":5}},"loc":{"start":{"line":4,"column":28},"end":{"line":7,"column":5}},"line":4},"1":{"name":"(anonymous_1)","decl":{"start":{"line":9,"column":4},"end":{"line":9,"column":5}},"loc":{"start":{"line":9,"column":15},"end":{"line":11,"column":5}},"line":9},"2":{"name":"(anonymous_2)","decl":{"start":{"line":13,"column":4},"end":{"line":13,"column":5}},"loc":{"start":{"line":13,"column":13},"end":{"line":15,"column":5}},"line":13}},"branchMap":{},"s":{"0":146,"1":146,"2":267,"3":187,"4":27,"5":27},"f":{"0":146,"1":267,"2":187},"b":{},"_coverageSchema":"1a1c01bbd47fc00a2c39e90264f33305004495a9","hash":"835873d63a3ee6375b82a4dbef3bc9039f3f8a52"}
,"D:\\Github\\Flat.Simplex\\SimplexApp\\simplex\\parser\\Parser.js": {"path":"D:\\Github\\Flat.Simplex\\SimplexApp\\simplex\\parser\\Parser.js","statementMap":{"0":{"start":{"line":6,"column":8},"end":{"line":6,"column":26}},"1":{"start":{"line":7,"column":8},"end":{"line":7,"column":31}},"2":{"start":{"line":8,"column":8},"end":{"line":8,"column":29}},"3":{"start":{"line":10,"column":8},"end":{"line":10,"column":27}},"4":{"start":{"line":14,"column":8},"end":{"line":14,"column":48}},"5":{"start":{"line":18,"column":8},"end":{"line":18,"column":32}},"6":{"start":{"line":19,"column":8},"end":{"line":19,"column":28}},"7":{"start":{"line":20,"column":21},"end":{"line":20,"column":23}},"8":{"start":{"line":21,"column":20},"end":{"line":21,"column":25}},"9":{"start":{"line":22,"column":8},"end":{"line":41,"column":9}},"10":{"start":{"line":23,"column":22},"end":{"line":23,"column":36}},"11":{"start":{"line":24,"column":23},"end":{"line":24,"column":27}},"12":{"start":{"line":25,"column":12},"end":{"line":38,"column":13}},"13":{"start":{"line":26,"column":16},"end":{"line":26,"column":47}},"14":{"start":{"line":28,"column":19},"end":{"line":38,"column":13}},"15":{"start":{"line":30,"column":16},"end":{"line":30,"column":48}},"16":{"start":{"line":32,"column":19},"end":{"line":38,"column":13}},"17":{"start":{"line":33,"column":16},"end":{"line":33,"column":39}},"18":{"start":{"line":36,"column":16},"end":{"line":36,"column":47}},"19":{"start":{"line":39,"column":12},"end":{"line":39,"column":53}},"20":{"start":{"line":40,"column":12},"end":{"line":40,"column":25}},"21":{"start":{"line":42,"column":8},"end":{"line":42,"column":22}},"22":{"start":{"line":46,"column":21},"end":{"line":46,"column":23}},"23":{"start":{"line":47,"column":21},"end":{"line":47,"column":25}},"24":{"start":{"line":48,"column":8},"end":{"line":103,"column":9}},"25":{"start":{"line":49,"column":22},"end":{"line":49,"column":47}},"26":{"start":{"line":50,"column":25},"end":{"line":50,"column":29}},"27":{"start":{"line":51,"column":12},"end":{"line":85,"column":13}},"28":{"start":{"line":52,"column":16},"end":{"line":52,"column":85}},"29":{"start":{"line":53,"column":19},"end":{"line":85,"column":13}},"30":{"start":{"line":54,"column":16},"end":{"line":54,"column":88}},"31":{"start":{"line":55,"column":19},"end":{"line":85,"column":13}},"32":{"start":{"line":56,"column":16},"end":{"line":56,"column":83}},"33":{"start":{"line":57,"column":19},"end":{"line":85,"column":13}},"34":{"start":{"line":58,"column":16},"end":{"line":62,"column":17}},"35":{"start":{"line":59,"column":20},"end":{"line":59,"column":91}},"36":{"start":{"line":61,"column":20},"end":{"line":61,"column":89}},"37":{"start":{"line":63,"column":19},"end":{"line":85,"column":13}},"38":{"start":{"line":64,"column":16},"end":{"line":64,"column":84}},"39":{"start":{"line":65,"column":19},"end":{"line":85,"column":13}},"40":{"start":{"line":66,"column":16},"end":{"line":66,"column":83}},"41":{"start":{"line":67,"column":19},"end":{"line":85,"column":13}},"42":{"start":{"line":68,"column":16},"end":{"line":68,"column":87}},"43":{"start":{"line":69,"column":19},"end":{"line":85,"column":13}},"44":{"start":{"line":70,"column":16},"end":{"line":70,"column":86}},"45":{"start":{"line":71,"column":19},"end":{"line":85,"column":13}},"46":{"start":{"line":72,"column":16},"end":{"line":72,"column":85}},"47":{"start":{"line":73,"column":19},"end":{"line":85,"column":13}},"48":{"start":{"line":74,"column":16},"end":{"line":74,"column":86}},"49":{"start":{"line":75,"column":19},"end":{"line":85,"column":13}},"50":{"start":{"line":76,"column":16},"end":{"line":76,"column":89}},"51":{"start":{"line":77,"column":19},"end":{"line":85,"column":13}},"52":{"start":{"line":78,"column":16},"end":{"line":78,"column":86}},"53":{"start":{"line":79,"column":19},"end":{"line":85,"column":13}},"54":{"start":{"line":80,"column":16},"end":{"line":80,"column":87}},"55":{"start":{"line":81,"column":19},"end":{"line":85,"column":13}},"56":{"start":{"line":82,"column":16},"end":{"line":82,"column":90}},"57":{"start":{"line":84,"column":16},"end":{"line":84,"column":91}},"58":{"start":{"line":86,"column":12},"end":{"line":86,"column":26}},"59":{"start":{"line":87,"column":12},"end":{"line":100,"column":13}},"60":{"start":{"line":88,"column":35},"end":{"line":88,"column":59}},"61":{"start":{"line":89,"column":16},"end":{"line":94,"column":17}},"62":{"start":{"line":90,"column":20},"end":{"line":92,"column":21}},"63":{"start":{"line":91,"column":24},"end":{"line":91,"column":53}},"64":{"start":{"line":93,"column":20},"end":{"line":93,"column":40}},"65":{"start":{"line":96,"column":16},"end":{"line":98,"column":17}},"66":{"start":{"line":97,"column":20},"end":{"line":97,"column":49}},"67":{"start":{"line":99,"column":16},"end":{"line":99,"column":36}},"68":{"start":{"line":101,"column":12},"end":{"line":101,"column":44}},"69":{"start":{"line":102,"column":12},"end":{"line":102,"column":28}},"70":{"start":{"line":104,"column":8},"end":{"line":106,"column":9}},"71":{"start":{"line":105,"column":12},"end":{"line":105,"column":35}},"72":{"start":{"line":107,"column":8},"end":{"line":107,"column":22}},"73":{"start":{"line":111,"column":20},"end":{"line":111,"column":25}},"74":{"start":{"line":112,"column":8},"end":{"line":132,"column":9}},"75":{"start":{"line":113,"column":12},"end":{"line":130,"column":13}},"76":{"start":{"line":116,"column":16},"end":{"line":116,"column":50}},"77":{"start":{"line":118,"column":19},"end":{"line":130,"column":13}},"78":{"start":{"line":121,"column":16},"end":{"line":121,"column":59}},"79":{"start":{"line":123,"column":19},"end":{"line":130,"column":13}},"80":{"start":{"line":125,"column":16},"end":{"line":125,"column":49}},"81":{"start":{"line":127,"column":19},"end":{"line":130,"column":13}},"82":{"start":{"line":128,"column":16},"end":{"line":128,"column":39}},"83":{"start":{"line":131,"column":12},"end":{"line":131,"column":36}},"84":{"start":{"line":133,"column":8},"end":{"line":133,"column":21}},"85":{"start":{"line":137,"column":20},"end":{"line":137,"column":35}},"86":{"start":{"line":138,"column":8},"end":{"line":152,"column":9}},"87":{"start":{"line":139,"column":12},"end":{"line":150,"column":13}},"88":{"start":{"line":142,"column":16},"end":{"line":142,"column":50}},"89":{"start":{"line":144,"column":19},"end":{"line":150,"column":13}},"90":{"start":{"line":145,"column":16},"end":{"line":145,"column":39}},"91":{"start":{"line":147,"column":19},"end":{"line":150,"column":13}},"92":{"start":{"line":148,"column":16},"end":{"line":148,"column":29}},"93":{"start":{"line":151,"column":12},"end":{"line":151,"column":36}},"94":{"start":{"line":153,"column":8},"end":{"line":153,"column":21}},"95":{"start":{"line":157,"column":20},"end":{"line":157,"column":35}},"96":{"start":{"line":158,"column":8},"end":{"line":167,"column":9}},"97":{"start":{"line":159,"column":12},"end":{"line":165,"column":13}},"98":{"start":{"line":160,"column":16},"end":{"line":160,"column":39}},"99":{"start":{"line":162,"column":19},"end":{"line":165,"column":13}},"100":{"start":{"line":163,"column":16},"end":{"line":163,"column":29}},"101":{"start":{"line":166,"column":12},"end":{"line":166,"column":36}},"102":{"start":{"line":168,"column":8},"end":{"line":168,"column":21}},"103":{"start":{"line":172,"column":8},"end":{"line":174,"column":73}},"104":{"start":{"line":178,"column":8},"end":{"line":178,"column":112}},"105":{"start":{"line":182,"column":8},"end":{"line":182,"column":50}},"106":{"start":{"line":186,"column":8},"end":{"line":186,"column":57}},"107":{"start":{"line":190,"column":0},"end":{"line":190,"column":24}},"108":{"start":{"line":191,"column":0},"end":{"line":191,"column":38}},"109":{"start":{"line":192,"column":0},"end":{"line":192,"column":52}},"110":{"start":{"line":193,"column":0},"end":{"line":193,"column":65}},"111":{"start":{"line":194,"column":0},"end":{"line":194,"column":63}},"112":{"start":{"line":195,"column":0},"end":{"line":195,"column":71}},"113":{"start":{"line":196,"column":0},"end":{"line":196,"column":69}},"114":{"start":{"line":197,"column":0},"end":{"line":197,"column":59}},"115":{"start":{"line":198,"column":0},"end":{"line":198,"column":63}},"116":{"start":{"line":199,"column":0},"end":{"line":199,"column":67}},"117":{"start":{"line":200,"column":0},"end":{"line":200,"column":61}},"118":{"start":{"line":201,"column":0},"end":{"line":201,"column":59}},"119":{"start":{"line":202,"column":0},"end":{"line":202,"column":63}},"120":{"start":{"line":203,"column":0},"end":{"line":203,"column":67}},"121":{"start":{"line":204,"column":0},"end":{"line":204,"column":65}},"122":{"start":{"line":205,"column":0},"end":{"line":205,"column":67}},"123":{"start":{"line":206,"column":0},"end":{"line":206,"column":61}},"124":{"start":{"line":207,"column":0},"end":{"line":207,"column":65}},"125":{"start":{"line":208,"column":0},"end":{"line":208,"column":63}}},"fnMap":{"0":{"name":"(anonymous_0)","decl":{"start":{"line":5,"column":4},"end":{"line":5,"column":5}},"loc":{"start":{"line":5,"column":23},"end":{"line":11,"column":5}},"line":5},"1":{"name":"(anonymous_1)","decl":{"start":{"line":13,"column":4},"end":{"line":13,"column":5}},"loc":{"start":{"line":13,"column":22},"end":{"line":15,"column":5}},"line":13},"2":{"name":"(anonymous_2)","decl":{"start":{"line":17,"column":4},"end":{"line":17,"column":5}},"loc":{"start":{"line":17,"column":21},"end":{"line":43,"column":5}},"line":17},"3":{"name":"(anonymous_3)","decl":{"start":{"line":45,"column":4},"end":{"line":45,"column":5}},"loc":{"start":{"line":45,"column":17},"end":{"line":108,"column":5}},"line":45},"4":{"name":"(anonymous_4)","decl":{"start":{"line":110,"column":4},"end":{"line":110,"column":5}},"loc":{"start":{"line":110,"column":24},"end":{"line":134,"column":5}},"line":110},"5":{"name":"(anonymous_5)","decl":{"start":{"line":136,"column":4},"end":{"line":136,"column":5}},"loc":{"start":{"line":136,"column":23},"end":{"line":154,"column":5}},"line":136},"6":{"name":"(anonymous_6)","decl":{"start":{"line":156,"column":4},"end":{"line":156,"column":5}},"loc":{"start":{"line":156,"column":23},"end":{"line":169,"column":5}},"line":156},"7":{"name":"(anonymous_7)","decl":{"start":{"line":171,"column":4},"end":{"line":171,"column":5}},"loc":{"start":{"line":171,"column":20},"end":{"line":175,"column":5}},"line":171},"8":{"name":"(anonymous_8)","decl":{"start":{"line":177,"column":4},"end":{"line":177,"column":5}},"loc":{"start":{"line":177,"column":25},"end":{"line":179,"column":5}},"line":177},"9":{"name":"(anonymous_9)","decl":{"start":{"line":181,"column":4},"end":{"line":181,"column":5}},"loc":{"start":{"line":181,"column":20},"end":{"line":183,"column":5}},"line":181},"10":{"name":"(anonymous_10)","decl":{"start":{"line":185,"column":4},"end":{"line":185,"column":5}},"loc":{"start":{"line":185,"column":21},"end":{"line":187,"column":5}},"line":185}},"branchMap":{"0":{"loc":{"start":{"line":25,"column":12},"end":{"line":38,"column":13}},"type":"if","locations":[{"start":{"line":25,"column":12},"end":{"line":38,"column":13}},{"start":{"line":28,"column":19},"end":{"line":38,"column":13}}],"line":25},"1":{"loc":{"start":{"line":25,"column":16},"end":{"line":25,"column":55}},"type":"binary-expr","locations":[{"start":{"line":25,"column":16},"end":{"line":25,"column":32}},{"start":{"line":25,"column":36},"end":{"line":25,"column":55}}],"line":25},"2":{"loc":{"start":{"line":28,"column":19},"end":{"line":38,"column":13}},"type":"if","locations":[{"start":{"line":28,"column":19},"end":{"line":38,"column":13}},{"start":{"line":32,"column":19},"end":{"line":38,"column":13}}],"line":28},"3":{"loc":{"start":{"line":28,"column":23},"end":{"line":29,"column":53}},"type":"binary-expr","locations":[{"start":{"line":28,"column":23},"end":{"line":28,"column":39}},{"start":{"line":28,"column":43},"end":{"line":28,"column":57}},{"start":{"line":28,"column":61},"end":{"line":28,"column":76}},{"start":{"line":28,"column":80},"end":{"line":28,"column":94}},{"start":{"line":28,"column":98},"end":{"line":28,"column":116}},{"start":{"line":29,"column":16},"end":{"line":29,"column":33}},{"start":{"line":29,"column":37},"end":{"line":29,"column":53}}],"line":28},"4":{"loc":{"start":{"line":32,"column":19},"end":{"line":38,"column":13}},"type":"if","locations":[{"start":{"line":32,"column":19},"end":{"line":38,"column":13}},{"start":{"line":35,"column":19},"end":{"line":38,"column":13}}],"line":32},"5":{"loc":{"start":{"line":51,"column":12},"end":{"line":85,"column":13}},"type":"if","locations":[{"start":{"line":51,"column":12},"end":{"line":85,"column":13}},{"start":{"line":53,"column":19},"end":{"line":85,"column":13}}],"line":51},"6":{"loc":{"start":{"line":53,"column":19},"end":{"line":85,"column":13}},"type":"if","locations":[{"start":{"line":53,"column":19},"end":{"line":85,"column":13}},{"start":{"line":55,"column":19},"end":{"line":85,"column":13}}],"line":53},"7":{"loc":{"start":{"line":55,"column":19},"end":{"line":85,"column":13}},"type":"if","locations":[{"start":{"line":55,"column":19},"end":{"line":85,"column":13}},{"start":{"line":57,"column":19},"end":{"line":85,"column":13}}],"line":55},"8":{"loc":{"start":{"line":57,"column":19},"end":{"line":85,"column":13}},"type":"if","locations":[{"start":{"line":57,"column":19},"end":{"line":85,"column":13}},{"start":{"line":63,"column":19},"end":{"line":85,"column":13}}],"line":57},"9":{"loc":{"start":{"line":58,"column":16},"end":{"line":62,"column":17}},"type":"if","locations":[{"start":{"line":58,"column":16},"end":{"line":62,"column":17}},{"start":{"line":60,"column":23},"end":{"line":62,"column":17}}],"line":58},"10":{"loc":{"start":{"line":58,"column":20},"end":{"line":58,"column":105}},"type":"binary-expr","locations":[{"start":{"line":58,"column":20},"end":{"line":58,"column":55}},{"start":{"line":58,"column":59},"end":{"line":58,"column":105}}],"line":58},"11":{"loc":{"start":{"line":63,"column":19},"end":{"line":85,"column":13}},"type":"if","locations":[{"start":{"line":63,"column":19},"end":{"line":85,"column":13}},{"start":{"line":65,"column":19},"end":{"line":85,"column":13}}],"line":63},"12":{"loc":{"start":{"line":65,"column":19},"end":{"line":85,"column":13}},"type":"if","locations":[{"start":{"line":65,"column":19},"end":{"line":85,"column":13}},{"start":{"line":67,"column":19},"end":{"line":85,"column":13}}],"line":65},"13":{"loc":{"start":{"line":67,"column":19},"end":{"line":85,"column":13}},"type":"if","locations":[{"start":{"line":67,"column":19},"end":{"line":85,"column":13}},{"start":{"line":69,"column":19},"end":{"line":85,"column":13}}],"line":67},"14":{"loc":{"start":{"line":69,"column":19},"end":{"line":85,"column":13}},"type":"if","locations":[{"start":{"line":69,"column":19},"end":{"line":85,"column":13}},{"start":{"line":71,"column":19},"end":{"line":85,"column":13}}],"line":69},"15":{"loc":{"start":{"line":71,"column":19},"end":{"line":85,"column":13}},"type":"if","locations":[{"start":{"line":71,"column":19},"end":{"line":85,"column":13}},{"start":{"line":73,"column":19},"end":{"line":85,"column":13}}],"line":71},"16":{"loc":{"start":{"line":73,"column":19},"end":{"line":85,"column":13}},"type":"if","locations":[{"start":{"line":73,"column":19},"end":{"line":85,"column":13}},{"start":{"line":75,"column":19},"end":{"line":85,"column":13}}],"line":73},"17":{"loc":{"start":{"line":75,"column":19},"end":{"line":85,"column":13}},"type":"if","locations":[{"start":{"line":75,"column":19},"end":{"line":85,"column":13}},{"start":{"line":77,"column":19},"end":{"line":85,"column":13}}],"line":75},"18":{"loc":{"start":{"line":77,"column":19},"end":{"line":85,"column":13}},"type":"if","locations":[{"start":{"line":77,"column":19},"end":{"line":85,"column":13}},{"start":{"line":79,"column":19},"end":{"line":85,"column":13}}],"line":77},"19":{"loc":{"start":{"line":79,"column":19},"end":{"line":85,"column":13}},"type":"if","locations":[{"start":{"line":79,"column":19},"end":{"line":85,"column":13}},{"start":{"line":81,"column":19},"end":{"line":85,"column":13}}],"line":79},"20":{"loc":{"start":{"line":81,"column":19},"end":{"line":85,"column":13}},"type":"if","locations":[{"start":{"line":81,"column":19},"end":{"line":85,"column":13}},{"start":{"line":83,"column":19},"end":{"line":85,"column":13}}],"line":81},"21":{"loc":{"start":{"line":87,"column":12},"end":{"line":100,"column":13}},"type":"if","locations":[{"start":{"line":87,"column":12},"end":{"line":100,"column":13}},{"start":{"line":95,"column":19},"end":{"line":100,"column":13}}],"line":87},"22":{"loc":{"start":{"line":89,"column":16},"end":{"line":94,"column":17}},"type":"if","locations":[{"start":{"line":89,"column":16},"end":{"line":94,"column":17}},{"start":{},"end":{}}],"line":89},"23":{"loc":{"start":{"line":90,"column":20},"end":{"line":92,"column":21}},"type":"if","locations":[{"start":{"line":90,"column":20},"end":{"line":92,"column":21}},{"start":{},"end":{}}],"line":90},"24":{"loc":{"start":{"line":96,"column":16},"end":{"line":98,"column":17}},"type":"if","locations":[{"start":{"line":96,"column":16},"end":{"line":98,"column":17}},{"start":{},"end":{}}],"line":96},"25":{"loc":{"start":{"line":104,"column":8},"end":{"line":106,"column":9}},"type":"if","locations":[{"start":{"line":104,"column":8},"end":{"line":106,"column":9}},{"start":{},"end":{}}],"line":104},"26":{"loc":{"start":{"line":113,"column":12},"end":{"line":130,"column":13}},"type":"if","locations":[{"start":{"line":113,"column":12},"end":{"line":130,"column":13}},{"start":{"line":118,"column":19},"end":{"line":130,"column":13}}],"line":113},"27":{"loc":{"start":{"line":113,"column":16},"end":{"line":115,"column":64}},"type":"binary-expr","locations":[{"start":{"line":113,"column":16},"end":{"line":113,"column":47}},{"start":{"line":113,"column":51},"end":{"line":113,"column":82}},{"start":{"line":114,"column":16},"end":{"line":114,"column":54}},{"start":{"line":114,"column":58},"end":{"line":114,"column":99}},{"start":{"line":115,"column":16},"end":{"line":115,"column":64}}],"line":113},"28":{"loc":{"start":{"line":118,"column":19},"end":{"line":130,"column":13}},"type":"if","locations":[{"start":{"line":118,"column":19},"end":{"line":130,"column":13}},{"start":{"line":123,"column":19},"end":{"line":130,"column":13}}],"line":118},"29":{"loc":{"start":{"line":118,"column":23},"end":{"line":120,"column":64}},"type":"binary-expr","locations":[{"start":{"line":118,"column":23},"end":{"line":118,"column":59}},{"start":{"line":118,"column":63},"end":{"line":118,"column":94}},{"start":{"line":119,"column":16},"end":{"line":119,"column":54}},{"start":{"line":119,"column":58},"end":{"line":119,"column":99}},{"start":{"line":120,"column":16},"end":{"line":120,"column":64}}],"line":118},"30":{"loc":{"start":{"line":123,"column":19},"end":{"line":130,"column":13}},"type":"if","locations":[{"start":{"line":123,"column":19},"end":{"line":130,"column":13}},{"start":{"line":127,"column":19},"end":{"line":130,"column":13}}],"line":123},"31":{"loc":{"start":{"line":123,"column":23},"end":{"line":124,"column":54}},"type":"binary-expr","locations":[{"start":{"line":123,"column":23},"end":{"line":123,"column":54}},{"start":{"line":123,"column":58},"end":{"line":123,"column":89}},{"start":{"line":124,"column":16},"end":{"line":124,"column":54}}],"line":123},"32":{"loc":{"start":{"line":127,"column":19},"end":{"line":130,"column":13}},"type":"if","locations":[{"start":{"line":127,"column":19},"end":{"line":130,"column":13}},{"start":{},"end":{}}],"line":127},"33":{"loc":{"start":{"line":139,"column":12},"end":{"line":150,"column":13}},"type":"if","locations":[{"start":{"line":139,"column":12},"end":{"line":150,"column":13}},{"start":{"line":144,"column":19},"end":{"line":150,"column":13}}],"line":139},"34":{"loc":{"start":{"line":139,"column":16},"end":{"line":141,"column":64}},"type":"binary-expr","locations":[{"start":{"line":139,"column":16},"end":{"line":139,"column":47}},{"start":{"line":139,"column":51},"end":{"line":139,"column":82}},{"start":{"line":140,"column":16},"end":{"line":140,"column":54}},{"start":{"line":140,"column":58},"end":{"line":140,"column":99}},{"start":{"line":141,"column":16},"end":{"line":141,"column":64}}],"line":139},"35":{"loc":{"start":{"line":144,"column":19},"end":{"line":150,"column":13}},"type":"if","locations":[{"start":{"line":144,"column":19},"end":{"line":150,"column":13}},{"start":{"line":147,"column":19},"end":{"line":150,"column":13}}],"line":144},"36":{"loc":{"start":{"line":147,"column":19},"end":{"line":150,"column":13}},"type":"if","locations":[{"start":{"line":147,"column":19},"end":{"line":150,"column":13}},{"start":{},"end":{}}],"line":147},"37":{"loc":{"start":{"line":159,"column":12},"end":{"line":165,"column":13}},"type":"if","locations":[{"start":{"line":159,"column":12},"end":{"line":165,"column":13}},{"start":{"line":162,"column":19},"end":{"line":165,"column":13}}],"line":159},"38":{"loc":{"start":{"line":162,"column":19},"end":{"line":165,"column":13}},"type":"if","locations":[{"start":{"line":162,"column":19},"end":{"line":165,"column":13}},{"start":{},"end":{}}],"line":162},"39":{"loc":{"start":{"line":162,"column":23},"end":{"line":162,"column":86}},"type":"binary-expr","locations":[{"start":{"line":162,"column":23},"end":{"line":162,"column":54}},{"start":{"line":162,"column":58},"end":{"line":162,"column":86}}],"line":162},"40":{"loc":{"start":{"line":172,"column":15},"end":{"line":174,"column":72}},"type":"binary-expr","locations":[{"start":{"line":172,"column":15},"end":{"line":172,"column":29}},{"start":{"line":172,"column":33},"end":{"line":172,"column":49}},{"start":{"line":172,"column":53},"end":{"line":172,"column":71}},{"start":{"line":172,"column":75},"end":{"line":172,"column":91}},{"start":{"line":172,"column":95},"end":{"line":172,"column":114}},{"start":{"line":173,"column":15},"end":{"line":173,"column":32}},{"start":{"line":173,"column":36},"end":{"line":173,"column":51}},{"start":{"line":173,"column":55},"end":{"line":173,"column":69}},{"start":{"line":173,"column":73},"end":{"line":173,"column":90}},{"start":{"line":173,"column":94},"end":{"line":173,"column":114}},{"start":{"line":174,"column":15},"end":{"line":174,"column":33}},{"start":{"line":174,"column":37},"end":{"line":174,"column":53}},{"start":{"line":174,"column":57},"end":{"line":174,"column":72}}],"line":172},"41":{"loc":{"start":{"line":178,"column":15},"end":{"line":178,"column":111}},"type":"binary-expr","locations":[{"start":{"line":178,"column":15},"end":{"line":178,"column":29}},{"start":{"line":178,"column":33},"end":{"line":178,"column":51}},{"start":{"line":178,"column":55},"end":{"line":178,"column":72}},{"start":{"line":178,"column":76},"end":{"line":178,"column":91}},{"start":{"line":178,"column":95},"end":{"line":178,"column":111}}],"line":178},"42":{"loc":{"start":{"line":182,"column":15},"end":{"line":182,"column":49}},"type":"binary-expr","locations":[{"start":{"line":182,"column":15},"end":{"line":182,"column":31}},{"start":{"line":182,"column":35},"end":{"line":182,"column":49}}],"line":182},"43":{"loc":{"start":{"line":186,"column":15},"end":{"line":186,"column":56}},"type":"binary-expr","locations":[{"start":{"line":186,"column":15},"end":{"line":186,"column":29}},{"start":{"line":186,"column":33},"end":{"line":186,"column":56}}],"line":186}},"s":{"0":101,"1":101,"2":101,"3":101,"4":77,"5":101,"6":101,"7":101,"8":101,"9":101,"10":119,"11":119,"12":119,"13":12,"14":107,"15":32,"16":75,"17":4,"18":71,"19":119,"20":119,"21":101,"22":78,"23":78,"24":78,"25":76,"26":76,"27":76,"28":4,"29":72,"30":4,"31":68,"32":1,"33":67,"34":2,"35":1,"36":1,"37":65,"38":1,"39":64,"40":1,"41":63,"42":1,"43":62,"44":1,"45":61,"46":1,"47":60,"48":1,"49":59,"50":1,"51":58,"52":8,"53":50,"54":10,"55":40,"56":1,"57":39,"58":76,"59":76,"60":24,"61":24,"62":24,"63":24,"64":24,"65":52,"66":52,"67":52,"68":76,"69":76,"70":78,"71":52,"72":78,"73":32,"74":32,"75":180,"76":2,"77":178,"78":2,"79":176,"80":1,"81":175,"82":27,"83":150,"84":2,"85":71,"86":71,"87":183,"88":1,"89":182,"90":69,"91":113,"92":1,"93":113,"94":1,"95":12,"96":12,"97":18,"98":10,"99":8,"100":1,"101":7,"102":1,"103":121,"104":178,"105":176,"106":679,"107":27,"108":27,"109":27,"110":27,"111":27,"112":27,"113":27,"114":27,"115":27,"116":27,"117":27,"118":27,"119":27,"120":27,"121":27,"122":27,"123":27,"124":27,"125":27},"f":{"0":101,"1":77,"2":101,"3":78,"4":32,"5":71,"6":12,"7":121,"8":178,"9":176,"10":679},"b":{"0":[12,107],"1":[119,112],"2":[32,75],"3":[107,102,101,90,79,78,76],"4":[4,71],"5":[4,72],"6":[4,68],"7":[1,67],"8":[2,65],"9":[1,1],"10":[2,2],"11":[1,64],"12":[1,63],"13":[1,62],"14":[1,61],"15":[1,60],"16":[1,59],"17":[1,58],"18":[8,50],"19":[10,40],"20":[1,39],"21":[24,52],"22":[24,0],"23":[24,0],"24":[52,0],"25":[52,26],"26":[2,178],"27":[180,2,2,2,2],"28":[2,176],"29":[178,31,31,31,31],"30":[1,175],"31":[176,6,6],"32":[27,148],"33":[1,182],"34":[183,1,1,1,1],"35":[69,113],"36":[1,112],"37":[10,8],"38":[1,7],"39":[8,7],"40":[121,121,121,121,121,121,121,119,119,119,119,119,119],"41":[178,164,163,161,148],"42":[176,171],"43":[679,616]},"_coverageSchema":"1a1c01bbd47fc00a2c39e90264f33305004495a9","hash":"0f6aa1c33227f8f16181aa1cc304669df26d9246"}
,"D:\\Github\\Flat.Simplex\\SimplexApp\\simplex\\parser\\logic\\Block.js": {"path":"D:\\Github\\Flat.Simplex\\SimplexApp\\simplex\\parser\\logic\\Block.js","statementMap":{"0":{"start":{"line":3,"column":8},"end":{"line":3,"column":27}},"1":{"start":{"line":4,"column":8},"end":{"line":4,"column":26}},"2":{"start":{"line":5,"column":8},"end":{"line":5,"column":32}},"3":{"start":{"line":7,"column":8},"end":{"line":7,"column":29}},"4":{"start":{"line":8,"column":8},"end":{"line":8,"column":27}},"5":{"start":{"line":24,"column":8},"end":{"line":24,"column":21}},"6":{"start":{"line":28,"column":8},"end":{"line":28,"column":21}},"7":{"start":{"line":32,"column":8},"end":{"line":32,"column":21}},"8":{"start":{"line":36,"column":8},"end":{"line":36,"column":107}},"9":{"start":{"line":40,"column":8},"end":{"line":40,"column":111}},"10":{"start":{"line":48,"column":8},"end":{"line":51,"column":9}},"11":{"start":{"line":49,"column":12},"end":{"line":49,"column":52}},"12":{"start":{"line":50,"column":12},"end":{"line":50,"column":24}},"13":{"start":{"line":52,"column":8},"end":{"line":52,"column":21}},"14":{"start":{"line":56,"column":20},"end":{"line":56,"column":46}},"15":{"start":{"line":57,"column":8},"end":{"line":61,"column":9}},"16":{"start":{"line":58,"column":12},"end":{"line":58,"column":25}},"17":{"start":{"line":59,"column":15},"end":{"line":61,"column":9}},"18":{"start":{"line":60,"column":12},"end":{"line":60,"column":51}},"19":{"start":{"line":62,"column":8},"end":{"line":62,"column":20}},"20":{"start":{"line":66,"column":8},"end":{"line":66,"column":56}},"21":{"start":{"line":70,"column":8},"end":{"line":70,"column":58}},"22":{"start":{"line":74,"column":8},"end":{"line":74,"column":41}},"23":{"start":{"line":78,"column":8},"end":{"line":78,"column":44}},"24":{"start":{"line":82,"column":8},"end":{"line":82,"column":27}},"25":{"start":{"line":86,"column":8},"end":{"line":86,"column":26}},"26":{"start":{"line":90,"column":0},"end":{"line":90,"column":23}}},"fnMap":{"0":{"name":"(anonymous_0)","decl":{"start":{"line":2,"column":4},"end":{"line":2,"column":5}},"loc":{"start":{"line":2,"column":31},"end":{"line":9,"column":5}},"line":2},"1":{"name":"(anonymous_1)","decl":{"start":{"line":11,"column":4},"end":{"line":11,"column":5}},"loc":{"start":{"line":11,"column":11},"end":{"line":13,"column":5}},"line":11},"2":{"name":"(anonymous_2)","decl":{"start":{"line":15,"column":4},"end":{"line":15,"column":5}},"loc":{"start":{"line":15,"column":36},"end":{"line":17,"column":5}},"line":15},"3":{"name":"(anonymous_3)","decl":{"start":{"line":19,"column":4},"end":{"line":19,"column":5}},"loc":{"start":{"line":19,"column":26},"end":{"line":21,"column":5}},"line":19},"4":{"name":"(anonymous_4)","decl":{"start":{"line":23,"column":4},"end":{"line":23,"column":5}},"loc":{"start":{"line":23,"column":26},"end":{"line":25,"column":5}},"line":23},"5":{"name":"(anonymous_5)","decl":{"start":{"line":27,"column":4},"end":{"line":27,"column":5}},"loc":{"start":{"line":27,"column":13},"end":{"line":29,"column":5}},"line":27},"6":{"name":"(anonymous_6)","decl":{"start":{"line":31,"column":4},"end":{"line":31,"column":5}},"loc":{"start":{"line":31,"column":15},"end":{"line":33,"column":5}},"line":31},"7":{"name":"(anonymous_7)","decl":{"start":{"line":35,"column":4},"end":{"line":35,"column":5}},"loc":{"start":{"line":35,"column":19},"end":{"line":37,"column":5}},"line":35},"8":{"name":"(anonymous_8)","decl":{"start":{"line":39,"column":4},"end":{"line":39,"column":5}},"loc":{"start":{"line":39,"column":21},"end":{"line":41,"column":5}},"line":39},"9":{"name":"(anonymous_9)","decl":{"start":{"line":43,"column":4},"end":{"line":43,"column":5}},"loc":{"start":{"line":43,"column":23},"end":{"line":45,"column":5}},"line":43},"10":{"name":"(anonymous_10)","decl":{"start":{"line":47,"column":4},"end
[...]
n":32}},"28":{"start":{"line":62,"column":8},"end":{"line":67,"column":9}},"29":{"start":{"line":63,"column":26},"end":{"line":63,"column":48}},"30":{"start":{"line":64,"column":12},"end":{"line":64,"column":36}},"31":{"start":{"line":65,"column":12},"end":{"line":65,"column":29}},"32":{"start":{"line":66,"column":12},"end":{"line":66,"column":36}},"33":{"start":{"line":68,"column":8},"end":{"line":68,"column":21}},"34":{"start":{"line":72,"column":8},"end":{"line":72,"column":68}},"35":{"start":{"line":73,"column":8},"end":{"line":73,"column":20}},"36":{"start":{"line":77,"column":8},"end":{"line":77,"column":60}},"37":{"start":{"line":78,"column":8},"end":{"line":78,"column":20}},"38":{"start":{"line":82,"column":8},"end":{"line":82,"column":65}},"39":{"start":{"line":83,"column":8},"end":{"line":83,"column":20}},"40":{"start":{"line":87,"column":8},"end":{"line":87,"column":71}},"41":{"start":{"line":88,"column":8},"end":{"line":88,"column":20}},"42":{"start":{"line":92,"column":8},"end":{"line":92,"column":38}},"43":{"start":{"line":93,"column":8},"end":{"line":93,"column":71}},"44":{"start":{"line":94,"column":8},"end":{"line":94,"column":20}},"45":{"start":{"line":98,"column":20},"end":{"line":98,"column":36}},"46":{"start":{"line":99,"column":8},"end":{"line":99,"column":48}},"47":{"start":{"line":100,"column":20},"end":{"line":100,"column":31}},"48":{"start":{"line":101,"column":8},"end":{"line":104,"column":9}},"49":{"start":{"line":102,"column":12},"end":{"line":102,"column":30}},"50":{"start":{"line":103,"column":12},"end":{"line":103,"column":36}},"51":{"start":{"line":105,"column":8},"end":{"line":105,"column":21}},"52":{"start":{"line":109,"column":8},"end":{"line":117,"column":9}},"53":{"start":{"line":110,"column":12},"end":{"line":110,"column":57}},"54":{"start":{"line":111,"column":15},"end":{"line":117,"column":9}},"55":{"start":{"line":112,"column":12},"end":{"line":112,"column":59}},"56":{"start":{"line":113,"column":15},"end":{"line":117,"column":9}},"57":{"start":{"line":114,"column":12},"end":{"line":114,"column":45}},"58":{"start":{"line":116,"column":12},"end":{"line":116,"column":36}},"59":{"start":{"line":121,"column":8},"end":{"line":121,"column":84}},"60":{"start":{"line":121,"column":42},"end":{"line":121,"column":84}},"61":{"start":{"line":123,"column":8},"end":{"line":130,"column":9}},"62":{"start":{"line":124,"column":12},"end":{"line":126,"column":13}},"63":{"start":{"line":125,"column":16},"end":{"line":125,"column":113}},"64":{"start":{"line":127,"column":12},"end":{"line":129,"column":13}},"65":{"start":{"line":128,"column":16},"end":{"line":128,"column":105}},"66":{"start":{"line":131,"column":8},"end":{"line":133,"column":9}},"67":{"start":{"line":132,"column":12},"end":{"line":132,"column":109}},"68":{"start":{"line":137,"column":8},"end":{"line":137,"column":72}},"69":{"start":{"line":141,"column":20},"end":{"line":141,"column":44}},"70":{"start":{"line":142,"column":8},"end":{"line":142,"column":74}},"71":{"start":{"line":146,"column":8},"end":{"line":146,"column":78}},"72":{"start":{"line":146,"column":42},"end":{"line":146,"column":78}},"73":{"start":{"line":147,"column":16},"end":{"line":147,"column":24}},"74":{"start":{"line":148,"column":16},"end":{"line":148,"column":22}},"75":{"start":{"line":149,"column":8},"end":{"line":158,"column":9}},"76":{"start":{"line":150,"column":12},"end":{"line":152,"column":13}},"77":{"start":{"line":151,"column":16},"end":{"line":151,"column":125}},"78":{"start":{"line":153,"column":12},"end":{"line":155,"column":13}},"79":{"start":{"line":154,"column":16},"end":{"line":154,"column":93}},"80":{"start":{"line":156,"column":12},"end":{"line":156,"column":28}},"81":{"start":{"line":157,"column":12},"end":{"line":157,"column":28}},"82":{"start":{"line":159,"column":8},"end":{"line":161,"column":9}},"83":{"start":{"line":160,"column":12},"end":{"line":160,"column":121}},"84":{"start":{"line":165,"column":8},"end":{"line":172,"column":9}},"85":{"start":{"line":167,"column":16},"end":{"line":167,"column":58}},"86":{"start":{"line":169,"column":16},"end":{"line":169,"column":58}},"87":{"start":{"line":171,"column":16},"end":{"line":171,"column":58}},"88":{"start":{"line":176,"column":16},"end":{"line":176,"column":24}},"89":{"start":{"line":177,"column":16},"end":{"line":177,"column":22}},"90":{"start":{"line":178,"column":8},"end":{"line":187,"column":9}},"91":{"start":{"line":179,"column":12},"end":{"line":181,"column":13}},"92":{"start":{"line":180,"column":16},"end":{"line":180,"column":115}},"93":{"start":{"line":182,"column":12},"end":{"line":184,"column":13}},"94":{"start":{"line":183,"column":16},"end":{"line":183,"column":95}},"95":{"start":{"line":185,"column":12},"end":{"line":185,"column":28}},"96":{"start":{"line":186,"column":12},"end":{"line":186,"column":28}},"97":{"start":{"line":188,"column":8},"end":{"line":190,"column":9}},"98":{"start":{"line":189,"column":12},"end":{"line":189,"column":111}},"99":{"start":{"line":194,"column":8},"end":{"line":194,"column":53}},"100":{"start":{"line":198,"column":17},"end":{"line":198,"column":19}},"101":{"start":{"line":199,"column":8},"end":{"line":208,"column":9}},"102":{"start":{"line":200,"column":12},"end":{"line":200,"column":35}},"103":{"start":{"line":201,"column":12},"end":{"line":203,"column":13}},"104":{"start":{"line":202,"column":16},"end":{"line":202,"column":69}},"105":{"start":{"line":204,"column":12},"end":{"line":204,"column":36}},"106":{"start":{"line":205,"column":12},"end":{"line":207,"column":13}},"107":{"start":{"line":206,"column":16},"end":{"line":206,"column":26}},"108":{"start":{"line":209,"column":8},"end":{"line":209,"column":18}},"109":{"start":{"line":213,"column":8},"end":{"line":218,"column":9}},"110":{"start":{"line":215,"column":16},"end":{"line":215,"column":58}},"111":{"start":{"line":217,"column":16},"end":{"line":217,"column":58}},"112":{"start":{"line":222,"column":0},"end":{"line":222,"column":28}},"113":{"start":{"line":223,"column":0},"end":{"line":223,"column":38}},"114":{"start":{"line":224,"column":0},"end":{"line":224,"column":42}},"115":{"start":{"line":225,"column":0},"end":{"line":225,"column":42}},"116":{"start":{"line":226,"column":0},"end":{"line":226,"column":56}}},"fnMap":{"0":{"name":"(anonymous_0)","decl":{"start":{"line":7,"column":4},"end":{"line":7,"column":5}},"loc":{"start":{"line":7,"column":18},"end":{"line":10,"column":5}},"line":7},"1":{"name":"(anonymous_1)","decl":{"start":{"line":12,"column":4},"end":{"line":12,"column":5}},"loc":{"start":{"line":12,"column":20},"end":{"line":25,"column":5}},"line":12},"2":{"name":"(anonymous_2)","decl":{"start":{"line":27,"column":4},"end":{"line":27,"column":5}},"loc":{"start":{"line":27,"column":10},"end":{"line":29,"column":5}},"line":27},"3":{"name":"(anonymous_3)","decl":{"start":{"line":31,"column":4},"end":{"line":31,"column":5}},"loc":{"start":{"line":31,"column":17},"end":{"line":39,"column":5}},"line":31},"4":{"name":"(anonymous_4)","decl":{"start":{"line":41,"column":4},"end":{"line":41,"column":5}},"loc":{"start":{"line":41,"column":17},"end":{"line":44,"column":5}},"line":41},"5":{"name":"(anonymous_5)","decl":{"start":{"line":46,"column":4},"end":{"line":46,"column":5}},"loc":{"start":{"line":46,"column":22},"end":{"line":69,"column":5}},"line":46},"6":{"name":"(anonymous_6)","decl":{"start":{"line":71,"column":4},"end":{"line":71,"column":5}},"loc":{"start":{"line":71,"column":13},"end":{"line":74,"column":5}},"line":71},"7":{"name":"(anonymous_7)","decl":{"start":{"line":76,"column":4},"end":{"line":76,"column":5}},"loc":{"start":{"line":76,"column":23},"end":{"line":79,"column":5}},"line":76},"8":{"name":"(anonymous_8)","decl":{"start":{"line":81,"column":4},"end":{"line":81,"column":5}},"loc":{"start":{"line":81,"column":15},"end":{"line":84,"column":5}},"line":81},"9":{"name":"(anonymous_9)","decl":{"start":{"line":86,"column":4},"end":{"line":86,"column":5}},"loc":{"start":{"line":86,"column":19},"end":{"line":89,"column":5}},"line":86},"10":{"name":"(anonymous_10)","decl":{"start":{"line":91,"column":4},"end":{"line":91,"column":5}},"loc":{"start":{"line":91,"column":19},"end":{"line":95,"column":5}},"line":91},"11":{"name":"(anonymous_11)","decl":{"start":{"line":97,"column":4},"end":{"line":97,"column":5}},"loc":{"start":{"line":97,"column":30},"end":{"line":106,"column":5}},"line":97},"12":{"name":"(anonymous_12)","decl":{"start":{"line":108,"column":4},"end":{"line":108,"column":5}},"loc":{"start":{"line":108,"column":23},"end":{"line":118,"column":5}},"line":108},"13":{"name":"(anonymous_13)","decl":{"start":{"line":120,"column":4},"end":{"line":120,"column":5}},"loc":{"start":{"line":120,"column":49},"end":{"line":134,"column":5}},"line":120},"14":{"name":"(anonymous_14)","decl":{"start":{"line":136,"column":4},"end":{"line":136,"column":5}},"loc":{"start":{"line":136,"column":52},"end":{"line":138,"column":5}},"line":136},"15":{"name":"(anonymous_15)","decl":{"start":{"line":140,"column":4},"end":{"line":140,"column":5}},"loc":{"start":{"line":140,"column":57},"end":{"line":143,"column":5}},"line":140},"16":{"name":"(anonymous_16)","decl":{"start":{"line":145,"column":4},"end":{"line":145,"column":5}},"loc":{"start":{"line":145,"column":64},"end":{"line":162,"column":5}},"line":145},"17":{"name":"(anonymous_17)","decl":{"start":{"line":164,"column":4},"end":{"line":164,"column":5}},"loc":{"start":{"line":164,"column":33},"end":{"line":173,"column":5}},"line":164},"18":{"name":"(anonymous_18)","decl":{"start":{"line":175,"column":4},"end":{"line":175,"column":5}},"loc":{"start":{"line":175,"column":75},"end":{"line":191,"column":5}},"line":175},"19":{"name":"(anonymous_19)","decl":{"start":{"line":193,"column":4},"end":{"line":193,"column":5}},"loc":{"start":{"line":193,"column":33},"end":{"line":195,"column":5}},"line":193},"20":{"name":"(anonymous_20)","decl":{"start":{"line":197,"column":4},"end":{"line":197,"column":5}},"loc":{"start":{"line":197,"column":37},"end":{"line":210,"column":5}},"line":197},"21":{"name":"(anonymous_21)","decl":{"start":{"line":212,"column":4},"end":{"line":212,"column":5}},"loc":{"start":{"line":212,"column":33},"end":{"line":219,"column":5}},"line":212}},"branchMap":{"0":{"loc":{"start":{"line":13,"column":8},"end":{"line":19,"column":9}},"type":"if","locations":[{"start":{"line":13,"column":8},"end":{"line":19,"column":9}},{"start":{"line":16,"column":15},"end":{"line":19,"column":9}}],"line":13},"1":{"loc":{"start":{"line":33,"column":8},"end":{"line":37,"column":9}},"type":"if","locations":[{"start":{"line":33,"column":8},"end":{"line":37,"column":9}},{"start":{},"end":{}}],"line":33},"2":{"loc":{"start":{"line":33,"column":12},"end":{"line":35,"column":82}},"type":"binary-expr","locations":[{"start":{"line":33,"column":13},"end":{"line":33,"column":44}},{"start":{"line":33,"column":48},"end":{"line":33,"column":81}},{"start":{"line":34,"column":13},"end":{"line":34,"column":44}},{"start":{"line":34,"column":48},"end":{"line":34,"column":81}},{"start":{"line":35,"column":13},"end":{"line":35,"column":44}},{"start":{"line":35,"column":48},"end":{"line":35,"column":81}}],"line":33},"3":{"loc":{"start":{"line":49,"column":8},"end":{"line":58,"column":9}},"type":"if","locations":[{"start":{"line":49,"column":8},"end":{"line":58,"column":9}},{"start":{},"end":{}}],"line":49},"4":{"loc":{"start":{"line":51,"column":12},"end":{"line":57,"column":13}},"type":"if","locations":[{"start":{"line":51,"column":12},"end":{"line":57,"column":13}},{"start":{},"end":{}}],"line":51},"5":{"loc":{"start":{"line":109,"column":8},"end":{"line":117,"column":9}},"type":"if","locations":[{"start":{"line":109,"column":8},"end":{"line":117,"column":9}},{"start":{"line":111,"column":15},"end":{"line":117,"column":9}}],"line":109},"6":{"loc":{"start":{"line":111,"column":15},"end":{"line":117,"column":9}},"type":"if","locations":[{"start":{"line":111,"column":15},"end":{"line":117,"column":9}},{"start":{"line":113,"column":15},"end":{"line":117,"column":9}}],"line":111},"7":{"loc":{"start":{"line":113,"column":15},"end":{"line":117,"column":9}},"type":"if","locations":[{"start":{"line":113,"column":15},"end":{"line":117,"column":9}},{"start":{"line":115,"column":15},"end":{"line":117,"column":9}}],"line":113},"8":{"loc":{"start":{"line":121,"column":8},"end":{"line":121,"column":84}},"type":"if","locations":[{"start":{"line":121,"column":8},"end":{"line":121,"column":84}},{"start":{},"end":{}}],"line":121},"9":{"loc":{"start":{"line":123,"column":8},"end":{"line":130,"column":9}},"type":"if","locations":[{"start":{"line":123,"column":8},"end":{"line":130,"column":9}},{"start":{},"end":{}}],"line":123},"10":{"loc":{"start":{"line":123,"column":12},"end":{"line":123,"column":48}},"type":"binary-expr","locations":[{"start":{"line":123,"column":12},"end":{"line":123,"column":29}},{"start":{"line":123,"column":33},"end":{"line":123,"column":48}}],"line":123},"11":{"loc":{"start":{"line":124,"column":12},"end":{"line":126,"column":13}},"type":"if","locations":[{"start":{"line":124,"column":12},"end":{"line":126,"column":13}},{"start":{},"end":{}}],"line":124},"12":{"loc":{"start":{"line":124,"column":16},"end":{"line":124,"column":109}},"type":"binary-expr","locations":[{"start":{"line":124,"column":16},"end":{"line":124,"column":40}},{"start":{"line":124,"column":45},"end":{"line":124,"column":108}}],"line":124},"13":{"loc":{"start":{"line":127,"column":12},"end":{"line":129,"column":13}},"type":"if","locations":[{"start":{"line":127,"column":12},"end":{"line":129,"column":13}},{"start":{},"end":{}}],"line":127},"14":{"loc":{"start":{"line":127,"column":16},"end":{"line":127,"column":74}},"type":"binary-expr","locations":[{"start":{"line":127,"column":16},"end":{"line":127,"column":44}},{"start":{"line":127,"column":48},"end":{"line":127,"column":74}}],"line":127},"15":{"loc":{"start":{"line":131,"column":8},"end":{"line":133,"column":9}},"type":"if","locations":[{"start":{"line":131,"column":8},"end":{"line":133,"column":9}},{"start":{},"end":{}}],"line":131},"16":{"loc":{"start":{"line":146,"column":8},"end":{"line":146,"column":78}},"type":"if","locations":[{"start":{"line":146,"column":8},"end":{"line":146,"column":78}},{"start":{},"end":{}}],"line":146},"17":{"loc":{"start":{"line":149,"column":15},"end":{"line":149,"column":39}},"type":"binary-expr","locations":[{"start":{"line":149,"column":15},"end":{"line":149,"column":25}},{"start":{"line":149,"column":29},"end":{"line":149,"column":39}}],"line":149},"18":{"loc":{"start":{"line":150,"column":12},"end":{"line":152,"column":13}},"type":"if","locations":[{"start":{"line":150,"column":12},"end":{"line":152,"column":13}},{"start":{},"end":{}}],"line":150},"19":{"loc":{"start":{"line":150,"column":16},"end":{"line":150,"column":85}},"type":"binary-expr","locations":[{"start":{"line":150,"column":16},"end":{"line":150,"column":28}},{"start":{"line":150,"column":33},"end":{"line":150,"column":84}}],"line":150},"20":{"loc":{"start":{"line":153,"column":12},"end":{"line":155,"column":13}},"type":"if","locations":[{"start":{"line":153,"column":12},"end":{"line":155,"column":13}},{"start":{},"end":{}}],"line":153},"21":{"loc":{"start":{"line":153,"column":16},"end":{"line":153,"column":62}},"type":"binary-expr","locations":[{"start":{"line":153,"column":16},"end":{"line":153,"column":37}},{"start":{"line":153,"column":41},"end":{"line":153,"column":62}}],"line":153},"22":{"loc":{"start":{"line":159,"column":8},"end":{"line":161,"column":9}},"type":"if","locations":[{"start":{"line":159,"column":8},"end":{"line":161,"column":9}},{"start":{},"end":{}}],"line":159},"23":{"loc":{"start":{"line":165,"column":8},"end":{"line":172,"column":9}},"type":"switch","locations":[{"start":{"line":166,"column":12},"end":{"line":167,"column":58}},{"start":{"line":168,"column":12},"end":{"line":169,"column":58}},{"start":{"line":170,"column":12},"end":{"line":171,"column":58}}],"line":165},"24":{"loc":{"start":{"line":178,"column":15},"end":{"line":178,"column":39}},"type":"binary-expr","locations":[{"start":{"line":178,"column":15},"end":{"line":178,"column":25}},{"start":{"line":178,"column":29},"end":{"line":178,"column":39}}],"line":178},"25":{"loc":{"start":{"line":179,"column":12},"end":{"line":181,"column":13}},"type":"if","locations":[{"start":{"line":179,"column":12},"end":{"line":181,"column":13}},{"start":{},"end":{}}],"line":179},"26":{"loc":{"start":{"line":179,"column":16},"end":{"line":179,"column":85}},"type":"binary-expr","locations":[{"start":{"line":179,"column":16},"end":{"line":179,"column":28}},{"start":{"line":179,"column":33},"end":{"line":179,"column":84}}],"line":179},"27":{"loc":{"start":{"line":182,"column":12},"end":{"line":184,"column":13}},"type":"if","locations":[{"start":{"line":182,"column":12},"end":{"line":184,"column":13}},{"start":{},"end":{}}],"line":182},"28":{"loc":{"start":{"line":182,"column":16},"end":{"line":182,"column":62}},"type":"binary-expr","locations":[{"start":{"line":182,"column":16},"end":{"line":182,"column":37}},{"start":{"line":182,"column":41},"end":{"line":182,"column":62}}],"line":182},"29":{"loc":{"start":{"line":188,"column":8},"end":{"line":190,"column":9}},"type":"if","locations":[{"start":{"line":188,"column":8},"end":{"line":190,"column":9}},{"start":{},"end":{}}],"line":188},"30":{"loc":{"start":{"line":199,"column":15},"end":{"line":199,"column":46}},"type":"binary-expr","locations":[{"start":{"line":199,"column":15},"end":{"line":199,"column":29}},{"start":{"line":199,"column":33},"end":{"line":199,"column":46}}],"line":199},"31":{"loc":{"start":{"line":201,"column":12},"end":{"line":203,"column":13}},"type":"if","locations":[{"start":{"line":201,"column":12},"end":{"line":203,"column":13}},{"start":{},"end":{}}],"line":201},"32":{"loc":{"start":{"line":205,"column":12},"end":{"line":207,"column":13}},"type":"if","locations":[{"start":{"line":205,"column":12},"end":{"line":207,"column":13}},{"start":{},"end":{}}],"line":205},"33":{"loc":{"start":{"line":213,"column":8},"end":{"line":218,"column":9}},"type":"switch","locations":[{"start":{"line":214,"column":12},"end":{"line":215,"column":58}},{"start":{"line":216,"column":12},"end":{"line":217,"column":58}}],"line":213}},"s":{"0":630,"1":630,"2":197,"3":86,"4":86,"5":111,"6":111,"7":197,"8":197,"9":199,"10":199,"11":999,"12":28,"13":28,"14":22,"15":28,"16":60,"17":60,"18":1943,"19":1943,"20":201,"21":201,"22":201,"23":201,"24":154,"25":201,"26":1943,"27":1943,"28":1943,"29":1682,"30":1682,"31":1682,"32":1682,"33":1943,"34":66,"35":66,"36":3,"37":3,"38":58,"39":58,"40":7,"41":7,"42":3,"43":3,"44":3,"45":544,"46":544,"47":544,"48":544,"49":1577,"50":1577,"51":544,"52":86,"53":23,"54":63,"55":0,"56":63,"57":1,"58":62,"59":58,"60":58,"61":58,"62":58,"63":0,"64":58,"65":50,"66":58,"67":0,"68":33,"69":38,"70":38,"71":155,"72":0,"73":155,"74":155,"75":155,"76":473,"77":0,"78":473,"79":72,"80":473,"81":473,"82":155,"83":0,"84":155,"85":33,"86":38,"87":84,"88":131,"89":131,"90":131,"91":318,"92":0,"93":318,"94":9,"95":318,"96":318,"97":131,"98":0,"99":0,"100":0,"101":0,"102":0,"103":0,"104":0,"105":0,"106":0,"107":0,"108":0,"109":0,"110":0,"111":0,"112":29,"113":29,"114":29,"115":29,"116":29},"f":{"0":630,"1":197,"2":999,"3":28,"4":60,"5":1943,"6":66,"7":3,"8":58,"9":7,"10":3,"11":544,"12":86,"13":58,"14":33,"15":38,"16":155,"17":155,"18":131,"19":0,"20":0,"21":0},"b":{"0":[86,111],"1":[22,6],"2":[28,12,21,9,13,7],"3":[201,1742],"4":[201,0],"5":[23,63],"6":[0,63],"7":[1,62],"8":[58,0],"9":[58,0],"10":[58,58],"11":[0,58],"12":[58,58],"13":[50,8],"14":[58,50],"15":[0,58],"16":[0,155],"17":[628,473],"18":[0,473],"19":[473,473],"20":[72,401],"21":[473,72],"22":[0,155],"23":[33,38,84],"24":[449,318],"25":[0,318],"26":[318,318],"27":[9,309],"28":[318,9],"29":[0,131],"30":[0,0],"31":[0,0],"32":[0,0],"33":[0,0]},"_coverageSchema":"1a1c01bbd47fc00a2c39e90264f33305004495a9","hash":"1f51963dc8671a02877fe8b29057c9f76faba64e"}
}
