TN:
SF:simplex\lexer\Key.js
FN:2,(anonymous_0)
FN:7,(anonymous_1)
FN:20,(anonymous_2)
FNF:3
FNH:3
FNDA:1950,(anonymous_0)
FNDA:4490,(anonymous_1)
FNDA:2605,(anonymous_2)
DA:3,1950
DA:4,1950
DA:8,4490
DA:9,4490
DA:11,4490
DA:12,4490
DA:13,4374
DA:14,9721
DA:15,9721
DA:17,4374
DA:21,2605
DA:22,29
DA:23,29
DA:24,1914
DA:25,1885
DA:29,2605
DA:30,2605
DA:34,30
DA:35,30
DA:36,30
DA:37,30
DA:38,30
DA:39,30
DA:40,30
DA:41,30
DA:42,30
DA:43,30
DA:44,30
DA:45,30
DA:46,30
DA:47,30
DA:48,30
DA:49,30
DA:50,30
DA:51,30
DA:52,30
DA:53,30
DA:54,30
DA:55,30
DA:56,30
DA:57,30
DA:58,30
DA:59,30
DA:60,30
DA:61,30
DA:62,30
DA:63,30
DA:64,30
DA:65,30
DA:66,30
DA:67,30
DA:68,30
DA:69,30
DA:70,30
DA:71,30
DA:72,30
DA:73,30
DA:74,30
DA:75,30
DA:76,30
DA:77,30
DA:78,30
DA:79,30
DA:80,30
DA:81,30
DA:82,30
DA:83,30
DA:84,30
DA:85,30
DA:86,30
DA:87,30
DA:88,30
DA:89,30
DA:90,30
DA:91,30
DA:92,30
DA:93,30
DA:94,30
DA:95,30
DA:96,30
DA:97,30
DA:98,30
DA:99,30
DA:101,30
LF:84
LH:84
BRDA:4,0,0,960
BRDA:4,0,1,990
BRDA:8,1,0,2414
BRDA:8,1,1,2076
BRDA:9,2,0,1885
BRDA:9,2,1,2605
BRDA:12,3,0,116
BRDA:12,3,1,4374
BRDA:21,4,0,29
BRDA:21,4,1,2576
BRDA:24,5,0,1885
BRDA:24,5,1,29
BRDA:24,6,0,1914
BRDA:24,6,1,1885
BRDA:30,7,0,2026
BRDA:30,7,1,579
BRF:16
BRH:16
end_of_record
TN:
SF:simplex\lexer\Lexer.js
FN:4,(anonymous_0)
FN:13,(anonymous_1)
FN:23,(anonymous_2)
FN:27,(anonymous_3)
FN:71,(anonymous_4)
FN:83,(anonymous_5)
FN:89,(anonymous_6)
FN:101,(anonymous_7)
FN:114,(anonymous_8)
FN:127,(anonymous_9)
FN:152,(anonymous_10)
FN:159,(anonymous_11)
FN:168,(anonymous_12)
FN:185,(anonymous_13)
FN:204,(anonymous_14)
FN:211,(anonymous_15)
FN:220,(anonymous_16)
FN:228,(anonymous_17)
FN:232,(anonymous_18)
FN:237,(anonymous_19)
FN:242,(anonymous_20)
FN:247,(anonymous_21)
FN:252,(anonymous_22)
FN:261,(anonymous_23)
FN:266,(anonymous_24)
FN:271,(anonymous_25)
FN:277,(anonymous_26)
FN:281,(anonymous_27)
FNF:28
FNH:28
FNDA:577,(anonymous_0)
FNDA:577,(anonymous_1)
FNDA:11661,(anonymous_2)
FNDA:3354,(anonymous_3)
FNDA:6939,(anonymous_4)
FNDA:852,(anonymous_5)
FNDA:1,(anonymous_6)
FNDA:2,(anonymous_7)
FNDA:1098,(anonymous_8)
FNDA:448,(anonymous_9)
FNDA:415,(anonymous_10)
FNDA:1067,(anonymous_11)
FNDA:121,(anonymous_12)
FNDA:9,(anonymous_13)
FNDA:376,(anonymous_14)
FNDA:299,(anonymous_15)
FNDA:4,(anonymous_16)
FNDA:5304,(anonymous_17)
FNDA:5441,(anonymous_18)
FNDA:6506,(anonymous_19)
FNDA:2743,(anonymous_20)
FNDA:2295,(anonymous_21)
FNDA:893,(anonymous_22)
FNDA:683,(anonymous_23)
FNDA:692,(anonymous_24)
FNDA:5,(anonymous_25)
FNDA:4628,(anonymous_26)
FNDA:275,(anonymous_27)
DA:5,577
DA:6,577
DA:7,577
DA:8,577
DA:9,577
DA:10,577
DA:14,577
DA:15,577
DA:16,577
DA:17,1641
DA:18,1641
DA:20,577
DA:24,11661
DA:28,3354
DA:29,3594
DA:30,852
DA:31,852
DA:33,2742
DA:34,1
DA:35,1
DA:37,2741
DA:38,2
DA:39,2
DA:43,2739
DA:44,448
DA:46,2291
DA:47,415
DA:49,1876
DA:50,1067
DA:52,809
DA:53,121
DA:55,688
DA:56,9
DA:58,679
DA:59,376
DA:61,303
DA:62,299
DA:65,4
DA:68,615
DA:72,6939
DA:73,6939
DA:74,577
DA:75,577
DA:77,6362
DA:78,6362
DA:79,6362
DA:84,852
DA:85,853
DA:90,1
DA:91,1
DA:92,1
DA:93,9
DA:94,1
DA:95,1
DA:97,8
DA:102,2
DA:103,2
DA:104,2
DA:105,22
DA:106,1
DA:107,1
DA:108,1
DA:110,21
DA:115,1098
DA:116,533
DA:118,565
DA:119,342
DA:121,223
DA:122,223
DA:124,0
DA:128,448
DA:129,448
DA:130,448
DA:131,448
DA:132,448
DA:133,448
DA:134,448
DA:135,448
DA:136,1098
DA:137,429
DA:139,669
DA:141,1098
DA:142,1098
DA:143,410
DA:144,410
DA:146,688
DA:148,448
DA:149,448
DA:153,415
DA:154,415
DA:155,415
DA:156,415
DA:160,1067
DA:161,1067
DA:162,3650
DA:164,1067
DA:165,1067
DA:169,121
DA:170,121
DA:171,277
DA:172,2
DA:173,2
DA:175,275
DA:176,208
DA:178,67
DA:182,121
DA:186,9
DA:187,9
DA:188,9
DA:189,9
DA:190,9
DA:191,49
DA:192,2
DA:194,47
DA:195,6
DA:196,6
DA:199,43
DA:201,9
DA:205,376
DA:206,376
DA:207,376
DA:208,376
DA:212,299
DA:213,299
DA:214,308
DA:216,299
DA:217,299
DA:221,4
DA:222,4
DA:223,4
DA:225,4
DA:229,5304
DA:234,5441
DA:239,6506
DA:244,2743
DA:249,2295
DA:256,893
DA:263,683
DA:268,692
DA:272,5
DA:278,4628
DA:285,275
DA:291,29
DA:292,29
DA:293,29
LF:145
LH:144
BRDA:29,0,0,852
BRDA:29,0,1,2742
BRDA:33,1,0,1
BRDA:33,1,1,2741
BRDA:33,2,0,2742
BRDA:33,2,1,3
BRDA:37,3,0,2
BRDA:37,3,1,2739
BRDA:37,4,0,2741
BRDA:37,4,1,2
BRDA:43,5,0,448
BRDA:43,5,1,2291
BRDA:46,6,0,415
BRDA:46,6,1,1876
BRDA:49,7,0,1067
BRDA:49,7,1,809
BRDA:52,8,0,121
BRDA:52,8,1,688
BRDA:52,9,0,809
BRDA:52,9,1,691
BRDA:55,10,0,9
BRDA:55,10,1,679
BRDA:58,11,0,376
BRDA:58,11,1,303
BRDA:61,12,0,299
BRDA:61,12,1,4
BRDA:73,13,0,577
BRDA:73,13,1,6362
BRDA:78,14,0,0
BRDA:78,14,1,6362
BRDA:79,15,0,5787
BRDA:79,15,1,575
BRDA:84,16,0,1705
BRDA:84,16,1,1705
BRDA:93,17,0,1
BRDA:93,17,1,8
BRDA:105,18,0,1
BRDA:105,18,1,21
BRDA:105,19,0,22
BRDA:105,19,1,1
BRDA:115,20,0,533
BRDA:115,20,1,565
BRDA:118,21,0,342
BRDA:118,21,1,223
BRDA:121,22,0,223
BRDA:121,22,1,0
BRDA:131,23,0,0
BRDA:131,23,1,448
BRDA:136,24,0,429
BRDA:136,24,1,669
BRDA:142,25,0,410
BRDA:142,25,1,688
BRDA:156,26,0,0
BRDA:156,26,1,415
BRDA:161,27,0,4717
BRDA:161,27,1,4628
BRDA:165,28,0,579
BRDA:165,28,1,488
BRDA:171,29,0,2
BRDA:171,29,1,275
BRDA:171,30,0,277
BRDA:171,30,1,4
BRDA:171,30,2,3
BRDA:175,31,0,208
BRDA:175,31,1,67
BRDA:191,32,0,2
BRDA:191,32,1,47
BRDA:194,33,0,6
BRDA:194,33,1,41
BRDA:194,34,0,47
BRDA:194,34,1,9
BRDA:194,34,2,41
BRDA:208,35,0,0
BRDA:208,35,1,376
BRDA:213,36,0,607
BRDA:213,36,1,586
BRDA:217,37,0,0
BRDA:217,37,1,299
BRDA:222,38,0,8
BRDA:222,38,1,5
BRDA:234,39,0,5441
BRDA:234,39,1,4491
BRDA:239,40,0,6506
BRDA:239,40,1,4768
BRDA:239,40,2,6501
BRDA:239,40,3,4730
BRDA:239,40,4,1791
BRDA:244,41,0,2743
BRDA:244,41,1,2616
BRDA:244,41,2,2368
BRDA:249,42,0,2295
BRDA:249,42,1,2190
BRDA:249,42,2,1948
BRDA:256,43,0,893
BRDA:256,43,1,803
BRDA:256,43,2,799
BRDA:256,43,3,779
BRDA:256,43,4,779
BRDA:256,43,5,777
BRDA:256,43,6,484
BRDA:256,43,7,478
BRDA:256,43,8,476
BRDA:256,43,9,474
BRDA:256,43,10,474
BRDA:256,43,11,334
BRDA:256,43,12,300
BRDA:256,43,13,300
BRDA:256,43,14,290
BRDA:263,44,0,683
BRDA:263,44,1,664
BRDA:263,44,2,585
BRDA:268,45,0,692
BRDA:268,45,1,691
BRDA:272,46,0,5
BRDA:272,46,1,4
BRDA:272,46,2,4
BRDA:272,46,3,4
BRDA:272,46,4,4
BRDA:272,46,5,4
BRDA:272,46,6,4
BRDA:272,46,7,4
BRDA:278,47,0,4628
BRDA:278,47,1,4626
BRDA:285,48,0,275
BRDA:285,48,1,241
BRDA:285,48,2,94
BRDA:285,48,3,42
BRDA:285,48,4,76
BRDA:285,48,5,2
BRDA:285,48,6,74
BRDA:285,48,7,70
BRF:131
BRH:125
end_of_record
TN:
SF:simplex\lexer\Token.js
FN:4,(anonymous_0)
FN:22,(anonymous_1)
FN:26,(anonymous_2)
FN:30,(anonymous_3)
FN:34,(anonymous_4)
FN:38,(anonymous_5)
FN:42,(anonymous_6)
FN:46,(anonymous_7)
FN:50,(anonymous_8)
FN:54,(anonymous_9)
FN:58,(anonymous_10)
FN:62,(anonymous_11)
FN:66,(anonymous_12)
FN:70,(anonymous_13)
FN:74,(anonymous_14)
FN:84,(anonymous_15)
FNF:16
FNH:11
FNDA:4821,(anonymous_0)
FNDA:0,(anonymous_1)
FNDA:0,(anonymous_2)
FNDA:0,(anonymous_3)
FNDA:1945,(anonymous_4)
FNDA:9509,(anonymous_5)
FNDA:2541,(anonymous_6)
FNDA:12449,(anonymous_7)
FNDA:4103,(anonymous_8)
FNDA:5523,(anonymous_9)
FNDA:677,(anonymous_10)
FNDA:633,(anonymous_11)
FNDA:484,(anonymous_12)
FNDA:0,(anonymous_13)
FNDA:850,(anonymous_14)
FNDA:0,(anonymous_15)
DA:5,4821
DA:6,4821
DA:7,4821
DA:8,4821
DA:9,4821
DA:10,4821
DA:11,4821
DA:12,4821
DA:13,4821
DA:15,4821
DA:16,1182
DA:18,3639
DA:23,0
DA:27,0
DA:31,0
DA:35,1945
DA:39,9509
DA:43,2541
DA:47,12449
DA:51,4103
DA:55,5523
DA:59,677
DA:63,633
DA:67,484
DA:71,0
DA:75,850
DA:76,30
DA:78,820
DA:79,0
DA:81,820
DA:85,0
DA:86,0
DA:87,0
DA:88,0
DA:91,0
DA:95,30
DA:96,30
LF:37
LH:27
BRDA:15,0,0,1182
BRDA:15,0,1,3639
BRDA:15,1,0,4821
BRDA:15,1,1,4815
BRDA:15,1,2,3780
BRDA:15,1,3,3767
BRDA:75,2,0,30
BRDA:75,2,1,820
BRDA:78,3,0,0
BRDA:78,3,1,820
BRDA:78,4,0,820
BRDA:78,4,1,820
BRDA:81,5,0,820
BRDA:81,5,1,820
BRDA:85,6,0,0
BRDA:85,6,1,0
BRDA:85,7,0,0
BRDA:85,7,1,0
BRF:18
BRH:13
end_of_record
TN:
SF:simplex\lexer\TokenGroup.js
FN:4,(anonymous_0)
FN:9,(anonymous_1)
FN:13,(anonymous_2)
FNF:3
FNH:3
FNDA:146,(anonymous_0)
FNDA:267,(anonymous_1)
FNDA:187,(anonymous_2)
DA:5,146
DA:6,146
DA:10,267
DA:14,187
DA:18,27
DA:19,27
LF:6
LH:6
BRF:0
BRH:0
end_of_record
TN:
SF:simplex\parser\Parser.js
FN:5,(anonymous_0)
FN:13,(anonymous_1)
FN:17,(anonymous_2)
FN:45,(anonymous_3)
FN:110,(anonymous_4)
FN:136,(anonymous_5)
FN:156,(anonymous_6)
FN:171,(anonymous_7)
FN:177,(anonymous_8)
FN:181,(anonymous_9)
FN:185,(anonymous_10)
FNF:11
FNH:11
FNDA:101,(anonymous_0)
FNDA:77,(anonymous_1)
FNDA:101,(anonymous_2)
FNDA:78,(anonymous_3)
FNDA:32,(anonymous_4)
FNDA:71,(anonymous_5)
FNDA:12,(anonymous_6)
FNDA:121,(anonymous_7)
FNDA:178,(anonymous_8)
FNDA:176,(anonymous_9)
FNDA:679,(anonymous_10)
DA:6,101
DA:7,101
DA:8,101
DA:10,101
DA:14,77
DA:18,101
DA:19,101
DA:20,101
DA:21,101
DA:22,101
DA:23,119
DA:24,119
DA:25,119
DA:26,12
DA:28,107
DA:30,32
DA:32,75
DA:33,4
DA:36,71
DA:39,119
DA:40,119
DA:42,101
DA:46,78
DA:47,78
DA:48,78
DA:49,76
DA:50,76
DA:51,76
DA:52,4
DA:53,72
DA:54,4
DA:55,68
DA:56,1
DA:57,67
DA:58,2
DA:59,1
DA:61,1
DA:63,65
DA:64,1
DA:65,64
DA:66,1
DA:67,63
DA:68,1
DA:69,62
DA:70,1
DA:71,61
DA:72,1
DA:73,60
DA:74,1
DA:75,59
DA:76,1
DA:77,58
DA:78,8
DA:79,50
DA:80,10
DA:81,40
DA:82,1
DA:84,39
DA:86,76
DA:87,76
DA:88,24
DA:89,24
DA:90,24
DA:91,24
DA:93,24
DA:96,52
DA:97,52
DA:99,52
DA:101,76
DA:102,76
DA:104,78
DA:105,52
DA:107,78
DA:111,32
DA:112,32
DA:113,180
DA:116,2
DA:118,178
DA:121,2
DA:123,176
DA:125,1
DA:127,175
DA:128,27
DA:131,150
DA:133,2
DA:137,71
DA:138,71
DA:139,183
DA:142,1
DA:144,182
DA:145,69
DA:147,113
DA:148,1
DA:151,113
DA:153,1
DA:157,12
DA:158,12
DA:159,18
DA:160,10
DA:162,8
DA:163,1
DA:166,7
DA:168,1
DA:172,121
DA:178,178
DA:182,176
DA:186,679
DA:190,27
DA:191,27
DA:192,27
DA:193,27
DA:194,27
DA:195,27
DA:196,27
DA:197,27
DA:198,27
DA:199,27
DA:200,27
DA:201,27
DA:202,27
DA:203,27
DA:204,27
DA:205,27
DA:206,27
DA:207,27
DA:208,27
LF:126
LH:126
BRDA:25,0,0,12
BRDA:25,0,1,107
BRDA:25,1,0,119
BRDA:25,1,1,112
BRDA:28,2,0,32
BRDA:28,2,1,75
BRDA:28,3,0,107
BRDA:28,3,1,102
BRDA:28,3,2,101
BRDA:28,3,3,90
BRDA:28,3,4,79
BRDA:28,3,5,78
BRDA:28,3,6,76
BRDA:32,4,0,4
BRDA:32,4,1,71
BRDA:51,5,0,4
BRDA:51,5,1,72
BRDA:53,6,0,4
BRDA:53,6,1,68
BRDA:55,7,0,1
BRDA:55,7,1,67
BRDA:57,8,0,2
BRDA:57,8,1,65
BRDA:58,9,0,1
BRDA:58,9,1,1
BRDA:58,10,0,2
BRDA:58,10,1,2
BRDA:63,11,0,1
BRDA:63,11,1,64
BRDA:65,12,0,1
BRDA:65,12,1,63
BRDA:67,13,0,1
BRDA:67,13,1,62
BRDA:69,14,0,1
BRDA:69,14,1,61
BRDA:71,15,0,1
BRDA:71,15,1,60
BRDA:73,16,0,1
BRDA:73,16,1,59
BRDA:75,17,0,1
BRDA:75,17,1,58
BRDA:77,18,0,8
BRDA:77,18,1,50
BRDA:79,19,0,10
BRDA:79,19,1,40
BRDA:81,20,0,1
BRDA:81,20,1,39
BRDA:87,21,0,24
BRDA:87,21,1,52
BRDA:89,22,0,24
BRDA:89,22,1,0
BRDA:90,23,0,24
BRDA:90,23,1,0
BRDA:96,24,0,52
BRDA:96,24,1,0
BRDA:104,25,0,52
BRDA:104,25,1,26
BRDA:113,26,0,2
BRDA:113,26,1,178
BRDA:113,27,0,180
BRDA:113,27,1,2
BRDA:113,27,2,2
BRDA:113,27,3,2
BRDA:113,27,4,2
BRDA:118,28,0,2
BRDA:118,28,1,176
BRDA:118,29,0,178
BRDA:118,29,1,31
BRDA:118,29,2,31
BRDA:118,29,3,31
BRDA:118,29,4,31
BRDA:123,30,0,1
BRDA:123,30,1,175
BRDA:123,31,0,176
BRDA:123,31,1,6
BRDA:123,31,2,6
BRDA:127,32,0,27
BRDA:127,32,1,148
BRDA:139,33,0,1
BRDA:139,33,1,182
BRDA:139,34,0,183
BRDA:139,34,1,1
BRDA:139,34,2,1
BRDA:139,34,3,1
BRDA:139,34,4,1
BRDA:144,35,0,69
BRDA:144,35,1,113
BRDA:147,36,0,1
BRDA:147,36,1,112
BRDA:159,37,0,10
BRDA:159,37,1,8
BRDA:162,38,0,1
BRDA:162,38,1,7
BRDA:162,39,0,8
BRDA:162,39,1,7
BRDA:172,40,0,121
BRDA:172,40,1,121
BRDA:172,40,2,121
BRDA:172,40,3,121
BRDA:172,40,4,121
BRDA:172,40,5,121
BRDA:172,40,6,121
BRDA:172,40,7,119
BRDA:172,40,8,119
BRDA:172,40,9,119
BRDA:172,40,10,119
BRDA:172,40,11,119
BRDA:172,40,12,119
BRDA:178,41,0,178
BRDA:178,41,1,164
BRDA:178,41,2,163
BRDA:178,41,3,161
BRDA:178,41,4,148
BRDA:182,42,0,176
BRDA:182,42,1,171
BRDA:186,43,0,679
BRDA:186,43,1,616
BRF:117
BRH:114
end_of_record
TN:
SF:simplex\parser\logic\Block.js
FN:2,(anonymous_0)
FN:11,(anonymous_1)
FN:15,(anonymous_2)
FN:19,(anonymous_3)
FN:23,(anonymous_4)
FN:27,(anonymous_5)
FN:31,(anonymous_6)
FN:35,(anonymous_7)
FN:39,(anonymous_8)
FN:43,(anonymous_9)
FN:47,(anonymous_10)
FN:55,(anonymous_11)
FN:65,(anonymous_12)
FN:69,(anonymous_13)
FN:73,(anonymous_14)
FN:77,(anonymous_15)
FN:81,(anonymous_16)
FN:85,(anonymous_17)
FNF:18
FNH:14
FNDA:688,(anonymous_0)
FNDA:161,(anonymous_1)
FNDA:74,(anonymous_2)
FNDA:63,(anonymous_3)
FNDA:75,(anonymous_4)
FNDA:20,(anonymous_5)
FNDA:32,(anonymous_6)
FNDA:39,(anonymous_7)
FNDA:12,(anonymous_8)
FNDA:0,(anonymous_9)
FNDA:66,(anonymous_10)
FNDA:166,(anonymous_11)
FNDA:128,(anonymous_12)
FNDA:0,(anonymous_13)
FNDA:0,(anonymous_14)
FNDA:0,(anonymous_15)
FNDA:504,(anonymous_16)
FNDA:7,(anonymous_17)
DA:3,688
DA:4,688
DA:5,688
DA:7,688
DA:8,688
DA:24,75
DA:28,20
DA:32,32
DA:36,39
DA:40,12
DA:48,66
DA:49,63
DA:50,63
DA:52,3
DA:56,166
DA:57,166
DA:58,5
DA:59,161
DA:60,161
DA:62,0
DA:66,128
DA:70,0
DA:74,0
DA:78,0
DA:82,504
DA:86,7
DA:90,28
LF:27
LH:23
BRDA:36,0,0,39
BRDA:36,0,1,27
BRDA:36,0,2,20
BRDA:40,1,0,12
BRDA:40,1,1,10
BRDA:40,1,2,2
BRDA:48,2,0,63
BRDA:48,2,1,3
BRDA:57,3,0,5
BRDA:57,3,1,161
BRDA:59,4,0,161
BRDA:59,4,1,0
BRF:12
BRH:11
end_of_record
TN:
SF:simplex\parser\logic\Context.js
FN:5,(anonymous_0)
FN:11,(anonymous_1)
FN:16,(anonymous_2)
FN:20,(anonymous_3)
FN:24,(anonymous_4)
FN:28,(anonymous_5)
FN:32,(anonymous_6)
FNF:7
FNH:6
FNDA:325,(anonymous_0)
FNDA:354,(anonymous_1)
FNDA:38,(anonymous_2)
FNDA:183,(anonymous_3)
FNDA:3,(anonymous_4)
FNDA:0,(anonymous_5)
FNDA:286,(anonymous_6)
DA:2,28
DA:6,325
DA:8,325
DA:12,354
DA:13,354
DA:17,38
DA:21,183
DA:25,3
DA:29,0
DA:33,286
DA:37,28
DA:38,28
LF:12
LH:11
BRDA:13,0,0,13
BRDA:13,0,1,341
BRF:2
BRH:2
end_of_record
TN:
SF:simplex\parser\logic\Field.js
FN:2,(anonymous_0)
FN:9,(anonymous_1)
FN:13,(anonymous_2)
FN:17,(anonymous_3)
FNF:4
FNH:3
FNDA:66,(anonymous_0)
FNDA:129,(anonymous_1)
FNDA:0,(anonymous_2)
FNDA:3,(anonymous_3)
DA:3,66
DA:4,66
DA:5,66
DA:6,66
DA:10,129
DA:14,0
DA:18,3
DA:21,27
DA:22,27
DA:23,27
DA:25,27
LF:11
LH:10
BRF:0
BRH:0
end_of_record
TN:
SF:simplex\parser\logic\LineBinder.js
FN:4,(anonymous_0)
FN:11,(anonymous_1)
FN:28,(anonymous_2)
FN:45,(anonymous_3)
FN:59,(anonymous_4)
FN:73,(anonymous_5)
FN:98,(anonymous_6)
FN:120,(anonymous_7)
FN:145,(anonymous_8)
FNF:9
FNH:9
FNDA:281,(anonymous_0)
FNDA:281,(anonymous_1)
FNDA:280,(anonymous_2)
FNDA:3920,(anonymous_3)
FNDA:280,(anonymous_4)
FNDA:280,(anonymous_5)
FNDA:2800,(anonymous_6)
FNDA:282,(anonymous_7)
FNDA:280,(anonymous_8)
DA:5,281
DA:7,281
DA:8,281
DA:12,281
DA:13,1
DA:14,1
DA:16,280
DA:17,280
DA:18,280
DA:19,3920
DA:21,280
DA:22,1
DA:24,279
DA:29,280
DA:30,518
DA:31,518
DA:33,518
DA:36,9
DA:37,6
DA:38,6
DA:39,6
DA:46,3920
DA:47,280
DA:48,3640
DA:49,280
DA:50,3360
DA:51,280
DA:52,3080
DA:53,280
DA:55,2800
DA:60,280
DA:61,512
DA:62,512
DA:63,512
DA:64,113
DA:65,3
DA:66,3
DA:67,3
DA:74,280
DA:75,506
DA:76,506
DA:77,506
DA:78,506
DA:79,10
DA:80,5
DA:81,5
DA:82,5
DA:83,1
DA:88,280
DA:89,504
DA:90,504
DA:91,1
DA:92,1
DA:93,1
DA:99,2800
DA:100,4544
DA:101,4544
DA:102,4544
DA:103,4544
DA:104,25
DA:105,25
DA:106,25
DA:107,25
DA:110,2800
DA:111,4519
DA:112,4519
DA:113,7
DA:114,7
DA:115,7
DA:121,282
DA:122,280
DA:125,282
DA:126,398
DA:127,398
DA:128,398
DA:129,398
DA:130,52
DA:131,52
DA:132,52
DA:135,282
DA:136,294
DA:137,294
DA:138,1
DA:139,1
DA:140,1
DA:146,280
DA:147,69
DA:148,69
DA:149,69
DA:150,223
DA:151,223
DA:152,18
DA:154,205
DA:155,16
DA:156,16
DA:160,69
DA:161,50
DA:162,19
DA:163,2
DA:164,17
DA:165,3
DA:167,14
DA:168,14
DA:169,14
DA:170,14
DA:171,14
DA:172,14
DA:173,1
DA:174,13
DA:175,1
DA:176,12
DA:177,1
DA:178,11
DA:179,9
DA:180,1
DA:182,8
DA:185,2
DA:186,2
DA:187,5
DA:189,2
DA:190,2
DA:191,1
DA:193,1
DA:196,14
DA:197,9
DA:198,9
DA:199,9
DA:202,10
DA:204,280
DA:205,408
DA:206,408
DA:207,15
DA:208,15
DA:214,27
DA:215,27
DA:216,27
DA:217,27
LF:137
LH:137
BRDA:12,0,0,1
BRDA:12,0,1,280
BRDA:21,1,0,1
BRDA:21,1,1,279
BRDA:31,2,0,280
BRDA:31,2,1,238
BRDA:33,3,0,9
BRDA:33,3,1,509
BRDA:33,4,0,518
BRDA:33,4,1,133
BRDA:33,4,2,14
BRDA:33,4,3,13
BRDA:33,4,4,7
BRDA:33,4,5,7
BRDA:33,4,6,8
BRDA:36,5,0,6
BRDA:36,5,1,3
BRDA:36,6,0,9
BRDA:36,6,1,9
BRDA:36,6,2,6
BRDA:46,7,0,280
BRDA:46,7,1,3640
BRDA:48,8,0,280
BRDA:48,8,1,3360
BRDA:50,9,0,280
BRDA:50,9,1,3080
BRDA:52,10,0,280
BRDA:52,10,1,2800
BRDA:62,11,0,280
BRDA:62,11,1,232
BRDA:63,12,0,113
BRDA:63,12,1,399
BRDA:63,13,0,512
BRDA:63,13,1,388
BRDA:64,14,0,3
BRDA:64,14,1,110
BRDA:64,15,0,113
BRDA:64,15,1,110
BRDA:75,16,0,280
BRDA:75,16,1,226
BRDA:77,17,0,278
BRDA:77,17,1,228
BRDA:78,18,0,10
BRDA:78,18,1,496
BRDA:78,19,0,506
BRDA:78,19,1,226
BRDA:78,19,2,394
BRDA:78,19,3,14
BRDA:78,19,4,12
BRDA:79,20,0,5
BRDA:79,20,1,5
BRDA:79,21,0,10
BRDA:79,21,1,7
BRDA:79,21,2,6
BRDA:82,22,0,1
BRDA:82,22,1,4
BRDA:90,23,0,1
BRDA:90,23,1,503
BRDA:90,24,0,504
BRDA:90,24,1,119
BRDA:101,25,0,2791
BRDA:101,25,1,1753
BRDA:102,26,0,3485
BRDA:102,26,1,1059
BRDA:103,27,0,25
BRDA:103,27,1,4519
BRDA:103,28,0,4544
BRDA:103,28,1,3650
BRDA:103,28,2,864
BRDA:103,28,3,819
BRDA:112,29,0,7
BRDA:112,29,1,4512
BRDA:112,30,0,4519
BRDA:112,30,1,894
BRDA:121,31,0,280
BRDA:121,31,1,2
BRDA:127,32,0,281
BRDA:127,32,1,117
BRDA:128,33,0,343
BRDA:128,33,1,55
BRDA:129,34,0,52
BRDA:129,34,1,346
BRDA:129,35,0,398
BRDA:129,35,1,345
BRDA:129,35,2,53
BRDA:129,35,3,52
BRDA:137,36,0,1
BRDA:137,36,1,293
BRDA:137,37,0,294
BRDA:137,37,1,1
BRDA:151,38,0,18
BRDA:151,38,1,205
BRDA:151,39,0,223
BRDA:151,39,1,87
BRDA:154,40,0,16
BRDA:154,40,1,189
BRDA:154,41,0,205
BRDA:154,41,1,69
BRDA:160,42,0,50
BRDA:160,42,1,19
BRDA:160,43,0,69
BRDA:160,43,1,52
BRDA:162,44,0,2
BRDA:162,44,1,17
BRDA:164,45,0,3
BRDA:164,45,1,14
BRDA:169,46,0,1
BRDA:169,46,1,13
BRDA:170,47,0,1
BRDA:170,47,1,13
BRDA:172,48,0,1
BRDA:172,48,1,13
BRDA:174,49,0,1
BRDA:174,49,1,12
BRDA:176,50,0,1
BRDA:176,50,1,11
BRDA:178,51,0,9
BRDA:178,51,1,2
BRDA:179,52,0,1
BRDA:179,52,1,8
BRDA:190,53,0,1
BRDA:190,53,1,1
BRDA:190,54,0,2
BRDA:190,54,1,1
BRDA:196,55,0,9
BRDA:196,55,1,5
BRDA:206,56,0,15
BRDA:206,56,1,393
BRDA:206,57,0,408
BRDA:206,57,1,67
BRF:130
BRH:130
end_of_record
TN:
SF:simplex\parser\logic\LineParser.js
FN:4,(anonymous_0)
FN:9,(anonymous_1)
FNF:2
FNH:2
FNDA:244,(anonymous_0)
FNDA:244,(anonymous_1)
DA:5,244
DA:6,244
DA:7,244
DA:10,244
DA:11,244
DA:12,244
DA:16,27
DA:17,27
DA:18,27
LF:9
LH:9
BRF:0
BRH:0
end_of_record
TN:
SF:simplex\parser\logic\LineReader.js
FN:4,(anonymous_0)
FN:14,(anonymous_1)
FN:49,(anonymous_2)
FN:57,(anonymous_3)
FN:65,(anonymous_4)
FN:83,(anonymous_5)
FN:103,(anonymous_6)
FN:111,(anonymous_7)
FN:119,(anonymous_8)
FN:127,(anonymous_9)
FN:134,(anonymous_10)
FN:143,(anonymous_11)
FN:149,(anonymous_12)
FNF:13
FNH:13
FNDA:324,(anonymous_0)
FNDA:324,(anonymous_1)
FNDA:291,(anonymous_2)
FNDA:131,(anonymous_3)
FNDA:5,(anonymous_4)
FNDA:17,(anonymous_5)
FNDA:21,(anonymous_6)
FNDA:20,(anonymous_7)
FNDA:6,(anonymous_8)
FNDA:148,(anonymous_9)
FNDA:485,(anonymous_10)
FNDA:446,(anonymous_11)
FNDA:148,(anonymous_12)
DA:5,324
DA:6,324
DA:7,324
DA:8,324
DA:9,324
DA:10,324
DA:15,324
DA:16,324
DA:17,324
DA:18,642
DA:19,642
DA:20,291
DA:21,351
DA:22,131
DA:23,220
DA:24,5
DA:25,215
DA:26,17
DA:27,198
DA:28,21
DA:29,177
DA:30,20
DA:31,157
DA:32,6
DA:33,151
DA:34,148
DA:36,3
DA:37,0
DA:39,3
DA:41,642
DA:43,324
DA:44,313
DA:46,324
DA:50,291
DA:51,3
DA:52,3
DA:54,291
DA:58,131
DA:59,1
DA:60,1
DA:62,131
DA:66,5
DA:67,5
DA:68,5
DA:69,5
DA:70,5
DA:71,5
DA:72,5
DA:73,5
DA:76,5
DA:77,1
DA:78,1
DA:80,5
DA:84,17
DA:85,3
DA:87,14
DA:88,13
DA:89,11
DA:90,11
DA:92,2
DA:93,2
DA:97,1
DA:98,1
DA:104,21
DA:105,5
DA:107,16
DA:112,20
DA:113,8
DA:115,12
DA:120,6
DA:121,1
DA:122,1
DA:124,6
DA:128,148
DA:129,124
DA:131,148
DA:135,485
DA:136,39
DA:138,446
DA:140,485
DA:144,446
DA:145,446
DA:146,446
DA:150,148
DA:154,27
DA:155,27
DA:156,27
DA:157,27
DA:158,27
DA:159,27
DA:160,27
DA:161,27
DA:162,27
DA:163,27
DA:164,27
DA:165,27
DA:166,27
LF:97
LH:96
BRDA:17,0,0,966
BRDA:17,0,1,642
BRDA:19,1,0,291
BRDA:19,1,1,351
BRDA:19,2,0,642
BRDA:19,2,1,351
BRDA:19,2,2,351
BRDA:21,3,0,131
BRDA:21,3,1,220
BRDA:21,4,0,351
BRDA:21,4,1,275
BRDA:21,4,2,274
BRDA:21,4,3,273
BRDA:21,4,4,221
BRDA:23,5,0,5
BRDA:23,5,1,215
BRDA:25,6,0,17
BRDA:25,6,1,198
BRDA:27,7,0,21
BRDA:27,7,1,177
BRDA:29,8,0,20
BRDA:29,8,1,157
BRDA:31,9,0,6
BRDA:31,9,1,151
BRDA:33,10,0,148
BRDA:33,10,1,3
BRDA:36,11,0,0
BRDA:36,11,1,3
BRDA:43,12,0,313
BRDA:43,12,1,11
BRDA:50,13,0,3
BRDA:50,13,1,288
BRDA:58,14,0,1
BRDA:58,14,1,130
BRDA:68,15,0,5
BRDA:68,15,1,0
BRDA:68,16,0,5
BRDA:68,16,1,5
BRDA:68,16,2,5
BRDA:71,17,0,5
BRDA:71,17,1,0
BRDA:71,18,0,5
BRDA:71,18,1,5
BRDA:71,18,2,5
BRDA:76,19,0,1
BRDA:76,19,1,4
BRDA:84,20,0,3
BRDA:84,20,1,14
BRDA:87,21,0,13
BRDA:87,21,1,1
BRDA:87,22,0,14
BRDA:87,22,1,13
BRDA:88,23,0,11
BRDA:88,23,1,2
BRDA:104,24,0,5
BRDA:104,24,1,16
BRDA:112,25,0,8
BRDA:112,25,1,12
BRDA:120,26,0,1
BRDA:120,26,1,5
BRDA:128,27,0,124
BRDA:128,27,1,24
BRDA:135,28,0,39
BRDA:135,28,1,446
BRF:64
BRH:61
end_of_record
TN:
SF:simplex\parser\logic\block\BlockBreak.js
FN:5,(anonymous_0)
FNF:1
FNH:1
FNDA:14,(anonymous_0)
DA:2,27
DA:6,14
DA:8,14
DA:9,14
DA:10,14
DA:11,14
DA:12,28
DA:13,14
DA:14,14
DA:15,13
DA:17,1
DA:19,28
DA:20,28
DA:23,14
DA:24,1
DA:26,14
DA:27,2
DA:32,27
DA:33,27
DA:34,27
LF:20
LH:20
BRDA:11,0,0,42
BRDA:11,0,1,28
BRDA:12,1,0,14
BRDA:12,1,1,14
BRDA:12,2,0,28
BRDA:12,2,1,14
BRDA:14,3,0,13
BRDA:14,3,1,1
BRDA:14,4,0,14
BRDA:14,4,1,14
BRDA:23,5,0,1
BRDA:23,5,1,13
BRDA:26,6,0,2
BRDA:26,6,1,12
BRDA:26,7,0,14
BRDA:26,7,1,10
BRF:16
BRH:16
end_of_record
TN:
SF:simplex\parser\logic\block\BlockCase.js
FN:5,(anonymous_0)
FN:43,(anonymous_1)
FN:53,(anonymous_2)
FN:57,(anonymous_3)
FN:61,(anonymous_4)
FNF:5
FNH:5
FNDA:9,(anonymous_0)
FNDA:9,(anonymous_1)
FNDA:5,(anonymous_2)
FNDA:5,(anonymous_3)
FNDA:2,(anonymous_4)
DA:2,27
DA:6,9
DA:8,9
DA:9,9
DA:10,9
DA:12,9
DA:13,9
DA:14,9
DA:15,9
DA:16,28
DA:17,9
DA:18,19
DA:19,9
DA:20,9
DA:21,10
DA:22,9
DA:23,9
DA:24,8
DA:27,1
DA:29,28
DA:30,28
DA:33,9
DA:34,1
DA:36,9
DA:37,7
DA:39,2
DA:44,9
DA:45,8
DA:46,8
DA:47,8
DA:48,0
DA:54,5
DA:58,5
DA:62,2
DA:66,27
DA:67,27
DA:68,27
DA:69,27
DA:70,27
LF:39
LH:38
BRDA:15,0,0,37
BRDA:15,0,1,28
BRDA:16,1,0,9
BRDA:16,1,1,19
BRDA:16,2,0,28
BRDA:16,2,1,9
BRDA:18,3,0,9
BRDA:18,3,1,10
BRDA:18,4,0,19
BRDA:18,4,1,9
BRDA:21,5,0,9
BRDA:21,5,1,1
BRDA:23,6,0,8
BRDA:23,6,1,1
BRDA:33,7,0,1
BRDA:33,7,1,8
BRDA:36,8,0,7
BRDA:36,8,1,2
BRDA:44,9,0,8
BRDA:44,9,1,1
BRDA:44,10,0,9
BRDA:44,10,1,9
BRDA:47,11,0,0
BRDA:47,11,1,8
BRF:24
BRH:23
end_of_record
TN:
SF:simplex\parser\logic\block\BlockContinue.js
FN:5,(anonymous_0)
FNF:1
FNH:1
FNDA:5,(anonymous_0)
DA:2,27
DA:6,5
DA:8,5
DA:9,5
DA:10,5
DA:11,5
DA:12,10
DA:13,5
DA:14,5
DA:15,4
DA:17,1
DA:19,10
DA:20,10
DA:23,5
DA:24,1
DA:26,5
DA:27,2
DA:32,27
DA:33,27
DA:34,27
LF:20
LH:20
BRDA:11,0,0,15
BRDA:11,0,1,10
BRDA:12,1,0,5
BRDA:12,1,1,5
BRDA:12,2,0,10
BRDA:12,2,1,5
BRDA:14,3,0,4
BRDA:14,3,1,1
BRDA:14,4,0,5
BRDA:14,4,1,5
BRDA:23,5,0,1
BRDA:23,5,1,4
BRDA:26,6,0,2
BRDA:26,6,1,3
BRF:14
BRH:14
end_of_record
TN:
SF:simplex\parser\logic\block\BlockDefault.js
FN:5,(anonymous_0)
FNF:1
FNH:1
FNDA:8,(anonymous_0)
DA:2,27
DA:6,8
DA:8,8
DA:9,8
DA:10,8
DA:11,8
DA:12,16
DA:13,8
DA:14,8
DA:15,7
DA:17,1
DA:19,16
DA:20,16
DA:23,8
DA:24,1
DA:26,8
DA:27,6
DA:29,2
DA:34,27
DA:35,27
DA:36,27
DA:37,27
LF:22
LH:22
BRDA:11,0,0,24
BRDA:11,0,1,16
BRDA:12,1,0,8
BRDA:12,1,1,8
BRDA:12,2,0,16
BRDA:12,2,1,8
BRDA:14,3,0,7
BRDA:14,3,1,1
BRDA:14,4,0,8
BRDA:14,4,1,8
BRDA:23,5,0,1
BRDA:23,5,1,7
BRDA:26,6,0,6
BRDA:26,6,1,2
BRF:14
BRH:14
end_of_record
TN:
SF:simplex\parser\logic\block\BlockDo.js
FN:5,(anonymous_0)
FN:41,(anonymous_1)
FN:54,(anonymous_2)
FN:58,(anonymous_3)
FN:71,(anonymous_4)
FN:75,(anonymous_5)
FN:79,(anonymous_6)
FN:83,(anonymous_7)
FN:87,(anonymous_8)
FNF:9
FNH:8
FNDA:9,(anonymous_0)
FNDA:9,(anonymous_1)
FNDA:1,(anonymous_2)
FNDA:4,(anonymous_3)
FNDA:7,(anonymous_4)
FNDA:4,(anonymous_5)
FNDA:1,(anonymous_6)
FNDA:8,(anonymous_7)
FNDA:0,(anonymous_8)
DA:2,27
DA:6,9
DA:8,9
DA:9,9
DA:10,9
DA:11,9
DA:12,9
DA:14,9
DA:15,9
DA:16,9
DA:17,9
DA:18,18
DA:19,9
DA:20,9
DA:21,3
DA:22,3
DA:23,3
DA:24,6
DA:25,5
DA:26,5
DA:27,5
DA:28,5
DA:30,1
DA:32,13
DA:33,13
DA:36,9
DA:37,1
DA:42,9
DA:43,8
DA:44,3
DA:45,3
DA:46,1
DA:49,5
DA:55,1
DA:59,4
DA:60,2
DA:61,2
DA:62,1
DA:64,2
DA:66,2
DA:68,2
DA:72,7
DA:76,4
DA:80,1
DA:84,8
DA:88,0
DA:92,27
DA:93,27
DA:94,27
DA:95,27
DA:96,27
LF:51
LH:50
BRDA:17,0,0,22
BRDA:17,0,1,18
BRDA:18,1,0,9
BRDA:18,1,1,9
BRDA:18,2,0,18
BRDA:18,2,1,9
BRDA:20,3,0,3
BRDA:20,3,1,6
BRDA:20,4,0,9
BRDA:20,4,1,8
BRDA:24,5,0,5
BRDA:24,5,1,1
BRDA:36,6,0,1
BRDA:36,6,1,8
BRDA:42,7,0,8
BRDA:42,7,1,1
BRDA:43,8,0,3
BRDA:43,8,1,5
BRDA:45,9,0,1
BRDA:45,9,1,2
BRDA:59,10,0,2
BRDA:59,10,1,2
BRDA:61,11,0,1
BRDA:61,11,1,1
BRF:24
BRH:24
end_of_record
TN:
SF:simplex\parser\logic\block\BlockElse.js
FN:5,(anonymous_0)
FN:40,(anonymous_1)
FN:53,(anonymous_2)
FN:59,(anonymous_3)
FN:63,(anonymous_4)
FN:67,(anonymous_5)
FN:71,(anonymous_6)
FNF:7
FNH:6
FNDA:8,(anonymous_0)
FNDA:8,(anonymous_1)
FNDA:8,(anonymous_2)
FNDA:6,(anonymous_3)
FNDA:3,(anonymous_4)
FNDA:7,(anonymous_5)
FNDA:0,(anonymous_6)
DA:2,27
DA:6,8
DA:8,8
DA:9,8
DA:10,8
DA:11,8
DA:13,8
DA:14,8
DA:15,8
DA:16,8
DA:17,16
DA:18,8
DA:19,8
DA:20,3
DA:21,3
DA:22,3
DA:23,5
DA:24,4
DA:25,4
DA:26,4
DA:27,4
DA:29,1
DA:31,12
DA:32,12
DA:35,8
DA:36,1
DA:41,8
DA:42,7
DA:43,3
DA:44,3
DA:45,1
DA:48,4
DA:54,8
DA:55,1
DA:60,6
DA:64,3
DA:68,7
DA:72,0
DA:76,27
DA:77,27
DA:78,27
DA:79,27
DA:80,27
DA:81,27
LF:44
LH:43
BRDA:16,0,0,20
BRDA:16,0,1,16
BRDA:17,1,0,8
BRDA:17,1,1,8
BRDA:17,2,0,16
BRDA:17,2,1,8
BRDA:19,3,0,3
BRDA:19,3,1,5
BRDA:19,4,0,8
BRDA:19,4,1,7
BRDA:23,5,0,4
BRDA:23,5,1,1
BRDA:35,6,0,1
BRDA:35,6,1,7
BRDA:41,7,0,7
BRDA:41,7,1,1
BRDA:42,8,0,3
BRDA:42,8,1,4
BRDA:44,9,0,1
BRDA:44,9,1,2
BRDA:54,10,0,1
BRDA:54,10,1,7
BRDA:54,11,0,8
BRDA:54,11,1,2
BRF:24
BRH:24
end_of_record
TN:
SF:simplex\parser\logic\block\BlockElseIf.js
FN:5,(anonymous_0)
FN:47,(anonymous_1)
FN:67,(anonymous_2)
FN:73,(anonymous_3)
FN:77,(anonymous_4)
FN:81,(anonymous_5)
FN:85,(anonymous_6)
FN:89,(anonymous_7)
FN:93,(anonymous_8)
FNF:9
FNH:6
FNDA:11,(anonymous_0)
FNDA:9,(anonymous_1)
FNDA:9,(anonymous_2)
FNDA:0,(anonymous_3)
FNDA:7,(anonymous_4)
FNDA:4,(anonymous_5)
FNDA:8,(anonymous_6)
FNDA:0,(anonymous_7)
FNDA:0,(anonymous_8)
DA:2,27
DA:6,11
DA:8,11
DA:9,11
DA:10,11
DA:11,11
DA:12,11
DA:13,11
DA:15,11
DA:16,11
DA:17,11
DA:18,11
DA:19,44
DA:20,11
DA:21,33
DA:22,11
DA:23,22
DA:24,11
DA:25,11
DA:26,11
DA:27,3
DA:28,3
DA:29,3
DA:30,8
DA:31,7
DA:32,7
DA:33,7
DA:34,7
DA:36,1
DA:38,37
DA:39,37
DA:42,11
DA:43,1
DA:48,9
DA:49,9
DA:50,9
DA:51,9
DA:52,1
DA:55,9
DA:56,8
DA:57,3
DA:58,3
DA:59,1
DA:62,5
DA:68,9
DA:69,2
DA:74,0
DA:78,7
DA:82,4
DA:86,8
DA:90,0
DA:94,0
DA:98,27
DA:99,27
DA:100,27
DA:101,27
DA:102,27
DA:103,27
LF:58
LH:55
BRDA:18,0,0,48
BRDA:18,0,1,44
BRDA:19,1,0,11
BRDA:19,1,1,33
BRDA:19,2,0,44
BRDA:19,2,1,11
BRDA:21,3,0,11
BRDA:21,3,1,22
BRDA:21,4,0,33
BRDA:21,4,1,11
BRDA:23,5,0,11
BRDA:23,5,1,11
BRDA:23,6,0,22
BRDA:23,6,1,12
BRDA:26,7,0,3
BRDA:26,7,1,8
BRDA:26,8,0,11
BRDA:26,8,1,10
BRDA:30,9,0,7
BRDA:30,9,1,1
BRDA:42,10,0,1
BRDA:42,10,1,10
BRDA:48,11,0,9
BRDA:48,11,1,0
BRDA:51,12,0,1
BRDA:51,12,1,8
BRDA:55,13,0,8
BRDA:55,13,1,1
BRDA:56,14,0,3
BRDA:56,14,1,5
BRDA:58,15,0,1
BRDA:58,15,1,2
BRDA:68,16,0,2
BRDA:68,16,1,7
BRDA:68,17,0,9
BRDA:68,17,1,3
BRF:36
BRH:35
end_of_record
TN:
SF:simplex\parser\logic\block\BlockFor.js
FN:5,(anonymous_0)
FN:51,(anonymous_1)
FN:97,(anonymous_2)
FN:126,(anonymous_3)
FN:130,(anonymous_4)
FN:134,(anonymous_5)
FN:138,(anonymous_6)
FN:142,(anonymous_7)
FN:146,(anonymous_8)
FN:150,(anonymous_9)
FN:154,(anonymous_10)
FN:158,(anonymous_11)
FN:162,(anonymous_12)
FN:166,(anonymous_13)
FNF:14
FNH:13
FNDA:13,(anonymous_0)
FNDA:13,(anonymous_1)
FNDA:12,(anonymous_2)
FNDA:2,(anonymous_3)
FNDA:11,(anonymous_4)
FNDA:3,(anonymous_5)
FNDA:11,(anonymous_6)
FNDA:2,(anonymous_7)
FNDA:11,(anonymous_8)
FNDA:2,(anonymous_9)
FNDA:10,(anonymous_10)
FNDA:8,(anonymous_11)
FNDA:11,(anonymous_12)
FNDA:0,(anonymous_13)
DA:2,27
DA:6,13
DA:8,13
DA:9,13
DA:10,13
DA:11,13
DA:12,13
DA:13,13
DA:14,13
DA:15,13
DA:16,13
DA:17,13
DA:18,13
DA:19,13
DA:20,13
DA:22,13
DA:23,13
DA:24,13
DA:25,13
DA:26,39
DA:27,13
DA:28,26
DA:29,13
DA:30,13
DA:31,13
DA:32,2
DA:33,2
DA:34,2
DA:35,11
DA:36,10
DA:37,10
DA:38,10
DA:39,10
DA:41,1
DA:43,29
DA:44,29
DA:47,13
DA:48,1
DA:52,13
DA:53,13
DA:54,13
DA:55,13
DA:56,13
DA:57,44
DA:58,3
DA:59,3
DA:60,3
DA:61,41
DA:62,10
DA:63,31
DA:64,6
DA:65,25
DA:66,2
DA:67,23
DA:68,2
DA:69,2
DA:70,2
DA:71,21
DA:72,10
DA:73,11
DA:74,4
DA:75,7
DA:76,2
DA:77,5
DA:78,2
DA:79,2
DA:80,2
DA:81,3
DA:82,2
DA:84,1
DA:85,1
DA:87,1
DA:89,44
DA:90,44
DA:93,13
DA:94,1
DA:98,12
DA:99,3
DA:100,2
DA:102,1
DA:104,3
DA:106,12
DA:107,2
DA:108,2
DA:110,12
DA:111,2
DA:112,2
DA:114,12
DA:115,11
DA:116,2
DA:117,2
DA:118,1
DA:121,9
DA:127,2
DA:131,11
DA:135,3
DA:139,11
DA:143,2
DA:147,11
DA:151,2
DA:155,10
DA:159,8
DA:163,11
DA:167,0
DA:171,27
DA:172,27
DA:173,27
DA:174,27
DA:175,27
DA:176,27
LF:110
LH:109
BRDA:25,0,0,42
BRDA:25,0,1,39
BRDA:26,1,0,13
BRDA:26,1,1,26
BRDA:26,2,0,39
BRDA:26,2,1,13
BRDA:28,3,0,13
BRDA:28,3,1,13
BRDA:28,4,0,26
BRDA:28,4,1,14
BRDA:31,5,0,2
BRDA:31,5,1,11
BRDA:31,6,0,13
BRDA:31,6,1,12
BRDA:35,7,0,10
BRDA:35,7,1,1
BRDA:47,8,0,1
BRDA:47,8,1,12
BRDA:56,9,0,57
BRDA:56,9,1,44
BRDA:57,10,0,3
BRDA:57,10,1,41
BRDA:57,11,0,44
BRDA:57,11,1,13
BRDA:61,12,0,10
BRDA:61,12,1,31
BRDA:61,13,0,41
BRDA:61,13,1,10
BRDA:63,14,0,6
BRDA:63,14,1,25
BRDA:63,15,0,31
BRDA:63,15,1,8
BRDA:65,16,0,2
BRDA:65,16,1,23
BRDA:65,17,0,25
BRDA:65,17,1,2
BRDA:67,18,0,2
BRDA:67,18,1,21
BRDA:67,19,0,23
BRDA:67,19,1,12
BRDA:71,20,0,10
BRDA:71,20,1,11
BRDA:71,21,0,21
BRDA:71,21,1,10
BRDA:73,22,0,4
BRDA:73,22,1,7
BRDA:73,23,0,11
BRDA:73,23,1,6
BRDA:75,24,0,2
BRDA:75,24,1,5
BRDA:75,25,0,7
BRDA:75,25,1,2
BRDA:77,26,0,2
BRDA:77,26,1,3
BRDA:77,27,0,5
BRDA:77,27,1,3
BRDA:81,28,0,2
BRDA:81,28,1,1
BRDA:81,29,0,3
BRDA:81,29,1,2
BRDA:84,30,0,1
BRDA:84,30,1,0
BRDA:93,31,0,1
BRDA:93,31,1,12
BRDA:98,32,0,3
BRDA:98,32,1,9
BRDA:98,33,0,12
BRDA:98,33,1,3
BRDA:99,34,0,2
BRDA:99,34,1,1
BRDA:106,35,0,2
BRDA:106,35,1,10
BRDA:106,36,0,12
BRDA:106,36,1,2
BRDA:110,37,0,2
BRDA:110,37,1,10
BRDA:110,38,0,12
BRDA:110,38,1,2
BRDA:114,39,0,11
BRDA:114,39,1,1
BRDA:115,40,0,2
BRDA:115,40,1,9
BRDA:117,41,0,1
BRDA:117,41,1,1
BRF:84
BRH:83
end_of_record
TN:
SF:simplex\parser\logic\block\BlockIf.js
FN:5,(anonymous_0)
FN:45,(anonymous_1)
FN:65,(anonymous_2)
FN:69,(anonymous_3)
FN:73,(anonymous_4)
FN:77,(anonymous_5)
FNF:6
FNH:6
FNDA:59,(anonymous_0)
FNDA:7,(anonymous_1)
FNDA:6,(anonymous_2)
FNDA:5,(anonymous_3)
FNDA:2,(anonymous_4)
FNDA:6,(anonymous_5)
DA:2,27
DA:6,59
DA:8,59
DA:9,59
DA:10,59
DA:11,59
DA:12,59
DA:13,59
DA:15,59
DA:16,59
DA:17,59
DA:18,59
DA:19,177
DA:20,59
DA:21,118
DA:22,59
DA:23,59
DA:24,59
DA:25,3
DA:26,3
DA:27,3
DA:28,56
DA:29,55
DA:30,55
DA:31,55
DA:32,55
DA:34,1
DA:36,122
DA:37,122
DA:40,59
DA:41,1
DA:46,7
DA:47,7
DA:48,7
DA:49,7
DA:50,1
DA:53,7
DA:54,6
DA:55,3
DA:56,3
DA:57,1
DA:60,3
DA:66,6
DA:70,5
DA:74,2
DA:78,6
DA:82,27
DA:83,27
DA:84,27
DA:85,27
DA:86,27
LF:51
LH:51
BRDA:18,0,0,181
BRDA:18,0,1,177
BRDA:19,1,0,59
BRDA:19,1,1,118
BRDA:19,2,0,177
BRDA:19,2,1,59
BRDA:21,3,0,59
BRDA:21,3,1,59
BRDA:21,4,0,118
BRDA:21,4,1,60
BRDA:24,5,0,3
BRDA:24,5,1,56
BRDA:24,6,0,59
BRDA:24,6,1,58
BRDA:28,7,0,55
BRDA:28,7,1,1
BRDA:40,8,0,1
BRDA:40,8,1,58
BRDA:46,9,0,7
BRDA:46,9,1,0
BRDA:49,10,0,1
BRDA:49,10,1,6
BRDA:53,11,0,6
BRDA:53,11,1,1
BRDA:54,12,0,3
BRDA:54,12,1,3
BRDA:56,13,0,1
BRDA:56,13,1,2
BRF:28
BRH:27
end_of_record
TN:
SF:simplex\parser\logic\block\BlockLine.js
FN:5,(anonymous_0)
FN:32,(anonymous_1)
FN:36,(anonymous_2)
FN:40,(anonymous_3)
FN:44,(anonymous_4)
FNF:5
FNH:4
FNDA:134,(anonymous_0)
FNDA:5,(anonymous_1)
FNDA:40,(anonymous_2)
FNDA:8,(anonymous_3)
FNDA:0,(anonymous_4)
DA:2,27
DA:6,134
DA:8,134
DA:9,134
DA:11,134
DA:12,6
DA:14,128
DA:15,128
DA:16,154
DA:18,128
DA:19,51
DA:20,51
DA:21,1
DA:24,77
DA:25,77
DA:26,1
DA:33,5
DA:37,40
DA:41,8
DA:45,0
DA:49,27
DA:50,27
DA:51,27
DA:52,27
LF:24
LH:23
BRDA:11,0,0,6
BRDA:11,0,1,128
BRDA:15,1,0,282
BRDA:15,1,1,154
BRDA:18,2,0,51
BRDA:18,2,1,77
BRDA:20,3,0,1
BRDA:20,3,1,50
BRDA:25,4,0,1
BRDA:25,4,1,76
BRF:10
BRH:10
end_of_record
TN:
SF:simplex\parser\logic\block\BlockReturn.js
FN:5,(anonymous_0)
FN:37,(anonymous_1)
FN:44,(anonymous_2)
FN:48,(anonymous_3)
FNF:4
FNH:4
FNDA:14,(anonymous_0)
FNDA:14,(anonymous_1)
FNDA:4,(anonymous_2)
FNDA:4,(anonymous_3)
DA:2,27
DA:6,14
DA:8,14
DA:9,14
DA:10,14
DA:12,14
DA:13,14
DA:14,14
DA:15,14
DA:16,28
DA:17,14
DA:18,14
DA:19,3
DA:20,11
DA:21,10
DA:22,10
DA:23,10
DA:24,10
DA:26,1
DA:28,18
DA:29,18
DA:32,14
DA:33,1
DA:38,14
DA:39,10
DA:40,10
DA:45,4
DA:49,4
DA:53,27
DA:54,27
DA:55,27
DA:56,27
LF:32
LH:32
BRDA:15,0,0,32
BRDA:15,0,1,28
BRDA:16,1,0,14
BRDA:16,1,1,14
BRDA:16,2,0,28
BRDA:16,2,1,14
BRDA:18,3,0,3
BRDA:18,3,1,11
BRDA:18,4,0,14
BRDA:18,4,1,13
BRDA:20,5,0,10
BRDA:20,5,1,1
BRDA:32,6,0,1
BRDA:32,6,1,13
BRDA:38,7,0,10
BRDA:38,7,1,4
BRF:16
BRH:16
end_of_record
TN:
SF:simplex\parser\logic\block\BlockScope.js
FN:5,(anonymous_0)
FN:30,(anonymous_1)
FN:39,(anonymous_2)
FNF:3
FNH:3
FNDA:5,(anonymous_0)
FNDA:5,(anonymous_1)
FNDA:3,(anonymous_2)
DA:2,27
DA:6,5
DA:8,5
DA:9,5
DA:11,5
DA:12,5
DA:13,5
DA:14,5
DA:15,5
DA:16,4
DA:17,4
DA:19,1
DA:21,5
DA:22,5
DA:25,5
DA:26,1
DA:31,5
DA:32,4
DA:33,4
DA:34,1
DA:40,3
DA:43,27
DA:44,27
DA:45,27
DA:46,27
LF:25
LH:25
BRDA:14,0,0,10
BRDA:14,0,1,5
BRDA:15,1,0,4
BRDA:15,1,1,1
BRDA:15,2,0,5
BRDA:15,2,1,4
BRDA:25,3,0,1
BRDA:25,3,1,4
BRDA:31,4,0,4
BRDA:31,4,1,1
BRDA:33,5,0,1
BRDA:33,5,1,3
BRF:12
BRH:12
end_of_record
TN:
SF:simplex\parser\logic\block\BlockSwitch.js
FN:5,(anonymous_0)
FN:39,(anonymous_1)
FN:55,(anonymous_2)
FN:59,(anonymous_3)
FN:65,(anonymous_4)
FN:76,(anonymous_5)
FN:84,(anonymous_6)
FN:88,(anonymous_7)
FN:92,(anonymous_8)
FN:96,(anonymous_9)
FN:100,(anonymous_10)
FN:104,(anonymous_11)
FNF:12
FNH:10
FNDA:19,(anonymous_0)
FNDA:10,(anonymous_1)
FNDA:9,(anonymous_2)
FNDA:13,(anonymous_3)
FNDA:7,(anonymous_4)
FNDA:6,(anonymous_5)
FNDA:9,(anonymous_6)
FNDA:8,(anonymous_7)
FNDA:0,(anonymous_8)
FNDA:0,(anonymous_9)
FNDA:4,(anonymous_10)
FNDA:4,(anonymous_11)
DA:2,27
DA:6,19
DA:8,19
DA:9,19
DA:10,19
DA:11,19
DA:12,19
DA:13,19
DA:15,19
DA:16,19
DA:17,19
DA:18,19
DA:19,60
DA:20,19
DA:21,41
DA:22,19
DA:23,19
DA:24,22
DA:25,17
DA:26,17
DA:28,5
DA:30,60
DA:31,60
DA:34,19
DA:35,2
DA:40,10
DA:41,10
DA:42,10
DA:43,10
DA:44,1
DA:47,10
DA:48,8
DA:49,8
DA:50,1
DA:56,9
DA:60,13
DA:61,1
DA:66,7
DA:67,1
DA:68,0
DA:69,0
DA:73,7
DA:77,6
DA:78,5
DA:80,1
DA:85,9
DA:89,8
DA:93,0
DA:97,0
DA:101,4
DA:105,4
DA:109,27
DA:110,27
DA:111,27
DA:112,27
DA:113,27
LF:56
LH:52
BRDA:18,0,0,79
BRDA:18,0,1,60
BRDA:19,1,0,19
BRDA:19,1,1,41
BRDA:19,2,0,60
BRDA:19,2,1,19
BRDA:21,3,0,19
BRDA:21,3,1,22
BRDA:21,4,0,41
BRDA:21,4,1,20
BRDA:24,5,0,17
BRDA:24,5,1,5
BRDA:24,6,0,22
BRDA:24,6,1,21
BRDA:34,7,0,2
BRDA:34,7,1,17
BRDA:40,8,0,10
BRDA:40,8,1,0
BRDA:43,9,0,1
BRDA:43,9,1,9
BRDA:47,10,0,8
BRDA:47,10,1,2
BRDA:49,11,0,1
BRDA:49,11,1,7
BRDA:60,12,0,1
BRDA:60,12,1,12
BRDA:60,13,0,13
BRDA:60,13,1,7
BRDA:67,14,0,0
BRDA:67,14,1,1
BRDA:67,15,0,1
BRDA:67,15,1,1
BRDA:68,16,0,0
BRDA:68,16,1,0
BRDA:77,17,0,5
BRDA:77,17,1,1
BRF:36
BRH:32
end_of_record
TN:
SF:simplex\parser\logic\block\BlockVar.js
FN:5,(anonymous_0)
FN:86,(anonymous_1)
FN:104,(anonymous_2)
FN:108,(anonymous_3)
FN:112,(anonymous_4)
FN:116,(anonymous_5)
FNF:6
FNH:3
FNDA:31,(anonymous_0)
FNDA:31,(anonymous_1)
FNDA:0,(anonymous_2)
FNDA:21,(anonymous_3)
FNDA:0,(anonymous_4)
FNDA:0,(anonymous_5)
DA:2,27
DA:6,31
DA:8,31
DA:9,31
DA:10,31
DA:11,31
DA:13,31
DA:14,31
DA:15,31
DA:16,31
DA:17,31
DA:18,31
DA:19,31
DA:20,177
DA:21,177
DA:22,31
DA:23,146
DA:24,46
DA:25,46
DA:26,100
DA:27,10
DA:28,10
DA:29,10
DA:30,10
DA:31,0
DA:33,90
DA:34,32
DA:35,58
DA:36,23
DA:37,23
DA:38,23
DA:39,20
DA:40,20
DA:41,2
DA:44,3
DA:45,3
DA:47,23
DA:48,23
DA:49,35
DA:50,27
DA:51,27
DA:53,27
DA:55,8
DA:57,177
DA:58,177
DA:61,31
DA:62,4
DA:63,4
DA:64,4
DA:65,0
DA:67,27
DA:68,9
DA:69,9
DA:70,7
DA:71,7
DA:72,1
DA:75,2
DA:76,2
DA:78,18
DA:79,2
DA:81,31
DA:82,1
DA:87,31
DA:88,46
DA:89,46
DA:90,46
DA:91,46
DA:92,27
DA:93,27
DA:94,27
DA:97,31
DA:98,46
DA:99,2
DA:105,0
DA:109,21
DA:113,0
DA:117,0
DA:121,27
DA:122,27
DA:123,27
DA:124,27
DA:125,27
DA:126,27
LF:83
LH:78
BRDA:19,0,0,208
BRDA:19,0,1,177
BRDA:21,1,0,31
BRDA:21,1,1,146
BRDA:21,2,0,177
BRDA:21,2,1,31
BRDA:23,3,0,46
BRDA:23,3,1,100
BRDA:23,4,0,146
BRDA:23,4,1,117
BRDA:23,4,2,48
BRDA:26,5,0,10
BRDA:26,5,1,90
BRDA:26,6,0,100
BRDA:26,6,1,42
BRDA:26,6,2,38
BRDA:27,7,0,4
BRDA:27,7,1,6
BRDA:30,8,0,0
BRDA:30,8,1,10
BRDA:30,9,0,10
BRDA:30,9,1,6
BRDA:33,10,0,32
BRDA:33,10,1,58
BRDA:33,11,0,90
BRDA:33,11,1,32
BRDA:35,12,0,23
BRDA:35,12,1,35
BRDA:35,13,0,58
BRDA:35,13,1,50
BRDA:35,13,2,37
BRDA:36,14,0,13
BRDA:36,14,1,10
BRDA:38,15,0,20
BRDA:38,15,1,3
BRDA:40,16,0,2
BRDA:40,16,1,18
BRDA:40,17,0,20
BRDA:40,17,1,9
BRDA:49,18,0,27
BRDA:49,18,1,8
BRDA:50,19,0,27
BRDA:50,19,1,0
BRDA:61,20,0,4
BRDA:61,20,1,27
BRDA:64,21,0,0
BRDA:64,21,1,4
BRDA:67,22,0,9
BRDA:67,22,1,18
BRDA:69,23,0,7
BRDA:69,23,1,2
BRDA:71,24,0,1
BRDA:71,24,1,6
BRDA:78,25,0,2
BRDA:78,25,1,16
BRDA:81,26,0,1
BRDA:81,26,1,30
BRDA:81,27,0,31
BRDA:81,27,1,31
BRDA:91,28,0,27
BRDA:91,28,1,19
BRDA:98,29,0,2
BRDA:98,29,1,44
BRF:63
BRH:60
end_of_record
TN:
SF:simplex\parser\logic\block\BlockWhile.js
FN:5,(anonymous_0)
FN:45,(anonymous_1)
FN:65,(anonymous_2)
FN:69,(anonymous_3)
FN:73,(anonymous_4)
FN:77,(anonymous_5)
FN:81,(anonymous_6)
FN:85,(anonymous_7)
FN:89,(anonymous_8)
FNF:9
FNH:7
FNDA:17,(anonymous_0)
FNDA:7,(anonymous_1)
FNDA:7,(anonymous_2)
FNDA:8,(anonymous_3)
FNDA:6,(anonymous_4)
FNDA:5,(anonymous_5)
FNDA:2,(anonymous_6)
FNDA:0,(anonymous_7)
FNDA:0,(anonymous_8)
DA:2,27
DA:6,17
DA:8,17
DA:9,17
DA:10,17
DA:11,17
DA:12,17
DA:13,17
DA:15,17
DA:16,17
DA:17,17
DA:18,17
DA:19,51
DA:20,17
DA:21,34
DA:22,17
DA:23,17
DA:24,17
DA:25,4
DA:26,4
DA:27,4
DA:28,13
DA:29,12
DA:30,12
DA:31,12
DA:32,12
DA:34,1
DA:36,39
DA:37,39
DA:40,17
DA:41,1
DA:46,7
DA:47,7
DA:48,7
DA:49,7
DA:50,1
DA:53,7
DA:54,6
DA:55,3
DA:56,3
DA:57,1
DA:60,3
DA:66,7
DA:70,8
DA:74,6
DA:78,5
DA:82,2
DA:86,0
DA:90,0
DA:94,27
DA:95,27
DA:96,27
DA:97,27
DA:98,27
LF:54
LH:52
BRDA:18,0,0,56
BRDA:18,0,1,51
BRDA:19,1,0,17
BRDA:19,1,1,34
BRDA:19,2,0,51
BRDA:19,2,1,17
BRDA:21,3,0,17
BRDA:21,3,1,17
BRDA:21,4,0,34
BRDA:21,4,1,18
BRDA:24,5,0,4
BRDA:24,5,1,13
BRDA:24,6,0,17
BRDA:24,6,1,16
BRDA:28,7,0,12
BRDA:28,7,1,1
BRDA:40,8,0,1
BRDA:40,8,1,16
BRDA:46,9,0,7
BRDA:46,9,1,0
BRDA:49,10,0,1
BRDA:49,10,1,6
BRDA:53,11,0,6
BRDA:53,11,1,1
BRDA:54,12,0,3
BRDA:54,12,1,3
BRDA:56,13,0,1
BRDA:56,13,1,2
BRF:28
BRH:27
end_of_record
TN:
SF:simplex\parser\logic\block\BlockWith.js
FN:5,(anonymous_0)
FN:45,(anonymous_1)
FN:65,(anonymous_2)
FN:69,(anonymous_3)
FN:73,(anonymous_4)
FN:77,(anonymous_5)
FN:81,(anonymous_6)
FN:85,(anonymous_7)
FNF:8
FNH:6
FNDA:7,(anonymous_0)
FNDA:7,(anonymous_1)
FNDA:6,(anonymous_2)
FNDA:5,(anonymous_3)
FNDA:2,(anonymous_4)
FNDA:6,(anonymous_5)
FNDA:0,(anonymous_6)
FNDA:0,(anonymous_7)
DA:2,27
DA:6,7
DA:8,7
DA:9,7
DA:10,7
DA:11,7
DA:12,7
DA:13,7
DA:15,7
DA:16,7
DA:17,7
DA:18,7
DA:19,21
DA:20,7
DA:21,14
DA:22,7
DA:23,7
DA:24,7
DA:25,3
DA:26,3
DA:27,3
DA:28,4
DA:29,3
DA:30,3
DA:31,3
DA:32,3
DA:34,1
DA:36,18
DA:37,18
DA:40,7
DA:41,1
DA:46,7
DA:47,7
DA:48,7
DA:49,7
DA:50,1
DA:53,7
DA:54,6
DA:55,3
DA:56,3
DA:57,1
DA:60,3
DA:66,6
DA:70,5
DA:74,2
DA:78,6
DA:82,0
DA:86,0
DA:90,27
DA:91,27
DA:92,27
DA:93,27
DA:94,27
LF:53
LH:51
BRDA:18,0,0,25
BRDA:18,0,1,21
BRDA:19,1,0,7
BRDA:19,1,1,14
BRDA:19,2,0,21
BRDA:19,2,1,7
BRDA:21,3,0,7
BRDA:21,3,1,7
BRDA:21,4,0,14
BRDA:21,4,1,8
BRDA:24,5,0,3
BRDA:24,5,1,4
BRDA:24,6,0,7
BRDA:24,6,1,6
BRDA:28,7,0,3
BRDA:28,7,1,1
BRDA:40,8,0,1
BRDA:40,8,1,6
BRDA:46,9,0,7
BRDA:46,9,1,0
BRDA:49,10,0,1
BRDA:49,10,1,6
BRDA:53,11,0,6
BRDA:53,11,1,1
BRDA:54,12,0,3
BRDA:54,12,1,3
BRDA:56,13,0,1
BRDA:56,13,1,2
BRF:28
BRH:27
end_of_record
TN:
SF:simplex\parser\logic\error\Error.js
FN:2,(anonymous_0)
FN:9,(anonymous_1)
FN:13,(anonymous_2)
FN:17,(anonymous_3)
FN:21,(anonymous_4)
FNF:5
FNH:2
FNDA:186,(anonymous_0)
FNDA:0,(anonymous_1)
FNDA:0,(anonymous_2)
FNDA:0,(anonymous_3)
FNDA:175,(anonymous_4)
DA:3,186
DA:4,186
DA:5,186
DA:6,186
DA:10,0
DA:14,0
DA:18,0
DA:22,175
DA:25,28
DA:26,28
DA:27,28
DA:28,28
DA:29,28
DA:30,28
DA:31,28
DA:32,28
DA:33,28
DA:34,28
DA:35,28
DA:36,28
DA:37,28
DA:38,28
DA:39,28
DA:40,28
DA:41,28
DA:42,28
DA:43,28
DA:44,28
DA:45,28
DA:46,28
DA:47,28
DA:48,28
DA:49,28
DA:50,28
DA:51,28
DA:52,28
DA:53,28
DA:54,28
DA:55,28
DA:56,28
DA:57,28
DA:58,28
DA:59,28
DA:60,28
DA:61,28
DA:62,28
DA:64,28
LF:47
LH:44
BRF:0
BRH:0
end_of_record
TN:
SF:simplex\parser\logic\line\Line.js
FN:2,(anonymous_0)
FN:7,(anonymous_1)
FN:11,(anonymous_2)
FN:15,(anonymous_3)
FN:19,(anonymous_4)
FN:23,(anonymous_5)
FNF:6
FNH:5
FNDA:688,(anonymous_0)
FNDA:123,(anonymous_1)
FNDA:0,(anonymous_2)
FNDA:6689,(anonymous_3)
FNDA:1282,(anonymous_4)
FNDA:88,(anonymous_5)
DA:3,688
DA:4,688
DA:8,123
DA:12,0
DA:16,6689
DA:20,1282
DA:24,88
DA:28,28
LF:8
LH:7
BRF:0
BRH:0
end_of_record
TN:
SF:simplex\parser\logic\line\LineChain.js
FN:5,(anonymous_0)
FN:18,(anonymous_1)
FN:22,(anonymous_2)
FN:26,(anonymous_3)
FN:33,(anonymous_4)
FN:40,(anonymous_5)
FNF:6
FNH:4
FNDA:446,(anonymous_0)
FNDA:136,(anonymous_1)
FNDA:114,(anonymous_2)
FNDA:0,(anonymous_3)
FNDA:53,(anonymous_4)
FNDA:0,(anonymous_5)
DA:2,27
DA:6,446
DA:8,446
DA:9,446
DA:10,446
DA:11,446
DA:12,485
DA:13,485
DA:14,485
DA:19,136
DA:23,114
DA:27,0
DA:28,0
DA:30,0
DA:34,53
DA:35,53
DA:37,0
DA:41,0
DA:42,0
DA:43,0
DA:44,0
DA:45,0
DA:47,0
DA:48,0
DA:50,0
DA:54,27
DA:55,27
LF:27
LH:15
BRDA:27,0,0,0
BRDA:27,0,1,0
BRDA:27,1,0,0
BRDA:27,1,1,0
BRDA:34,2,0,53
BRDA:34,2,1,0
BRDA:34,3,0,53
BRDA:34,3,1,53
BRDA:44,4,0,0
BRDA:44,4,1,0
BRDA:44,5,0,0
BRDA:44,5,1,0
BRF:12
BRH:3
end_of_record
TN:
SF:simplex\parser\logic\line\LineGroup.js
FN:6,(anonymous_0)
FN:25,(anonymous_1)
FN:31,(anonymous_2)
FN:46,(anonymous_3)
FN:59,(anonymous_4)
FN:74,(anonymous_5)
FN:88,(anonymous_6)
FN:92,(anonymous_7)
FN:96,(anonymous_8)
FN:100,(anonymous_9)
FN:104,(anonymous_10)
FN:108,(anonymous_11)
FN:112,(anonymous_12)
FN:116,(anonymous_13)
FN:120,(anonymous_14)
FN:131,(anonymous_15)
FNF:16
FNH:7
FNDA:94,(anonymous_0)
FNDA:0,(anonymous_1)
FNDA:5,(anonymous_2)
FNDA:3,(anonymous_3)
FNDA:77,(anonymous_4)
FNDA:9,(anonymous_5)
FNDA:10,(anonymous_6)
FNDA:0,(anonymous_7)
FNDA:0,(anonymous_8)
FNDA:0,(anonymous_9)
FNDA:0,(anonymous_10)
FNDA:0,(anonymous_11)
FNDA:0,(anonymous_12)
FNDA:157,(anonymous_13)
FNDA:0,(anonymous_14)
FNDA:0,(anonymous_15)
DA:2,27
DA:7,94
DA:8,94
DA:9,94
DA:11,0
DA:13,8
DA:14,5
DA:16,3
DA:19,77
DA:21,9
DA:26,0
DA:27,0
DA:28,0
DA:32,5
DA:33,5
DA:34,5
DA:35,5
DA:36,5
DA:38,5
DA:39,2
DA:41,0
DA:47,3
DA:48,3
DA:49,3
DA:50,3
DA:51,3
DA:52,3
DA:53,3
DA:54,0
DA:60,77
DA:61,77
DA:62,77
DA:63,77
DA:64,77
DA:65,77
DA:66,77
DA:67,77
DA:68,52
DA:69,4
DA:75,9
DA:76,9
DA:77,9
DA:78,9
DA:79,9
DA:80,9
DA:81,9
DA:82,9
DA:83,9
DA:84,9
DA:85,9
DA:89,10
DA:93,0
DA:97,0
DA:101,0
DA:105,0
DA:109,0
DA:113,0
DA:117,157
DA:121,0
DA:122,0
DA:123,0
DA:124,0
DA:125,0
DA:128,0
DA:132,0
DA:133,0
DA:135,0
DA:136,0
DA:138,0
DA:139,0
DA:141,0
DA:142,0
DA:144,0
DA:145,0
DA:147,0
DA:150,27
DA:151,27
DA:152,27
DA:153,27
DA:154,27
DA:156,27
DA:157,27
DA:158,27
DA:159,27
DA:160,27
LF:85
LH:56
BRDA:9,0,0,0
BRDA:9,0,1,8
BRDA:9,0,2,77
BRDA:9,0,3,9
BRDA:13,1,0,5
BRDA:13,1,1,3
BRDA:38,2,0,2
BRDA:38,2,1,3
BRDA:38,3,0,5
BRDA:38,3,1,3
BRDA:39,4,0,0
BRDA:39,4,1,2
BRDA:39,5,0,2
BRDA:39,5,1,2
BRDA:39,5,2,1
BRDA:52,6,0,3
BRDA:52,6,1,0
BRDA:52,7,0,3
BRDA:52,7,1,0
BRDA:53,8,0,0
BRDA:53,8,1,3
BRDA:53,9,0,3
BRDA:53,9,1,3
BRDA:53,9,2,0
BRDA:67,10,0,52
BRDA:67,10,1,25
BRDA:68,11,0,4
BRDA:68,11,1,48
BRDA:68,12,0,52
BRDA:68,12,1,50
BRDA:68,12,2,3
BRDA:121,13,0,0
BRDA:121,13,1,0
BRDA:121,14,0,0
BRDA:121,14,1,0
BRDA:122,15,0,0
BRDA:122,15,1,0
BRDA:122,16,0,0
BRDA:122,16,1,0
BRDA:124,17,0,0
BRDA:124,17,1,0
BRDA:132,18,0,0
BRDA:132,18,1,0
BRDA:135,19,0,0
BRDA:135,19,1,0
BRDA:138,20,0,0
BRDA:138,20,1,0
BRDA:141,21,0,0
BRDA:141,21,1,0
BRDA:144,22,0,0
BRDA:144,22,1,0
BRF:51
BRH:25
end_of_record
TN:
SF:simplex\parser\logic\line\LineOp.js
FN:4,(anonymous_0)
FN:7,(anonymous_1)
FN:10,(anonymous_2)
FN:13,(anonymous_3)
FN:16,(anonymous_4)
FN:19,(anonymous_5)
FNF:6
FNH:5
FNDA:148,(anonymous_0)
FNDA:611,(anonymous_1)
FNDA:1971,(anonymous_2)
FNDA:131,(anonymous_3)
FNDA:2666,(anonymous_4)
FNDA:0,(anonymous_5)
DA:1,27
DA:5,148
DA:8,611
DA:11,1971
DA:14,131
DA:17,2666
DA:20,0
DA:23,27
DA:25,27
LF:9
LH:8
BRF:0
BRH:0
end_of_record
TN:
SF:simplex\parser\logic\line\LineValue.js
FN:4,(anonymous_0)
FN:8,(anonymous_1)
FN:12,(anonymous_2)
FN:16,(anonymous_3)
FN:20,(anonymous_4)
FN:24,(anonymous_5)
FN:28,(anonymous_6)
FNF:7
FNH:5
FNDA:540,(anonymous_0)
FNDA:0,(anonymous_1)
FNDA:0,(anonymous_2)
FNDA:2,(anonymous_3)
FNDA:183,(anonymous_4)
FNDA:5615,(anonymous_5)
FNDA:2,(anonymous_6)
DA:1,28
DA:5,540
DA:9,0
DA:13,0
DA:17,2
DA:21,183
DA:25,5615
DA:29,2
DA:33,28
DA:34,28
DA:35,28
DA:36,28
DA:37,28
DA:39,28
LF:14
LH:12
BRF:0
BRH:0
end_of_record
TN:
SF:simplex\parser\logic\line\call\CallArray.js
FN:5,(anonymous_0)
FN:11,(anonymous_1)
FN:98,(anonymous_2)
FN:135,(anonymous_3)
FN:142,(anonymous_4)
FN:149,(anonymous_5)
FN:163,(anonymous_6)
FN:208,(anonymous_7)
FN:214,(anonymous_8)
FN:220,(anonymous_9)
FNF:10
FNH:10
FNDA:33,(anonymous_0)
FNDA:33,(anonymous_1)
FNDA:31,(anonymous_2)
FNDA:3,(anonymous_3)
FNDA:25,(anonymous_4)
FNDA:40,(anonymous_5)
FNDA:11,(anonymous_6)
FNDA:20,(anonymous_7)
FNDA:9,(anonymous_8)
FNDA:180,(anonymous_9)
DA:2,27
DA:6,33
DA:8,33
DA:12,33
DA:13,33
DA:14,33
DA:15,2
DA:17,33
DA:18,33
DA:19,33
DA:20,33
DA:21,33
DA:22,33
DA:23,33
DA:24,18
DA:25,1
DA:26,1
DA:27,17
DA:28,1
DA:29,1
DA:33,31
DA:34,31
DA:35,31
DA:36,79
DA:37,79
DA:38,40
DA:39,40
DA:40,39
DA:41,6
DA:42,2
DA:44,33
DA:45,10
DA:46,1
DA:48,9
DA:49,9
DA:51,23
DA:52,10
DA:53,10
DA:54,10
DA:55,10
DA:56,3
DA:58,7
DA:59,7
DA:61,13
DA:62,9
DA:63,9
DA:64,4
DA:65,4
DA:66,2
DA:67,2
DA:68,2
DA:69,2
DA:70,2
DA:72,2
DA:74,79
DA:75,79
DA:77,31
DA:78,21
DA:79,8
DA:81,13
DA:82,13
DA:85,10
DA:86,7
DA:87,7
DA:88,7
DA:90,3
DA:91,1
DA:95,31
DA:99,31
DA:100,31
DA:101,40
DA:102,29
DA:104,11
DA:105,3
DA:109,31
DA:110,2
DA:112,31
DA:113,40
DA:114,29
DA:115,29
DA:116,1
DA:119,40
DA:120,9
DA:121,9
DA:122,1
DA:125,40
DA:126,11
DA:127,17
DA:128,1
DA:136,3
DA:137,3
DA:138,0
DA:143,25
DA:150,40
DA:151,40
DA:153,31
DA:154,11
DA:156,20
DA:159,9
DA:164,11
DA:165,11
DA:166,11
DA:167,11
DA:168,11
DA:169,1
DA:172,11
DA:173,11
DA:174,11
DA:175,11
DA:176,11
DA:177,11
DA:178,27
DA:179,17
DA:180,17
DA:181,17
DA:182,10
DA:183,3
DA:184,7
DA:185,7
DA:186,7
DA:187,7
DA:188,7
DA:190,7
DA:191,7
DA:193,0
DA:195,27
DA:196,27
DA:198,11
DA:199,10
DA:200,10
DA:201,10
DA:203,1
DA:204,1
DA:209,20
DA:210,20
DA:211,20
DA:215,9
DA:216,9
DA:217,9
DA:221,180
DA:222,55
DA:224,125
DA:225,45
DA:227,80
DA:231,27
DA:232,27
DA:233,27
DA:234,27
DA:235,27
LF:149
LH:147
BRDA:14,0,0,2
BRDA:14,0,1,31
BRDA:23,1,0,18
BRDA:23,1,1,15
BRDA:23,2,0,33
BRDA:23,2,1,33
BRDA:24,3,0,1
BRDA:24,3,1,17
BRDA:27,4,0,1
BRDA:27,4,1,16
BRDA:27,5,0,17
BRDA:27,5,1,6
BRDA:35,6,0,110
BRDA:35,6,1,79
BRDA:37,7,0,40
BRDA:37,7,1,39
BRDA:37,8,0,79
BRDA:37,8,1,49
BRDA:37,8,2,42
BRDA:40,9,0,6
BRDA:40,9,1,33
BRDA:40,10,0,39
BRDA:40,10,1,26
BRDA:40,10,2,16
BRDA:41,11,0,2
BRDA:41,11,1,4
BRDA:44,12,0,10
BRDA:44,12,1,23
BRDA:44,13,0,33
BRDA:44,13,1,20
BRDA:45,14,0,1
BRDA:45,14,1,9
BRDA:51,15,0,10
BRDA:51,15,1,13
BRDA:51,16,0,23
BRDA:51,16,1,10
BRDA:55,17,0,3
BRDA:55,17,1,7
BRDA:55,18,0,10
BRDA:55,18,1,9
BRDA:61,19,0,9
BRDA:61,19,1,4
BRDA:61,20,0,13
BRDA:61,20,1,9
BRDA:64,21,0,0
BRDA:64,21,1,4
BRDA:64,22,0,4
BRDA:64,22,1,2
BRDA:65,23,0,2
BRDA:65,23,1,2
BRDA:65,24,0,4
BRDA:65,24,1,2
BRDA:77,25,0,21
BRDA:77,25,1,10
BRDA:78,26,0,8
BRDA:78,26,1,13
BRDA:78,27,0,21
BRDA:78,27,1,20
BRDA:85,28,0,7
BRDA:85,28,1,3
BRDA:90,29,0,1
BRDA:90,29,1,2
BRDA:101,30,0,29
BRDA:101,30,1,11
BRDA:104,31,0,3
BRDA:104,31,1,8
BRDA:109,32,0,2
BRDA:109,32,1,29
BRDA:113,33,0,29
BRDA:113,33,1,11
BRDA:113,34,0,40
BRDA:113,34,1,20
BRDA:115,35,0,1
BRDA:115,35,1,28
BRDA:115,36,0,29
BRDA:115,36,1,29
BRDA:119,37,0,9
BRDA:119,37,1,31
BRDA:121,38,0,1
BRDA:121,38,1,8
BRDA:121,39,0,9
BRDA:121,39,1,9
BRDA:125,40,0,11
BRDA:125,40,1,29
BRDA:127,41,0,1
BRDA:127,41,1,16
BRDA:127,42,0,17
BRDA:127,42,1,17
BRDA:137,43,0,0
BRDA:137,43,1,3
BRDA:137,44,0,3
BRDA:137,44,1,3
BRDA:137,44,2,3
BRDA:151,45,0,31
BRDA:151,45,1,9
BRDA:153,46,0,11
BRDA:153,46,1,20
BRDA:168,47,0,1
BRDA:168,47,1,10
BRDA:177,48,0,38
BRDA:177,48,1,27
BRDA:178,49,0,17
BRDA:178,49,1,10
BRDA:178,50,0,27
BRDA:178,50,1,16
BRDA:178,50,2,17
BRDA:182,51,0,3
BRDA:182,51,1,7
BRDA:182,52,0,10
BRDA:182,52,1,10
BRDA:184,53,0,7
BRDA:184,53,1,0
BRDA:184,54,0,7
BRDA:184,54,1,7
BRDA:187,55,0,7
BRDA:187,55,1,0
BRDA:198,56,0,10
BRDA:198,56,1,1
BRDA:200,57,0,10
BRDA:200,57,1,0
BRDA:203,58,0,1
BRDA:203,58,1,0
BRDA:221,59,0,55
BRDA:221,59,1,125
BRDA:224,60,0,45
BRDA:224,60,1,80
BRF:126
BRH:120
end_of_record
TN:
SF:simplex\parser\logic\line\call\CallField.js
FN:5,(anonymous_0)
FN:10,(anonymous_1)
FN:16,(anonymous_2)
FN:20,(anonymous_3)
FN:27,(anonymous_4)
FNF:5
FNH:4
FNDA:304,(anonymous_0)
FNDA:304,(anonymous_1)
FNDA:2,(anonymous_2)
FNDA:21,(anonymous_3)
FNDA:0,(anonymous_4)
DA:1,27
DA:6,304
DA:7,304
DA:11,304
DA:12,293
DA:17,2
DA:21,21
DA:22,21
DA:23,0
DA:28,0
DA:32,27
DA:33,27
LF:12
LH:10
BRDA:11,0,0,293
BRDA:11,0,1,11
BRDA:22,1,0,0
BRDA:22,1,1,21
BRDA:22,2,0,21
BRDA:22,2,1,21
BRDA:22,2,2,21
BRF:7
BRH:6
end_of_record
TN:
SF:simplex\parser\logic\line\call\CallFunction.js
FN:5,(anonymous_0)
FN:18,(anonymous_1)
FN:42,(anonymous_2)
FN:78,(anonymous_3)
FN:86,(anonymous_4)
FN:90,(anonymous_5)
FN:94,(anonymous_6)
FN:98,(anonymous_7)
FNF:8
FNH:7
FNDA:15,(anonymous_0)
FNDA:15,(anonymous_1)
FNDA:15,(anonymous_2)
FNDA:13,(anonymous_3)
FNDA:20,(anonymous_4)
FNDA:0,(anonymous_5)
FNDA:2,(anonymous_6)
FNDA:3,(anonymous_7)
DA:2,27
DA:6,15
DA:8,15
DA:9,15
DA:10,15
DA:11,15
DA:12,15
DA:14,15
DA:15,15
DA:19,15
DA:20,15
DA:21,15
DA:22,15
DA:23,44
DA:24,15
DA:25,29
DA:26,15
DA:27,15
DA:28,14
DA:29,13
DA:30,13
DA:32,1
DA:34,44
DA:35,44
DA:37,15
DA:38,2
DA:43,15
DA:44,15
DA:45,15
DA:46,15
DA:47,1
DA:50,15
DA:51,15
DA:52,15
DA:53,15
DA:54,26
DA:55,16
DA:56,16
DA:57,10
DA:58,9
DA:60,1
DA:62,26
DA:63,26
DA:66,15
DA:67,1
DA:70,15
DA:71,15
DA:72,16
DA:73,1
DA:79,13
DA:80,13
DA:81,13
DA:82,1
DA:87,20
DA:91,0
DA:95,2
DA:99,3
DA:100,3
DA:101,0
DA:106,27
DA:107,27
DA:108,27
DA:109,27
DA:110,27
DA:111,27
LF:65
LH:63
BRDA:22,0,0,59
BRDA:22,0,1,44
BRDA:23,1,0,15
BRDA:23,1,1,29
BRDA:23,2,0,44
BRDA:23,2,1,15
BRDA:25,3,0,15
BRDA:25,3,1,14
BRDA:25,4,0,29
BRDA:25,4,1,15
BRDA:28,5,0,13
BRDA:28,5,1,1
BRDA:28,6,0,14
BRDA:28,6,1,14
BRDA:37,7,0,2
BRDA:37,7,1,13
BRDA:46,8,0,1
BRDA:46,8,1,14
BRDA:53,9,0,41
BRDA:53,9,1,26
BRDA:54,10,0,16
BRDA:54,10,1,10
BRDA:54,11,0,26
BRDA:54,11,1,18
BRDA:54,11,2,17
BRDA:57,12,0,9
BRDA:57,12,1,1
BRDA:57,13,0,10
BRDA:57,13,1,9
BRDA:66,14,0,1
BRDA:66,14,1,14
BRDA:72,15,0,1
BRDA:72,15,1,15
BRDA:81,16,0,1
BRDA:81,16,1,12
BRDA:100,17,0,0
BRDA:100,17,1,3
BRDA:100,18,0,3
BRDA:100,18,1,3
BRDA:100,18,2,3
BRF:40
BRH:39
end_of_record
TN:
SF:simplex\parser\logic\line\call\CallGroup.js
FN:5,(anonymous_0)
FN:10,(anonymous_1)
FN:26,(anonymous_2)
FN:30,(anonymous_3)
FNF:4
FNH:4
FNDA:9,(anonymous_0)
FNDA:9,(anonymous_1)
FNDA:4,(anonymous_2)
FNDA:3,(anonymous_3)
DA:2,27
DA:6,9
DA:8,9
DA:11,9
DA:12,9
DA:13,9
DA:14,2
DA:15,1
DA:17,2
DA:19,7
DA:20,7
DA:21,1
DA:27,4
DA:31,3
DA:32,3
DA:33,0
DA:38,27
DA:39,27
DA:40,27
LF:19
LH:18
BRDA:13,0,0,2
BRDA:13,0,1,7
BRDA:14,1,0,1
BRDA:14,1,1,1
BRDA:20,2,0,1
BRDA:20,2,1,6
BRDA:32,3,0,0
BRDA:32,3,1,3
BRDA:32,4,0,3
BRDA:32,4,1,3
BRDA:32,4,2,3
BRF:11
BRH:10
end_of_record
TN:
SF:simplex\parser\logic\line\call\CallIndexer.js
FN:5,(anonymous_0)
FN:11,(anonymous_1)
FN:61,(anonymous_2)
FN:68,(anonymous_3)
FNF:4
FNH:4
FNDA:21,(anonymous_0)
FNDA:21,(anonymous_1)
FNDA:3,(anonymous_2)
FNDA:9,(anonymous_3)
DA:2,27
DA:6,21
DA:8,21
DA:12,21
DA:13,21
DA:14,21
DA:15,2
DA:18,21
DA:19,21
DA:20,21
DA:21,21
DA:22,21
DA:23,21
DA:24,33
DA:25,24
DA:26,24
DA:27,24
DA:28,9
DA:29,2
DA:30,7
DA:31,6
DA:32,6
DA:33,6
DA:34,6
DA:36,6
DA:37,6
DA:39,1
DA:41,33
DA:42,33
DA:45,21
DA:46,18
DA:47,18
DA:48,18
DA:50,3
DA:51,2
DA:54,21
DA:55,1
DA:56,20
DA:57,1
DA:62,3
DA:63,3
DA:64,0
DA:69,9
DA:73,27
DA:74,27
DA:75,27
DA:76,27
LF:47
LH:46
BRDA:14,0,0,2
BRDA:14,0,1,19
BRDA:23,1,0,54
BRDA:23,1,1,33
BRDA:24,2,0,24
BRDA:24,2,1,9
BRDA:24,3,0,33
BRDA:24,3,1,13
BRDA:24,3,2,25
BRDA:28,4,0,2
BRDA:28,4,1,7
BRDA:28,5,0,9
BRDA:28,5,1,8
BRDA:30,6,0,6
BRDA:30,6,1,1
BRDA:30,7,0,7
BRDA:30,7,1,6
BRDA:33,8,0,6
BRDA:33,8,1,0
BRDA:45,9,0,18
BRDA:45,9,1,3
BRDA:47,10,0,18
BRDA:47,10,1,0
BRDA:50,11,0,2
BRDA:50,11,1,1
BRDA:54,12,0,1
BRDA:54,12,1,20
BRDA:56,13,0,1
BRDA:56,13,1,19
BRDA:63,14,0,0
BRDA:63,14,1,3
BRDA:63,15,0,3
BRDA:63,15,1,3
BRDA:63,15,2,3
BRF:34
BRH:31
end_of_record
TN:
SF:simplex\parser\logic\line\call\CallMethod.js
FN:5,(anonymous_0)
FN:11,(anonymous_1)
FN:54,(anonymous_2)
FN:58,(anonymous_3)
FNF:4
FNH:4
FNDA:29,(anonymous_0)
FNDA:29,(anonymous_1)
FNDA:13,(anonymous_2)
FNDA:3,(anonymous_3)
DA:2,27
DA:6,29
DA:8,29
DA:12,29
DA:13,29
DA:14,29
DA:15,4
DA:18,29
DA:19,29
DA:20,29
DA:21,29
DA:22,29
DA:23,29
DA:24,29
DA:25,14
DA:26,14
DA:27,14
DA:28,15
DA:29,2
DA:30,13
DA:31,8
DA:32,8
DA:33,8
DA:34,8
DA:36,8
DA:37,8
DA:39,5
DA:41,29
DA:42,29
DA:44,29
DA:45,6
DA:46,6
DA:47,6
DA:49,23
DA:50,2
DA:55,13
DA:59,3
DA:60,3
DA:61,0
DA:66,27
DA:67,27
DA:68,27
DA:69,27
LF:43
LH:42
BRDA:14,0,0,4
BRDA:14,0,1,25
BRDA:23,1,0,58
BRDA:23,1,1,29
BRDA:24,2,0,14
BRDA:24,2,1,15
BRDA:24,3,0,29
BRDA:24,3,1,17
BRDA:24,3,2,19
BRDA:28,4,0,2
BRDA:28,4,1,13
BRDA:28,5,0,15
BRDA:28,5,1,10
BRDA:30,6,0,8
BRDA:30,6,1,5
BRDA:30,7,0,13
BRDA:30,7,1,8
BRDA:33,8,0,8
BRDA:33,8,1,0
BRDA:44,9,0,6
BRDA:44,9,1,23
BRDA:46,10,0,6
BRDA:46,10,1,0
BRDA:49,11,0,2
BRDA:49,11,1,21
BRDA:60,12,0,0
BRDA:60,12,1,3
BRDA:60,13,0,3
BRDA:60,13,1,3
BRDA:60,13,2,3
BRF:30
BRH:27
end_of_record
TN:
SF:simplex\parser\logic\line\call\CallStruct.js
FN:5,(anonymous_0)
FN:11,(anonymous_1)
FN:58,(anonymous_2)
FN:65,(anonymous_3)
FN:71,(anonymous_4)
FNF:5
FNH:5
FNDA:16,(anonymous_0)
FNDA:16,(anonymous_1)
FNDA:3,(anonymous_2)
FNDA:10,(anonymous_3)
FNDA:15,(anonymous_4)
DA:2,27
DA:6,16
DA:8,16
DA:12,16
DA:13,16
DA:14,16
DA:15,1
DA:18,16
DA:19,16
DA:20,16
DA:21,16
DA:22,16
DA:23,16
DA:24,58
DA:25,16
DA:26,16
DA:27,42
DA:28,1
DA:29,1
DA:30,1
DA:31,41
DA:32,16
DA:33,25
DA:34,15
DA:35,15
DA:36,10
DA:38,4
DA:39,3
DA:40,3
DA:41,3
DA:43,1
DA:45,58
DA:46,58
DA:49,16
DA:50,12
DA:51,12
DA:53,4
DA:54,3
DA:59,3
DA:60,3
DA:61,0
DA:66,10
DA:72,15
DA:73,15
DA:77,27
DA:78,27
DA:79,27
DA:80,27
LF:48
LH:47
BRDA:14,0,0,1
BRDA:14,0,1,15
BRDA:23,1,0,74
BRDA:23,1,1,58
BRDA:24,2,0,16
BRDA:24,2,1,42
BRDA:24,3,0,58
BRDA:24,3,1,43
BRDA:24,3,2,17
BRDA:27,4,0,1
BRDA:27,4,1,41
BRDA:27,5,0,42
BRDA:27,5,1,41
BRDA:27,5,2,1
BRDA:31,6,0,16
BRDA:31,6,1,25
BRDA:31,7,0,41
BRDA:31,7,1,17
BRDA:33,8,0,15
BRDA:33,8,1,10
BRDA:33,9,0,25
BRDA:33,9,1,15
BRDA:36,10,0,6
BRDA:36,10,1,4
BRDA:36,11,0,10
BRDA:36,11,1,9
BRDA:38,12,0,3
BRDA:38,12,1,1
BRDA:38,13,0,4
BRDA:38,13,1,3
BRDA:49,14,0,12
BRDA:49,14,1,4
BRDA:53,15,0,3
BRDA:53,15,1,1
BRDA:60,16,0,0
BRDA:60,16,1,3
BRDA:60,17,0,3
BRDA:60,17,1,3
BRDA:60,17,2,3
BRF:39
BRH:38
end_of_record
TN:
SF:simplex\parser\logic\line\call\CallValue.js
FN:5,(anonymous_0)
FN:13,(anonymous_1)
FN:66,(anonymous_2)
FN:70,(anonymous_3)
FN:74,(anonymous_4)
FN:78,(anonymous_5)
FN:83,(anonymous_6)
FN:87,(anonymous_7)
FN:92,isNumeric
FNF:9
FNH:6
FNDA:142,(anonymous_0)
FNDA:142,(anonymous_1)
FNDA:11,(anonymous_2)
FNDA:11,(anonymous_3)
FNDA:11,(anonymous_4)
FNDA:0,(anonymous_5)
FNDA:0,(anonymous_6)
FNDA:0,(anonymous_7)
FNDA:79,isNumeric
DA:2,28
DA:6,142
DA:8,142
DA:9,142
DA:10,142
DA:14,142
DA:15,4
DA:16,4
DA:17,4
DA:18,4
DA:19,4
DA:20,4
DA:21,29
DA:22,29
DA:23,0
DA:24,0
DA:25,29
DA:26,4
DA:27,25
DA:28,1
DA:29,24
DA:30,2
DA:32,29
DA:33,0
DA:36,4
DA:37,2
DA:38,2
DA:40,2
DA:42,138
DA:43,81
DA:44,81
DA:45,2
DA:46,1
DA:48,1
DA:50,79
DA:51,78
DA:53,1
DA:55,57
DA:56,53
DA:58,4
DA:59,2
DA:61,2
DA:62,2
DA:67,11
DA:71,11
DA:75,11
DA:79,0
DA:80,0
DA:84,0
DA:88,0
DA:93,79
DA:96,28
DA:97,28
DA:98,28
DA:99,28
LF:55
LH:48
BRDA:14,0,0,4
BRDA:14,0,1,138
BRDA:22,1,0,0
BRDA:22,1,1,29
BRDA:25,2,0,4
BRDA:25,2,1,25
BRDA:27,3,0,1
BRDA:27,3,1,24
BRDA:29,4,0,2
BRDA:29,4,1,22
BRDA:29,5,0,24
BRDA:29,5,1,3
BRDA:32,6,0,0
BRDA:32,6,1,29
BRDA:36,7,0,2
BRDA:36,7,1,2
BRDA:42,8,0,81
BRDA:42,8,1,57
BRDA:44,9,0,2
BRDA:44,9,1,79
BRDA:45,10,0,1
BRDA:45,10,1,1
BRDA:50,11,0,78
BRDA:50,11,1,1
BRDA:55,12,0,53
BRDA:55,12,1,4
BRDA:58,13,0,2
BRDA:58,13,1,2
BRDA:61,14,0,2
BRDA:61,14,1,0
BRDA:84,15,0,0
BRDA:84,15,1,0
BRDA:84,16,0,0
BRDA:84,16,1,0
BRF:34
BRH:27
end_of_record
TN:
SF:simplex\parser\logic\line\call\LineCall.js
FN:4,(anonymous_0)
FN:13,(anonymous_1)
FN:18,(anonymous_2)
FN:22,(anonymous_3)
FN:26,(anonymous_4)
FN:30,(anonymous_5)
FN:34,(anonymous_6)
FN:38,(anonymous_7)
FN:42,(anonymous_8)
FN:46,(anonymous_9)
FNF:10
FNH:8
FNDA:569,(anonymous_0)
FNDA:39,(anonymous_1)
FNDA:734,(anonymous_2)
FNDA:39,(anonymous_3)
FNDA:304,(anonymous_4)
FNDA:229,(anonymous_5)
FNDA:1559,(anonymous_6)
FNDA:899,(anonymous_7)
FNDA:0,(anonymous_8)
FNDA:0,(anonymous_9)
DA:5,569
DA:6,569
DA:8,569
DA:9,569
DA:10,569
DA:14,39
DA:15,39
DA:19,734
DA:23,39
DA:27,304
DA:31,229
DA:35,1559
DA:39,899
DA:43,0
DA:51,28
DA:52,28
DA:53,28
DA:54,28
DA:55,28
DA:56,28
DA:57,28
DA:58,28
DA:60,28
DA:61,28
DA:62,28
LF:25
LH:24
BRF:0
BRH:0
end_of_record
TN:
SF:simplex\support\AssertError.js
FN:2,(anonymous_0)
FN:7,(anonymous_1)
FN:11,(anonymous_2)
FN:15,(anonymous_3)
FN:19,(anonymous_4)
FN:23,(anonymous_5)
FN:27,(anonymous_6)
FNF:7
FNH:6
FNDA:0,(anonymous_0)
FNDA:23,(anonymous_1)
FNDA:32,(anonymous_2)
FNDA:19,(anonymous_3)
FNDA:95,(anonymous_4)
FNDA:60,(anonymous_5)
FNDA:10,(anonymous_6)
DA:3,0
DA:4,0
DA:8,23
DA:12,32
DA:16,19
DA:20,95
DA:24,60
DA:28,10
DA:29,10
DA:30,15
DA:34,29
LF:11
LH:9
BRF:0
BRH:0
end_of_record
TN:
SF:simplex\support\ContextSupport.js
FN:4,(anonymous_0)
FN:29,(anonymous_1)
FNF:2
FNH:2
FNDA:28,(anonymous_0)
FNDA:286,(anonymous_1)
DA:5,28
DA:6,28
DA:7,28
DA:8,28
DA:9,28
DA:10,41
DA:11,0
DA:12,0
DA:16,28
DA:17,0
DA:18,0
DA:19,0
DA:21,0
DA:22,0
DA:23,0
DA:25,0
DA:30,286
DA:31,286
DA:32,286
DA:33,286
DA:34,175
DA:35,0
DA:36,0
DA:40,286
DA:41,0
DA:42,0
DA:43,0
DA:45,0
DA:46,0
DA:47,0
DA:49,0
DA:54,27
DA:55,27
LF:33
LH:15
BRDA:8,0,0,28
BRDA:8,0,1,0
BRDA:10,1,0,0
BRDA:10,1,1,41
BRDA:16,2,0,0
BRDA:16,2,1,28
BRDA:32,3,0,286
BRDA:32,3,1,0
BRDA:34,4,0,0
BRDA:34,4,1,175
BRDA:40,5,0,0
BRDA:40,5,1,286
BRF:12
BRH:6
end_of_record
TN:
SF:simplex\support\LineCallChain.js
FN:8,(anonymous_0)
FN:12,(anonymous_1)
FN:25,(anonymous_2)
FN:68,(anonymous_3)
FN:86,(anonymous_4)
FNF:5
FNH:5
FNDA:51,(anonymous_0)
FNDA:132,(anonymous_1)
FNDA:51,(anonymous_2)
FNDA:75,(anonymous_3)
FNDA:49,(anonymous_4)
DA:1,2
DA:2,2
DA:3,2
DA:4,2
DA:5,2
DA:9,51
DA:13,132
DA:14,75
DA:15,5
DA:17,70
DA:20,57
DA:22,132
DA:26,51
DA:27,12
DA:28,0
DA:30,12
DA:31,12
DA:32,12
DA:34,39
DA:35,37
DA:36,37
DA:38,37
DA:39,120
DA:40,120
DA:41,120
DA:42,63
DA:43,63
DA:45,0
DA:47,57
DA:48,13
DA:49,13
DA:51,0
DA:53,44
DA:54,44
DA:55,44
DA:57,0
DA:61,2
DA:62,2
DA:64,0
DA:69,75
DA:70,75
DA:71,75
DA:72,82
DA:73,0
DA:75,82
DA:76,0
DA:78,82
DA:79,82
DA:81,75
DA:82,0
DA:87,49
DA:91,2
LF:52
LH:44
BRDA:13,0,0,75
BRDA:13,0,1,57
BRDA:14,1,0,5
BRDA:14,1,1,70
BRDA:14,2,0,75
BRDA:14,2,1,75
BRDA:26,3,0,12
BRDA:26,3,1,39
BRDA:27,4,0,0
BRDA:27,4,1,12
BRDA:34,5,0,37
BRDA:34,5,1,2
BRDA:41,6,0,63
BRDA:41,6,1,57
BRDA:42,7,0,63
BRDA:42,7,1,0
BRDA:47,8,0,13
BRDA:47,8,1,44
BRDA:48,9,0,13
BRDA:48,9,1,0
BRDA:53,10,0,44
BRDA:53,10,1,0
BRDA:54,11,0,44
BRDA:54,11,1,0
BRDA:61,12,0,2
BRDA:61,12,1,0
BRDA:72,13,0,0
BRDA:72,13,1,82
BRDA:75,14,0,0
BRDA:75,14,1,82
BRDA:81,15,0,0
BRDA:81,15,1,75
BRF:32
BRH:23
end_of_record
TN:
SF:simplex\support\TokenChain.js
FN:7,(anonymous_0)
FN:12,(anonymous_1)
FN:27,(anonymous_2)
FN:31,(anonymous_3)
FN:41,(anonymous_4)
FN:46,(anonymous_5)
FN:71,(anonymous_6)
FN:76,(anonymous_7)
FN:81,(anonymous_8)
FN:86,(anonymous_9)
FN:91,(anonymous_10)
FN:97,(anonymous_11)
FN:108,(anonymous_12)
FN:120,(anonymous_13)
FN:136,(anonymous_14)
FN:140,(anonymous_15)
FN:145,(anonymous_16)
FN:164,(anonymous_17)
FN:175,(anonymous_18)
FN:193,(anonymous_19)
FN:197,(anonymous_20)
FN:212,(anonymous_21)
FNF:22
FNH:19
FNDA:630,(anonymous_0)
FNDA:197,(anonymous_1)
FNDA:999,(anonymous_2)
FNDA:28,(anonymous_3)
FNDA:60,(anonymous_4)
FNDA:1943,(anonymous_5)
FNDA:66,(anonymous_6)
FNDA:3,(anonymous_7)
FNDA:58,(anonymous_8)
FNDA:7,(anonymous_9)
FNDA:3,(anonymous_10)
FNDA:544,(anonymous_11)
FNDA:86,(anonymous_12)
FNDA:58,(anonymous_13)
FNDA:33,(anonymous_14)
FNDA:38,(anonymous_15)
FNDA:155,(anonymous_16)
FNDA:155,(anonymous_17)
FNDA:131,(anonymous_18)
FNDA:0,(anonymous_19)
FNDA:0,(anonymous_20)
FNDA:0,(anonymous_21)
DA:8,630
DA:9,630
DA:13,197
DA:14,86
DA:15,86
DA:17,111
DA:18,111
DA:20,197
DA:21,197
DA:22,199
DA:23,199
DA:28,999
DA:32,28
DA:33,28
DA:36,22
DA:38,28
DA:42,60
DA:43,60
DA:47,1943
DA:49,1943
DA:50,201
DA:51,201
DA:52,201
DA:53,201
DA:54,154
DA:56,201
DA:60,1943
DA:61,1943
DA:62,1943
DA:63,1682
DA:64,1682
DA:65,1682
DA:66,1682
DA:68,1943
DA:72,66
DA:73,66
DA:77,3
DA:78,3
DA:82,58
DA:83,58
DA:87,7
DA:88,7
DA:92,3
DA:93,3
DA:94,3
DA:98,544
DA:99,544
DA:100,544
DA:101,544
DA:102,1577
DA:103,1577
DA:105,544
DA:109,86
DA:110,23
DA:111,63
DA:112,0
DA:113,63
DA:114,1
DA:116,62
DA:121,58
DA:123,58
DA:124,58
DA:125,0
DA:127,58
DA:128,50
DA:131,58
DA:132,0
DA:137,33
DA:141,38
DA:142,38
DA:146,155
DA:147,155
DA:148,155
DA:149,155
DA:150,473
DA:151,0
DA:153,473
DA:154,72
DA:156,473
DA:157,473
DA:159,155
DA:160,0
DA:165,155
DA:167,33
DA:169,38
DA:171,84
DA:176,131
DA:177,131
DA:178,131
DA:179,318
DA:180,0
DA:182,318
DA:183,9
DA:185,318
DA:186,318
DA:188,131
DA:189,0
DA:194,0
DA:198,0
DA:199,0
DA:200,0
DA:201,0
DA:202,0
DA:204,0
DA:205,0
DA:206,0
DA:209,0
DA:213,0
DA:215,0
DA:217,0
DA:222,29
DA:223,29
DA:224,29
DA:225,29
DA:226,29
LF:115
LH:95
BRDA:13,0,0,86
BRDA:13,0,1,111
BRDA:33,1,0,22
BRDA:33,1,1,6
BRDA:33,2,0,28
BRDA:33,2,1,12
BRDA:33,2,2,21
BRDA:33,2,3,9
BRDA:33,2,4,13
BRDA:33,2,5,7
BRDA:49,3,0,201
BRDA:49,3,1,1742
BRDA:51,4,0,201
BRDA:51,4,1,0
BRDA:109,5,0,23
BRDA:109,5,1,63
BRDA:111,6,0,0
BRDA:111,6,1,63
BRDA:113,7,0,1
BRDA:113,7,1,62
BRDA:121,8,0,58
BRDA:121,8,1,0
BRDA:123,9,0,58
BRDA:123,9,1,0
BRDA:123,10,0,58
BRDA:123,10,1,58
BRDA:124,11,0,0
BRDA:124,11,1,58
BRDA:124,12,0,58
BRDA:124,12,1,58
BRDA:127,13,0,50
BRDA:127,13,1,8
BRDA:127,14,0,58
BRDA:127,14,1,50
BRDA:131,15,0,0
BRDA:131,15,1,58
BRDA:146,16,0,0
BRDA:146,16,1,155
BRDA:149,17,0,628
BRDA:149,17,1,473
BRDA:150,18,0,0
BRDA:150,18,1,473
BRDA:150,19,0,473
BRDA:150,19,1,473
BRDA:153,20,0,72
BRDA:153,20,1,401
BRDA:153,21,0,473
BRDA:153,21,1,72
BRDA:159,22,0,0
BRDA:159,22,1,155
BRDA:165,23,0,33
BRDA:165,23,1,38
BRDA:165,23,2,84
BRDA:178,24,0,449
BRDA:178,24,1,318
BRDA:179,25,0,0
BRDA:179,25,1,318
BRDA:179,26,0,318
BRDA:179,26,1,318
BRDA:182,27,0,9
BRDA:182,27,1,309
BRDA:182,28,0,318
BRDA:182,28,1,9
BRDA:188,29,0,0
BRDA:188,29,1,131
BRDA:199,30,0,0
BRDA:199,30,1,0
BRDA:201,31,0,0
BRDA:201,31,1,0
BRDA:205,32,0,0
BRDA:205,32,1,0
BRDA:213,33,0,0
BRDA:213,33,1,0
BRF:73
BRH:54
end_of_record
